CRITICAL - 2022-04-05 09:01:32 --> syntax error, unexpected identifier "Ex", expecting "," or ";"
#0 /var/www/ava/system/View/View.php(213): CodeIgniter\View\View->CodeIgniter\View\{closure}()
#1 /var/www/ava/system/Common.php(1089): CodeIgniter\View\View->render()
#2 /var/www/ava/app/Controllers/CursoController.php(41): view()
#3 /var/www/ava/system/CodeIgniter.php(832): App\Controllers\CursoController->form()
#4 /var/www/ava/system/CodeIgniter.php(419): CodeIgniter\CodeIgniter->runController()
#5 /var/www/ava/system/CodeIgniter.php(326): CodeIgniter\CodeIgniter->handleRequest()
#6 /var/www/ava/public/index.php(37): CodeIgniter\CodeIgniter->run()
#7 {main}
CRITICAL - 2022-04-05 09:02:55 --> syntax error, unexpected token ";"
#0 /var/www/ava/system/View/View.php(213): CodeIgniter\View\View->CodeIgniter\View\{closure}()
#1 /var/www/ava/system/Common.php(1089): CodeIgniter\View\View->render()
#2 /var/www/ava/app/Controllers/CursoController.php(41): view()
#3 /var/www/ava/system/CodeIgniter.php(832): App\Controllers\CursoController->form()
#4 /var/www/ava/system/CodeIgniter.php(419): CodeIgniter\CodeIgniter->runController()
#5 /var/www/ava/system/CodeIgniter.php(326): CodeIgniter\CodeIgniter->handleRequest()
#6 /var/www/ava/public/index.php(37): CodeIgniter\CodeIgniter->run()
#7 {main}
ERROR - 2022-04-05 09:41:59 --> Cannot add or update a child row: a foreign key constraint fails (`ava`.`p_curso`, CONSTRAINT `p_curso_id_curso_status_foreign` FOREIGN KEY (`id_curso_status`) REFERENCES `p_curso_status` (`id_curso_status`) ON DELETE CASCADE ON UPDATE CASCADE)
CRITICAL - 2022-04-05 09:41:59 --> Cannot add or update a child row: a foreign key constraint fails (`ava`.`p_curso`, CONSTRAINT `p_curso_id_curso_status_foreign` FOREIGN KEY (`id_curso_status`) REFERENCES `p_curso_status` (`id_curso_status`) ON DELETE CASCADE ON UPDATE CASCADE)
#0 /var/www/ava/system/Database/MySQLi/Connection.php(292): mysqli->query()
#1 /var/www/ava/system/Database/BaseConnection.php(670): CodeIgniter\Database\MySQLi\Connection->execute()
#2 /var/www/ava/system/Database/BaseConnection.php(598): CodeIgniter\Database\BaseConnection->simpleQuery()
#3 /var/www/ava/system/Database/BaseBuilder.php(1771): CodeIgniter\Database\BaseConnection->query()
#4 /var/www/ava/system/Model.php(239): CodeIgniter\Database\BaseBuilder->insert()
#5 /var/www/ava/system/BaseModel.php(738): CodeIgniter\Model->doInsert()
#6 /var/www/ava/system/Model.php(625): CodeIgniter\BaseModel->insert()
#7 /var/www/ava/system/BaseModel.php(658): CodeIgniter\Model->insert()
#8 /var/www/ava/app/Controllers/CursoController.php(50): CodeIgniter\BaseModel->save()
#9 /var/www/ava/system/CodeIgniter.php(832): App\Controllers\CursoController->create()
#10 /var/www/ava/system/CodeIgniter.php(419): CodeIgniter\CodeIgniter->runController()
#11 /var/www/ava/system/CodeIgniter.php(326): CodeIgniter\CodeIgniter->handleRequest()
#12 /var/www/ava/public/index.php(37): CodeIgniter\CodeIgniter->run()
#13 {main}
ERROR - 2022-04-05 09:50:04 --> Cannot add or update a child row: a foreign key constraint fails (`ava`.`p_curso`, CONSTRAINT `p_curso_id_curso_status_foreign` FOREIGN KEY (`id_curso_status`) REFERENCES `p_curso_status` (`id_curso_status`) ON DELETE CASCADE ON UPDATE CASCADE)
CRITICAL - 2022-04-05 09:50:04 --> Cannot add or update a child row: a foreign key constraint fails (`ava`.`p_curso`, CONSTRAINT `p_curso_id_curso_status_foreign` FOREIGN KEY (`id_curso_status`) REFERENCES `p_curso_status` (`id_curso_status`) ON DELETE CASCADE ON UPDATE CASCADE)
#0 /var/www/ava/system/Database/MySQLi/Connection.php(292): mysqli->query()
#1 /var/www/ava/system/Database/BaseConnection.php(670): CodeIgniter\Database\MySQLi\Connection->execute()
#2 /var/www/ava/system/Database/BaseConnection.php(598): CodeIgniter\Database\BaseConnection->simpleQuery()
#3 /var/www/ava/system/Database/BaseBuilder.php(1771): CodeIgniter\Database\BaseConnection->query()
#4 /var/www/ava/system/Model.php(239): CodeIgniter\Database\BaseBuilder->insert()
#5 /var/www/ava/system/BaseModel.php(738): CodeIgniter\Model->doInsert()
#6 /var/www/ava/system/Model.php(625): CodeIgniter\BaseModel->insert()
#7 /var/www/ava/system/BaseModel.php(658): CodeIgniter\Model->insert()
#8 /var/www/ava/app/Controllers/CursoController.php(50): CodeIgniter\BaseModel->save()
#9 /var/www/ava/system/CodeIgniter.php(832): App\Controllers\CursoController->create()
#10 /var/www/ava/system/CodeIgniter.php(419): CodeIgniter\CodeIgniter->runController()
#11 /var/www/ava/system/CodeIgniter.php(326): CodeIgniter\CodeIgniter->handleRequest()
#12 /var/www/ava/public/index.php(37): CodeIgniter\CodeIgniter->run()
#13 {main}
ERROR - 2022-04-05 09:50:46 --> Cannot add or update a child row: a foreign key constraint fails (`ava`.`p_curso`, CONSTRAINT `p_curso_id_curso_tipo_foreign` FOREIGN KEY (`id_curso_tipo`) REFERENCES `p_curso_tipo` (`id_curso_tipo`) ON DELETE CASCADE ON UPDATE CASCADE)
CRITICAL - 2022-04-05 09:50:46 --> Cannot add or update a child row: a foreign key constraint fails (`ava`.`p_curso`, CONSTRAINT `p_curso_id_curso_tipo_foreign` FOREIGN KEY (`id_curso_tipo`) REFERENCES `p_curso_tipo` (`id_curso_tipo`) ON DELETE CASCADE ON UPDATE CASCADE)
#0 /var/www/ava/system/Database/MySQLi/Connection.php(292): mysqli->query()
#1 /var/www/ava/system/Database/BaseConnection.php(670): CodeIgniter\Database\MySQLi\Connection->execute()
#2 /var/www/ava/system/Database/BaseConnection.php(598): CodeIgniter\Database\BaseConnection->simpleQuery()
#3 /var/www/ava/system/Database/BaseBuilder.php(1913): CodeIgniter\Database\BaseConnection->query()
#4 /var/www/ava/system/Model.php(298): CodeIgniter\Database\BaseBuilder->update()
#5 /var/www/ava/system/BaseModel.php(865): CodeIgniter\Model->doUpdate()
#6 /var/www/ava/system/Model.php(651): CodeIgniter\BaseModel->update()
#7 /var/www/ava/system/BaseModel.php(656): CodeIgniter\Model->update()
#8 /var/www/ava/app/Controllers/CursoController.php(50): CodeIgniter\BaseModel->save()
#9 /var/www/ava/system/CodeIgniter.php(832): App\Controllers\CursoController->create()
#10 /var/www/ava/system/CodeIgniter.php(419): CodeIgniter\CodeIgniter->runController()
#11 /var/www/ava/system/CodeIgniter.php(326): CodeIgniter\CodeIgniter->handleRequest()
#12 /var/www/ava/public/index.php(37): CodeIgniter\CodeIgniter->run()
#13 {main}
CRITICAL - 2022-04-05 09:56:29 --> Undefined variable $builder
#0 /var/www/ava/app/Controllers/CursoController.php(50): CodeIgniter\Debug\Exceptions->errorHandler()
#1 /var/www/ava/system/CodeIgniter.php(832): App\Controllers\CursoController->create()
#2 /var/www/ava/system/CodeIgniter.php(419): CodeIgniter\CodeIgniter->runController()
#3 /var/www/ava/system/CodeIgniter.php(326): CodeIgniter\CodeIgniter->handleRequest()
#4 /var/www/ava/public/index.php(37): CodeIgniter\CodeIgniter->run()
#5 {main}
CRITICAL - 2022-04-05 09:56:37 --> Undefined variable $builder
#0 /var/www/ava/app/Controllers/CursoController.php(50): CodeIgniter\Debug\Exceptions->errorHandler()
#1 /var/www/ava/system/CodeIgniter.php(832): App\Controllers\CursoController->create()
#2 /var/www/ava/system/CodeIgniter.php(419): CodeIgniter\CodeIgniter->runController()
#3 /var/www/ava/system/CodeIgniter.php(326): CodeIgniter\CodeIgniter->handleRequest()
#4 /var/www/ava/public/index.php(37): CodeIgniter\CodeIgniter->run()
#5 {main}
CRITICAL - 2022-04-05 09:57:14 --> Undefined variable $builder
#0 /var/www/ava/app/Controllers/CursoController.php(51): CodeIgniter\Debug\Exceptions->errorHandler()
#1 /var/www/ava/system/CodeIgniter.php(832): App\Controllers\CursoController->create()
#2 /var/www/ava/system/CodeIgniter.php(419): CodeIgniter\CodeIgniter->runController()
#3 /var/www/ava/system/CodeIgniter.php(326): CodeIgniter\CodeIgniter->handleRequest()
#4 /var/www/ava/public/index.php(37): CodeIgniter\CodeIgniter->run()
#5 {main}
ERROR - 2022-04-05 09:57:44 --> Cannot add or update a child row: a foreign key constraint fails (`ava`.`p_curso`, CONSTRAINT `p_curso_id_curso_tipo_foreign` FOREIGN KEY (`id_curso_tipo`) REFERENCES `p_curso_tipo` (`id_curso_tipo`) ON DELETE CASCADE ON UPDATE CASCADE)
CRITICAL - 2022-04-05 09:57:44 --> Cannot add or update a child row: a foreign key constraint fails (`ava`.`p_curso`, CONSTRAINT `p_curso_id_curso_tipo_foreign` FOREIGN KEY (`id_curso_tipo`) REFERENCES `p_curso_tipo` (`id_curso_tipo`) ON DELETE CASCADE ON UPDATE CASCADE)
#0 /var/www/ava/system/Database/MySQLi/Connection.php(292): mysqli->query()
#1 /var/www/ava/system/Database/BaseConnection.php(670): CodeIgniter\Database\MySQLi\Connection->execute()
#2 /var/www/ava/system/Database/BaseConnection.php(598): CodeIgniter\Database\BaseConnection->simpleQuery()
#3 /var/www/ava/system/Database/BaseBuilder.php(1913): CodeIgniter\Database\BaseConnection->query()
#4 /var/www/ava/system/Model.php(298): CodeIgniter\Database\BaseBuilder->update()
#5 /var/www/ava/system/BaseModel.php(865): CodeIgniter\Model->doUpdate()
#6 /var/www/ava/system/Model.php(651): CodeIgniter\BaseModel->update()
#7 /var/www/ava/system/BaseModel.php(656): CodeIgniter\Model->update()
#8 /var/www/ava/app/Controllers/CursoController.php(52): CodeIgniter\BaseModel->save()
#9 /var/www/ava/system/CodeIgniter.php(832): App\Controllers\CursoController->create()
#10 /var/www/ava/system/CodeIgniter.php(419): CodeIgniter\CodeIgniter->runController()
#11 /var/www/ava/system/CodeIgniter.php(326): CodeIgniter\CodeIgniter->handleRequest()
#12 /var/www/ava/public/index.php(37): CodeIgniter\CodeIgniter->run()
#13 {main}
CRITICAL - 2022-04-05 09:58:46 --> syntax error, unexpected token ";", expecting ")"
#0 /var/www/ava/system/Router/Router.php(175): CodeIgniter\Router\Router->autoRoute()
#1 /var/www/ava/system/CodeIgniter.php(726): CodeIgniter\Router\Router->handle()
#2 /var/www/ava/system/CodeIgniter.php(368): CodeIgniter\CodeIgniter->tryToRouteIt()
#3 /var/www/ava/system/CodeIgniter.php(326): CodeIgniter\CodeIgniter->handleRequest()
#4 /var/www/ava/public/index.php(37): CodeIgniter\CodeIgniter->run()
#5 {main}
CRITICAL - 2022-04-05 09:59:09 --> Call to undefined method CodeIgniter\HTTP\IncomingRequest::etCompiledSelect()
#0 /var/www/ava/system/CodeIgniter.php(832): App\Controllers\CursoController->create()
#1 /var/www/ava/system/CodeIgniter.php(419): CodeIgniter\CodeIgniter->runController()
#2 /var/www/ava/system/CodeIgniter.php(326): CodeIgniter\CodeIgniter->handleRequest()
#3 /var/www/ava/public/index.php(37): CodeIgniter\CodeIgniter->run()
#4 {main}
CRITICAL - 2022-04-05 10:00:12 --> Call to undefined method CodeIgniter\HTTP\IncomingRequest::etCompiledSelect()
#0 /var/www/ava/system/CodeIgniter.php(832): App\Controllers\CursoController->create()
#1 /var/www/ava/system/CodeIgniter.php(419): CodeIgniter\CodeIgniter->runController()
#2 /var/www/ava/system/CodeIgniter.php(326): CodeIgniter\CodeIgniter->handleRequest()
#3 /var/www/ava/public/index.php(37): CodeIgniter\CodeIgniter->run()
#4 {main}
CRITICAL - 2022-04-05 10:00:22 --> Call to undefined method CodeIgniter\HTTP\IncomingRequest::getCompiledSelect()
#0 /var/www/ava/system/CodeIgniter.php(832): App\Controllers\CursoController->create()
#1 /var/www/ava/system/CodeIgniter.php(419): CodeIgniter\CodeIgniter->runController()
#2 /var/www/ava/system/CodeIgniter.php(326): CodeIgniter\CodeIgniter->handleRequest()
#3 /var/www/ava/public/index.php(37): CodeIgniter\CodeIgniter->run()
#4 {main}
CRITICAL - 2022-04-05 10:00:26 --> Call to undefined method CodeIgniter\HTTP\IncomingRequest::getCompiledSelect()
#0 /var/www/ava/system/CodeIgniter.php(832): App\Controllers\CursoController->create()
#1 /var/www/ava/system/CodeIgniter.php(419): CodeIgniter\CodeIgniter->runController()
#2 /var/www/ava/system/CodeIgniter.php(326): CodeIgniter\CodeIgniter->handleRequest()
#3 /var/www/ava/public/index.php(37): CodeIgniter\CodeIgniter->run()
#4 {main}
CRITICAL - 2022-04-05 10:00:41 --> Call to undefined method CodeIgniter\HTTP\IncomingRequest::getCompiledSelect()
#0 /var/www/ava/system/CodeIgniter.php(832): App\Controllers\CursoController->create()
#1 /var/www/ava/system/CodeIgniter.php(419): CodeIgniter\CodeIgniter->runController()
#2 /var/www/ava/system/CodeIgniter.php(326): CodeIgniter\CodeIgniter->handleRequest()
#3 /var/www/ava/public/index.php(37): CodeIgniter\CodeIgniter->run()
#4 {main}
ERROR - 2022-04-05 10:02:09 --> Cannot add or update a child row: a foreign key constraint fails (`ava`.`p_curso`, CONSTRAINT `p_curso_id_curso_tipo_foreign` FOREIGN KEY (`id_curso_tipo`) REFERENCES `p_curso_tipo` (`id_curso_tipo`) ON DELETE CASCADE ON UPDATE CASCADE)
CRITICAL - 2022-04-05 10:02:09 --> Cannot add or update a child row: a foreign key constraint fails (`ava`.`p_curso`, CONSTRAINT `p_curso_id_curso_tipo_foreign` FOREIGN KEY (`id_curso_tipo`) REFERENCES `p_curso_tipo` (`id_curso_tipo`) ON DELETE CASCADE ON UPDATE CASCADE)
#0 /var/www/ava/system/Database/MySQLi/Connection.php(292): mysqli->query()
#1 /var/www/ava/system/Database/BaseConnection.php(670): CodeIgniter\Database\MySQLi\Connection->execute()
#2 /var/www/ava/system/Database/BaseConnection.php(598): CodeIgniter\Database\BaseConnection->simpleQuery()
#3 /var/www/ava/system/Database/BaseBuilder.php(1913): CodeIgniter\Database\BaseConnection->query()
#4 /var/www/ava/system/Model.php(298): CodeIgniter\Database\BaseBuilder->update()
#5 /var/www/ava/system/BaseModel.php(865): CodeIgniter\Model->doUpdate()
#6 /var/www/ava/system/Model.php(651): CodeIgniter\BaseModel->update()
#7 /var/www/ava/system/BaseModel.php(656): CodeIgniter\Model->update()
#8 /var/www/ava/app/Controllers/CursoController.php(52): CodeIgniter\BaseModel->save()
#9 /var/www/ava/system/CodeIgniter.php(832): App\Controllers\CursoController->create()
#10 /var/www/ava/system/CodeIgniter.php(419): CodeIgniter\CodeIgniter->runController()
#11 /var/www/ava/system/CodeIgniter.php(326): CodeIgniter\CodeIgniter->handleRequest()
#12 /var/www/ava/public/index.php(37): CodeIgniter\CodeIgniter->run()
#13 {main}
ERROR - 2022-04-05 10:02:54 --> Cannot add or update a child row: a foreign key constraint fails (`ava`.`p_curso`, CONSTRAINT `p_curso_id_curso_tipo_foreign` FOREIGN KEY (`id_curso_tipo`) REFERENCES `p_curso_tipo` (`id_curso_tipo`) ON DELETE CASCADE ON UPDATE CASCADE)
CRITICAL - 2022-04-05 10:02:54 --> Cannot add or update a child row: a foreign key constraint fails (`ava`.`p_curso`, CONSTRAINT `p_curso_id_curso_tipo_foreign` FOREIGN KEY (`id_curso_tipo`) REFERENCES `p_curso_tipo` (`id_curso_tipo`) ON DELETE CASCADE ON UPDATE CASCADE)
#0 /var/www/ava/system/Database/MySQLi/Connection.php(292): mysqli->query()
#1 /var/www/ava/system/Database/BaseConnection.php(670): CodeIgniter\Database\MySQLi\Connection->execute()
#2 /var/www/ava/system/Database/BaseConnection.php(598): CodeIgniter\Database\BaseConnection->simpleQuery()
#3 /var/www/ava/system/Database/BaseBuilder.php(1913): CodeIgniter\Database\BaseConnection->query()
#4 /var/www/ava/system/Model.php(298): CodeIgniter\Database\BaseBuilder->update()
#5 /var/www/ava/system/BaseModel.php(865): CodeIgniter\Model->doUpdate()
#6 /var/www/ava/system/Model.php(651): CodeIgniter\BaseModel->update()
#7 /var/www/ava/system/BaseModel.php(656): CodeIgniter\Model->update()
#8 /var/www/ava/app/Controllers/CursoController.php(52): CodeIgniter\BaseModel->save()
#9 /var/www/ava/system/CodeIgniter.php(832): App\Controllers\CursoController->create()
#10 /var/www/ava/system/CodeIgniter.php(419): CodeIgniter\CodeIgniter->runController()
#11 /var/www/ava/system/CodeIgniter.php(326): CodeIgniter\CodeIgniter->handleRequest()
#12 /var/www/ava/public/index.php(37): CodeIgniter\CodeIgniter->run()
#13 {main}
ERROR - 2022-04-05 10:02:57 --> Cannot add or update a child row: a foreign key constraint fails (`ava`.`p_curso`, CONSTRAINT `p_curso_id_curso_tipo_foreign` FOREIGN KEY (`id_curso_tipo`) REFERENCES `p_curso_tipo` (`id_curso_tipo`) ON DELETE CASCADE ON UPDATE CASCADE)
CRITICAL - 2022-04-05 10:02:57 --> Cannot add or update a child row: a foreign key constraint fails (`ava`.`p_curso`, CONSTRAINT `p_curso_id_curso_tipo_foreign` FOREIGN KEY (`id_curso_tipo`) REFERENCES `p_curso_tipo` (`id_curso_tipo`) ON DELETE CASCADE ON UPDATE CASCADE)
#0 /var/www/ava/system/Database/MySQLi/Connection.php(292): mysqli->query()
#1 /var/www/ava/system/Database/BaseConnection.php(670): CodeIgniter\Database\MySQLi\Connection->execute()
#2 /var/www/ava/system/Database/BaseConnection.php(598): CodeIgniter\Database\BaseConnection->simpleQuery()
#3 /var/www/ava/system/Database/BaseBuilder.php(1913): CodeIgniter\Database\BaseConnection->query()
#4 /var/www/ava/system/Model.php(298): CodeIgniter\Database\BaseBuilder->update()
#5 /var/www/ava/system/BaseModel.php(865): CodeIgniter\Model->doUpdate()
#6 /var/www/ava/system/Model.php(651): CodeIgniter\BaseModel->update()
#7 /var/www/ava/system/BaseModel.php(656): CodeIgniter\Model->update()
#8 /var/www/ava/app/Controllers/CursoController.php(52): CodeIgniter\BaseModel->save()
#9 /var/www/ava/system/CodeIgniter.php(832): App\Controllers\CursoController->create()
#10 /var/www/ava/system/CodeIgniter.php(419): CodeIgniter\CodeIgniter->runController()
#11 /var/www/ava/system/CodeIgniter.php(326): CodeIgniter\CodeIgniter->handleRequest()
#12 /var/www/ava/public/index.php(37): CodeIgniter\CodeIgniter->run()
#13 {main}
ERROR - 2022-04-05 10:06:47 --> Cannot add or update a child row: a foreign key constraint fails (`ava`.`s_certificado_emitido`, CONSTRAINT `s_certificado_emitido_cod_aluno_foreign` FOREIGN KEY (`cod_aluno`) REFERENCES `s_user` (`cod_aluno`) ON DELETE CASCADE ON UPDATE CASCADE)
CRITICAL - 2022-04-05 10:06:47 --> Cannot add or update a child row: a foreign key constraint fails (`ava`.`s_certificado_emitido`, CONSTRAINT `s_certificado_emitido_cod_aluno_foreign` FOREIGN KEY (`cod_aluno`) REFERENCES `s_user` (`cod_aluno`) ON DELETE CASCADE ON UPDATE CASCADE)
#0 /var/www/ava/system/Database/MySQLi/Connection.php(292): mysqli->query()
#1 /var/www/ava/system/Database/BaseConnection.php(670): CodeIgniter\Database\MySQLi\Connection->execute()
#2 /var/www/ava/system/Database/BaseConnection.php(598): CodeIgniter\Database\BaseConnection->simpleQuery()
#3 /var/www/ava/app/Controllers/CertificadoController.php(145): CodeIgniter\Database\BaseConnection->query()
#4 /var/www/ava/system/CodeIgniter.php(832): App\Controllers\CertificadoController->geraCodigo()
#5 /var/www/ava/system/CodeIgniter.php(419): CodeIgniter\CodeIgniter->runController()
#6 /var/www/ava/system/CodeIgniter.php(326): CodeIgniter\CodeIgniter->handleRequest()
#7 /var/www/ava/public/index.php(37): CodeIgniter\CodeIgniter->run()
#8 {main}
CRITICAL - 2022-04-05 10:08:00 --> Undefined property: App\Controllers\CursoController::$model
#0 /var/www/ava/app/Controllers/CursoController.php(91): CodeIgniter\Debug\Exceptions->errorHandler()
#1 /var/www/ava/system/CodeIgniter.php(832): App\Controllers\CursoController->delete()
#2 /var/www/ava/system/CodeIgniter.php(419): CodeIgniter\CodeIgniter->runController()
#3 /var/www/ava/system/CodeIgniter.php(326): CodeIgniter\CodeIgniter->handleRequest()
#4 /var/www/ava/public/index.php(37): CodeIgniter\CodeIgniter->run()
#5 {main}
CRITICAL - 2022-04-05 10:08:21 --> Undefined property: App\Controllers\CursoController::$model
#0 /var/www/ava/app/Controllers/CursoController.php(92): CodeIgniter\Debug\Exceptions->errorHandler()
#1 /var/www/ava/system/CodeIgniter.php(832): App\Controllers\CursoController->delete()
#2 /var/www/ava/system/CodeIgniter.php(419): CodeIgniter\CodeIgniter->runController()
#3 /var/www/ava/system/CodeIgniter.php(326): CodeIgniter\CodeIgniter->handleRequest()
#4 /var/www/ava/public/index.php(37): CodeIgniter\CodeIgniter->run()
#5 {main}
CRITICAL - 2022-04-05 10:08:47 --> Undefined property: App\Controllers\CursoController::$model
#0 /var/www/ava/app/Controllers/CursoController.php(92): CodeIgniter\Debug\Exceptions->errorHandler()
#1 /var/www/ava/system/CodeIgniter.php(832): App\Controllers\CursoController->delete()
#2 /var/www/ava/system/CodeIgniter.php(419): CodeIgniter\CodeIgniter->runController()
#3 /var/www/ava/system/CodeIgniter.php(326): CodeIgniter\CodeIgniter->handleRequest()
#4 /var/www/ava/public/index.php(37): CodeIgniter\CodeIgniter->run()
#5 {main}
CRITICAL - 2022-04-05 10:09:19 --> Undefined property: App\Controllers\CursoController::$model
#0 /var/www/ava/app/Controllers/CursoController.php(92): CodeIgniter\Debug\Exceptions->errorHandler()
#1 /var/www/ava/system/CodeIgniter.php(832): App\Controllers\CursoController->delete()
#2 /var/www/ava/system/CodeIgniter.php(419): CodeIgniter\CodeIgniter->runController()
#3 /var/www/ava/system/CodeIgniter.php(326): CodeIgniter\CodeIgniter->handleRequest()
#4 /var/www/ava/public/index.php(37): CodeIgniter\CodeIgniter->run()
#5 {main}
CRITICAL - 2022-04-05 10:10:34 --> Undefined variable $builder
#0 /var/www/ava/app/Controllers/CursoController.php(95): CodeIgniter\Debug\Exceptions->errorHandler()
#1 /var/www/ava/system/CodeIgniter.php(832): App\Controllers\CursoController->delete()
#2 /var/www/ava/system/CodeIgniter.php(419): CodeIgniter\CodeIgniter->runController()
#3 /var/www/ava/system/CodeIgniter.php(326): CodeIgniter\CodeIgniter->handleRequest()
#4 /var/www/ava/public/index.php(37): CodeIgniter\CodeIgniter->run()
#5 {main}
ERROR - 2022-04-05 10:16:45 --> Unknown column 'id' in 'where clause'
CRITICAL - 2022-04-05 10:16:45 --> Unknown column 'id' in 'where clause'
#0 /var/www/ava/system/Database/MySQLi/Connection.php(292): mysqli->query()
#1 /var/www/ava/system/Database/BaseConnection.php(670): CodeIgniter\Database\MySQLi\Connection->execute()
#2 /var/www/ava/system/Database/BaseConnection.php(598): CodeIgniter\Database\BaseConnection->simpleQuery()
#3 /var/www/ava/system/Database/BaseBuilder.php(2225): CodeIgniter\Database\BaseConnection->query()
#4 /var/www/ava/app/Controllers/CursoController.php(93): CodeIgniter\Database\BaseBuilder->delete()
#5 /var/www/ava/system/CodeIgniter.php(832): App\Controllers\CursoController->delete()
#6 /var/www/ava/system/CodeIgniter.php(419): CodeIgniter\CodeIgniter->runController()
#7 /var/www/ava/system/CodeIgniter.php(326): CodeIgniter\CodeIgniter->handleRequest()
#8 /var/www/ava/public/index.php(37): CodeIgniter\CodeIgniter->run()
#9 {main}
CRITICAL - 2022-04-05 12:21:04 --> Cannot declare class App\Database\Migrations\P_Curso, because the name is already in use
#0 [internal function]: CodeIgniter\Debug\Exceptions->shutdownHandler()
#1 {main}
ERROR - 2022-04-05 12:42:44 --> Table 'ava.p_status' doesn't exist
ERROR - 2022-04-05 12:43:24 --> Table 'ava.p_status' doesn't exist
ERROR - 2022-04-05 12:55:00 --> Unknown column 'id_curso_status' in 'field list'
CRITICAL - 2022-04-05 13:07:05 --> Undefined array key "id_curso"
#0 /var/www/ava/app/Views/curso/curso.php(45): CodeIgniter\Debug\Exceptions->errorHandler()
#1 /var/www/ava/system/View/View.php(210): include('...')
#2 /var/www/ava/system/View/View.php(213): CodeIgniter\View\View->CodeIgniter\View\{closure}()
#3 /var/www/ava/system/Common.php(1089): CodeIgniter\View\View->render()
#4 /var/www/ava/app/Controllers/CursoController.php(30): view()
#5 /var/www/ava/system/CodeIgniter.php(832): App\Controllers\CursoController->index()
#6 /var/www/ava/system/CodeIgniter.php(419): CodeIgniter\CodeIgniter->runController()
#7 /var/www/ava/system/CodeIgniter.php(326): CodeIgniter\CodeIgniter->handleRequest()
#8 /var/www/ava/public/index.php(37): CodeIgniter\CodeIgniter->run()
#9 {main}
CRITICAL - 2022-04-05 13:35:09 --> Undefined property: App\Controllers\CursoController::$model
#0 /var/www/ava/app/Controllers/CursoController.php(63): CodeIgniter\Debug\Exceptions->errorHandler()
#1 /var/www/ava/system/CodeIgniter.php(832): App\Controllers\CursoController->update()
#2 /var/www/ava/system/CodeIgniter.php(419): CodeIgniter\CodeIgniter->runController()
#3 /var/www/ava/system/CodeIgniter.php(326): CodeIgniter\CodeIgniter->handleRequest()
#4 /var/www/ava/public/index.php(37): CodeIgniter\CodeIgniter->run()
#5 {main}
CRITICAL - 2022-04-05 13:39:32 --> Undefined property: App\Controllers\CursoController::$model
#0 /var/www/ava/app/Controllers/CursoController.php(65): CodeIgniter\Debug\Exceptions->errorHandler()
#1 /var/www/ava/system/CodeIgniter.php(832): App\Controllers\CursoController->update()
#2 /var/www/ava/system/CodeIgniter.php(419): CodeIgniter\CodeIgniter->runController()
#3 /var/www/ava/system/CodeIgniter.php(326): CodeIgniter\CodeIgniter->handleRequest()
#4 /var/www/ava/public/index.php(37): CodeIgniter\CodeIgniter->run()
#5 {main}
CRITICAL - 2022-04-05 13:39:48 --> Call to undefined method App\Models\CursoModel::init_update
#0 /var/www/ava/app/Controllers/CursoController.php(65): CodeIgniter\Model->__call()
#1 /var/www/ava/system/CodeIgniter.php(832): App\Controllers\CursoController->update()
#2 /var/www/ava/system/CodeIgniter.php(419): CodeIgniter\CodeIgniter->runController()
#3 /var/www/ava/system/CodeIgniter.php(326): CodeIgniter\CodeIgniter->handleRequest()
#4 /var/www/ava/public/index.php(37): CodeIgniter\CodeIgniter->run()
#5 {main}
CRITICAL - 2022-04-05 13:50:04 --> Undefined variable $builder
#0 /var/www/ava/app/Controllers/CursoController.php(69): CodeIgniter\Debug\Exceptions->errorHandler()
#1 /var/www/ava/system/CodeIgniter.php(832): App\Controllers\CursoController->update()
#2 /var/www/ava/system/CodeIgniter.php(419): CodeIgniter\CodeIgniter->runController()
#3 /var/www/ava/system/CodeIgniter.php(326): CodeIgniter\CodeIgniter->handleRequest()
#4 /var/www/ava/public/index.php(37): CodeIgniter\CodeIgniter->run()
#5 {main}
CRITICAL - 2022-04-05 13:55:33 --> Undefined variable $builder
#0 /var/www/ava/app/Controllers/CursoController.php(69): CodeIgniter\Debug\Exceptions->errorHandler()
#1 /var/www/ava/system/CodeIgniter.php(832): App\Controllers\CursoController->update()
#2 /var/www/ava/system/CodeIgniter.php(419): CodeIgniter\CodeIgniter->runController()
#3 /var/www/ava/system/CodeIgniter.php(326): CodeIgniter\CodeIgniter->handleRequest()
#4 /var/www/ava/public/index.php(37): CodeIgniter\CodeIgniter->run()
#5 {main}
CRITICAL - 2022-04-05 13:56:17 --> Undefined variable $id
#0 /var/www/ava/app/Controllers/CursoController.php(69): CodeIgniter\Debug\Exceptions->errorHandler()
#1 /var/www/ava/system/CodeIgniter.php(832): App\Controllers\CursoController->update()
#2 /var/www/ava/system/CodeIgniter.php(419): CodeIgniter\CodeIgniter->runController()
#3 /var/www/ava/system/CodeIgniter.php(326): CodeIgniter\CodeIgniter->handleRequest()
#4 /var/www/ava/public/index.php(37): CodeIgniter\CodeIgniter->run()
#5 {main}
CRITICAL - 2022-04-05 13:57:21 --> Undefined variable $data
#0 /var/www/ava/app/Controllers/CursoController.php(70): CodeIgniter\Debug\Exceptions->errorHandler()
#1 /var/www/ava/system/CodeIgniter.php(832): App\Controllers\CursoController->update()
#2 /var/www/ava/system/CodeIgniter.php(419): CodeIgniter\CodeIgniter->runController()
#3 /var/www/ava/system/CodeIgniter.php(326): CodeIgniter\CodeIgniter->handleRequest()
#4 /var/www/ava/public/index.php(37): CodeIgniter\CodeIgniter->run()
#5 {main}
CRITICAL - 2022-04-05 13:57:22 --> Undefined variable $data
#0 /var/www/ava/app/Controllers/CursoController.php(70): CodeIgniter\Debug\Exceptions->errorHandler()
#1 /var/www/ava/system/CodeIgniter.php(832): App\Controllers\CursoController->update()
#2 /var/www/ava/system/CodeIgniter.php(419): CodeIgniter\CodeIgniter->runController()
#3 /var/www/ava/system/CodeIgniter.php(326): CodeIgniter\CodeIgniter->handleRequest()
#4 /var/www/ava/public/index.php(37): CodeIgniter\CodeIgniter->run()
#5 {main}
CRITICAL - 2022-04-05 13:57:29 --> There is no data to update.
#0 /var/www/ava/system/BaseModel.php(1574): CodeIgniter\Database\Exceptions\DataException::forEmptyDataset()
#1 /var/www/ava/system/BaseModel.php(832): CodeIgniter\BaseModel->transformDataToArray()
#2 /var/www/ava/system/Model.php(651): CodeIgniter\BaseModel->update()
#3 /var/www/ava/app/Controllers/CursoController.php(70): CodeIgniter\Model->update()
#4 /var/www/ava/system/CodeIgniter.php(832): App\Controllers\CursoController->update()
#5 /var/www/ava/system/CodeIgniter.php(419): CodeIgniter\CodeIgniter->runController()
#6 /var/www/ava/system/CodeIgniter.php(326): CodeIgniter\CodeIgniter->handleRequest()
#7 /var/www/ava/public/index.php(37): CodeIgniter\CodeIgniter->run()
#8 {main}
CRITICAL - 2022-04-05 13:57:38 --> There is no data to update.
#0 /var/www/ava/system/BaseModel.php(1574): CodeIgniter\Database\Exceptions\DataException::forEmptyDataset()
#1 /var/www/ava/system/BaseModel.php(832): CodeIgniter\BaseModel->transformDataToArray()
#2 /var/www/ava/system/Model.php(651): CodeIgniter\BaseModel->update()
#3 /var/www/ava/app/Controllers/CursoController.php(70): CodeIgniter\Model->update()
#4 /var/www/ava/system/CodeIgniter.php(832): App\Controllers\CursoController->update()
#5 /var/www/ava/system/CodeIgniter.php(419): CodeIgniter\CodeIgniter->runController()
#6 /var/www/ava/system/CodeIgniter.php(326): CodeIgniter\CodeIgniter->handleRequest()
#7 /var/www/ava/public/index.php(37): CodeIgniter\CodeIgniter->run()
#8 {main}
CRITICAL - 2022-04-05 13:59:37 --> CodeIgniter\BaseModel::transformDataToArray(): Return value must be of type array, string returned
#0 /var/www/ava/system/BaseModel.php(832): CodeIgniter\BaseModel->transformDataToArray()
#1 /var/www/ava/system/Model.php(651): CodeIgniter\BaseModel->update()
#2 /var/www/ava/app/Controllers/CursoController.php(70): CodeIgniter\Model->update()
#3 /var/www/ava/system/CodeIgniter.php(832): App\Controllers\CursoController->update()
#4 /var/www/ava/system/CodeIgniter.php(419): CodeIgniter\CodeIgniter->runController()
#5 /var/www/ava/system/CodeIgniter.php(326): CodeIgniter\CodeIgniter->handleRequest()
#6 /var/www/ava/public/index.php(37): CodeIgniter\CodeIgniter->run()
#7 {main}
CRITICAL - 2022-04-05 13:59:55 --> CodeIgniter\BaseModel::transformDataToArray(): Return value must be of type array, string returned
#0 /var/www/ava/system/BaseModel.php(832): CodeIgniter\BaseModel->transformDataToArray()
#1 /var/www/ava/system/Model.php(651): CodeIgniter\BaseModel->update()
#2 /var/www/ava/app/Controllers/CursoController.php(70): CodeIgniter\Model->update()
#3 /var/www/ava/system/CodeIgniter.php(832): App\Controllers\CursoController->update()
#4 /var/www/ava/system/CodeIgniter.php(419): CodeIgniter\CodeIgniter->runController()
#5 /var/www/ava/system/CodeIgniter.php(326): CodeIgniter\CodeIgniter->handleRequest()
#6 /var/www/ava/public/index.php(37): CodeIgniter\CodeIgniter->run()
#7 {main}
CRITICAL - 2022-04-05 14:01:08 --> Call to undefined function App\Controllers\getPost()
#0 /var/www/ava/system/CodeIgniter.php(832): App\Controllers\CursoController->update()
#1 /var/www/ava/system/CodeIgniter.php(419): CodeIgniter\CodeIgniter->runController()
#2 /var/www/ava/system/CodeIgniter.php(326): CodeIgniter\CodeIgniter->handleRequest()
#3 /var/www/ava/public/index.php(37): CodeIgniter\CodeIgniter->run()
#4 {main}
CRITICAL - 2022-04-05 14:01:36 --> Call to undefined function App\Controllers\getVar()
#0 /var/www/ava/system/CodeIgniter.php(832): App\Controllers\CursoController->update()
#1 /var/www/ava/system/CodeIgniter.php(419): CodeIgniter\CodeIgniter->runController()
#2 /var/www/ava/system/CodeIgniter.php(326): CodeIgniter\CodeIgniter->handleRequest()
#3 /var/www/ava/public/index.php(37): CodeIgniter\CodeIgniter->run()
#4 {main}
CRITICAL - 2022-04-05 14:20:28 --> syntax error, unexpected token "=", expecting "]"
#0 /var/www/ava/system/View/View.php(213): CodeIgniter\View\View->CodeIgniter\View\{closure}()
#1 /var/www/ava/system/Common.php(1089): CodeIgniter\View\View->render()
#2 /var/www/ava/app/Controllers/CursoController.php(25): view()
#3 /var/www/ava/system/CodeIgniter.php(832): App\Controllers\CursoController->index()
#4 /var/www/ava/system/CodeIgniter.php(419): CodeIgniter\CodeIgniter->runController()
#5 /var/www/ava/system/CodeIgniter.php(326): CodeIgniter\CodeIgniter->handleRequest()
#6 /var/www/ava/public/index.php(37): CodeIgniter\CodeIgniter->run()
#7 {main}
CRITICAL - 2022-04-05 14:20:36 --> Array to string conversion
#0 /var/www/ava/app/Views/curso/curso.php(43): CodeIgniter\Debug\Exceptions->errorHandler()
#1 /var/www/ava/system/View/View.php(210): include('...')
#2 /var/www/ava/system/View/View.php(213): CodeIgniter\View\View->CodeIgniter\View\{closure}()
#3 /var/www/ava/system/Common.php(1089): CodeIgniter\View\View->render()
#4 /var/www/ava/app/Controllers/CursoController.php(25): view()
#5 /var/www/ava/system/CodeIgniter.php(832): App\Controllers\CursoController->index()
#6 /var/www/ava/system/CodeIgniter.php(419): CodeIgniter\CodeIgniter->runController()
#7 /var/www/ava/system/CodeIgniter.php(326): CodeIgniter\CodeIgniter->handleRequest()
#8 /var/www/ava/public/index.php(37): CodeIgniter\CodeIgniter->run()
#9 {main}
CRITICAL - 2022-04-05 14:20:42 --> Array to string conversion
#0 /var/www/ava/app/Views/curso/curso.php(43): CodeIgniter\Debug\Exceptions->errorHandler()
#1 /var/www/ava/system/View/View.php(210): include('...')
#2 /var/www/ava/system/View/View.php(213): CodeIgniter\View\View->CodeIgniter\View\{closure}()
#3 /var/www/ava/system/Common.php(1089): CodeIgniter\View\View->render()
#4 /var/www/ava/app/Controllers/CursoController.php(25): view()
#5 /var/www/ava/system/CodeIgniter.php(832): App\Controllers\CursoController->index()
#6 /var/www/ava/system/CodeIgniter.php(419): CodeIgniter\CodeIgniter->runController()
#7 /var/www/ava/system/CodeIgniter.php(326): CodeIgniter\CodeIgniter->handleRequest()
#8 /var/www/ava/public/index.php(37): CodeIgniter\CodeIgniter->run()
#9 {main}
CRITICAL - 2022-04-05 14:23:27 --> Array to string conversion
#0 /var/www/ava/app/Views/curso/curso.php(51): CodeIgniter\Debug\Exceptions->errorHandler()
#1 /var/www/ava/system/View/View.php(210): include('...')
#2 /var/www/ava/system/View/View.php(213): CodeIgniter\View\View->CodeIgniter\View\{closure}()
#3 /var/www/ava/system/Common.php(1089): CodeIgniter\View\View->render()
#4 /var/www/ava/app/Controllers/CursoController.php(25): view()
#5 /var/www/ava/system/CodeIgniter.php(832): App\Controllers\CursoController->index()
#6 /var/www/ava/system/CodeIgniter.php(419): CodeIgniter\CodeIgniter->runController()
#7 /var/www/ava/system/CodeIgniter.php(326): CodeIgniter\CodeIgniter->handleRequest()
#8 /var/www/ava/public/index.php(37): CodeIgniter\CodeIgniter->run()
#9 {main}
CRITICAL - 2022-04-05 14:34:07 --> Undefined array key "id_status"
#0 /var/www/ava/app/Controllers/CursoController.php(71): CodeIgniter\Debug\Exceptions->errorHandler()
#1 /var/www/ava/system/CodeIgniter.php(832): App\Controllers\CursoController->update()
#2 /var/www/ava/system/CodeIgniter.php(419): CodeIgniter\CodeIgniter->runController()
#3 /var/www/ava/system/CodeIgniter.php(326): CodeIgniter\CodeIgniter->handleRequest()
#4 /var/www/ava/public/index.php(37): CodeIgniter\CodeIgniter->run()
#5 {main}
CRITICAL - 2022-04-05 14:34:43 --> Undefined array key "id_status"
#0 /var/www/ava/app/Controllers/CursoController.php(69): CodeIgniter\Debug\Exceptions->errorHandler()
#1 /var/www/ava/system/CodeIgniter.php(832): App\Controllers\CursoController->update()
#2 /var/www/ava/system/CodeIgniter.php(419): CodeIgniter\CodeIgniter->runController()
#3 /var/www/ava/system/CodeIgniter.php(326): CodeIgniter\CodeIgniter->handleRequest()
#4 /var/www/ava/public/index.php(37): CodeIgniter\CodeIgniter->run()
#5 {main}
CRITICAL - 2022-04-05 14:34:54 --> Attempt to read property "id_status" on array
#0 /var/www/ava/app/Controllers/CursoController.php(69): CodeIgniter\Debug\Exceptions->errorHandler()
#1 /var/www/ava/system/CodeIgniter.php(832): App\Controllers\CursoController->update()
#2 /var/www/ava/system/CodeIgniter.php(419): CodeIgniter\CodeIgniter->runController()
#3 /var/www/ava/system/CodeIgniter.php(326): CodeIgniter\CodeIgniter->handleRequest()
#4 /var/www/ava/public/index.php(37): CodeIgniter\CodeIgniter->run()
#5 {main}
CRITICAL - 2022-04-05 14:35:06 --> syntax error, unexpected token "=>", expecting ")"
#0 /var/www/ava/system/Router/Router.php(175): CodeIgniter\Router\Router->autoRoute()
#1 /var/www/ava/system/CodeIgniter.php(726): CodeIgniter\Router\Router->handle()
#2 /var/www/ava/system/CodeIgniter.php(368): CodeIgniter\CodeIgniter->tryToRouteIt()
#3 /var/www/ava/system/CodeIgniter.php(326): CodeIgniter\CodeIgniter->handleRequest()
#4 /var/www/ava/public/index.php(37): CodeIgniter\CodeIgniter->run()
#5 {main}
CRITICAL - 2022-04-05 14:35:37 --> Attempt to read property "id_status" on array
#0 /var/www/ava/app/Controllers/CursoController.php(69): CodeIgniter\Debug\Exceptions->errorHandler()
#1 /var/www/ava/system/CodeIgniter.php(832): App\Controllers\CursoController->update()
#2 /var/www/ava/system/CodeIgniter.php(419): CodeIgniter\CodeIgniter->runController()
#3 /var/www/ava/system/CodeIgniter.php(326): CodeIgniter\CodeIgniter->handleRequest()
#4 /var/www/ava/public/index.php(37): CodeIgniter\CodeIgniter->run()
#5 {main}
CRITICAL - 2022-04-05 14:35:44 --> Undefined array key "curso"
#0 /var/www/ava/app/Controllers/CursoController.php(69): CodeIgniter\Debug\Exceptions->errorHandler()
#1 /var/www/ava/system/CodeIgniter.php(832): App\Controllers\CursoController->update()
#2 /var/www/ava/system/CodeIgniter.php(419): CodeIgniter\CodeIgniter->runController()
#3 /var/www/ava/system/CodeIgniter.php(326): CodeIgniter\CodeIgniter->handleRequest()
#4 /var/www/ava/public/index.php(37): CodeIgniter\CodeIgniter->run()
#5 {main}
CRITICAL - 2022-04-05 14:35:54 --> Undefined array key "id_status"
#0 /var/www/ava/app/Controllers/CursoController.php(69): CodeIgniter\Debug\Exceptions->errorHandler()
#1 /var/www/ava/system/CodeIgniter.php(832): App\Controllers\CursoController->update()
#2 /var/www/ava/system/CodeIgniter.php(419): CodeIgniter\CodeIgniter->runController()
#3 /var/www/ava/system/CodeIgniter.php(326): CodeIgniter\CodeIgniter->handleRequest()
#4 /var/www/ava/public/index.php(37): CodeIgniter\CodeIgniter->run()
#5 {main}
CRITICAL - 2022-04-05 14:36:16 --> Attempt to read property "id_status" on array
#0 /var/www/ava/app/Controllers/CursoController.php(69): CodeIgniter\Debug\Exceptions->errorHandler()
#1 /var/www/ava/system/CodeIgniter.php(832): App\Controllers\CursoController->update()
#2 /var/www/ava/system/CodeIgniter.php(419): CodeIgniter\CodeIgniter->runController()
#3 /var/www/ava/system/CodeIgniter.php(326): CodeIgniter\CodeIgniter->handleRequest()
#4 /var/www/ava/public/index.php(37): CodeIgniter\CodeIgniter->run()
#5 {main}
CRITICAL - 2022-04-05 14:36:20 --> Attempt to read property "id_status" on array
#0 /var/www/ava/app/Controllers/CursoController.php(69): CodeIgniter\Debug\Exceptions->errorHandler()
#1 /var/www/ava/system/CodeIgniter.php(832): App\Controllers\CursoController->update()
#2 /var/www/ava/system/CodeIgniter.php(419): CodeIgniter\CodeIgniter->runController()
#3 /var/www/ava/system/CodeIgniter.php(326): CodeIgniter\CodeIgniter->handleRequest()
#4 /var/www/ava/public/index.php(37): CodeIgniter\CodeIgniter->run()
#5 {main}
CRITICAL - 2022-04-05 14:36:42 --> Undefined array key "id_status"
#0 /var/www/ava/app/Controllers/CursoController.php(69): CodeIgniter\Debug\Exceptions->errorHandler()
#1 /var/www/ava/system/CodeIgniter.php(832): App\Controllers\CursoController->update()
#2 /var/www/ava/system/CodeIgniter.php(419): CodeIgniter\CodeIgniter->runController()
#3 /var/www/ava/system/CodeIgniter.php(326): CodeIgniter\CodeIgniter->handleRequest()
#4 /var/www/ava/public/index.php(37): CodeIgniter\CodeIgniter->run()
#5 {main}
CRITICAL - 2022-04-05 14:36:48 --> Undefined array key "id_status"
#0 /var/www/ava/app/Controllers/CursoController.php(69): CodeIgniter\Debug\Exceptions->errorHandler()
#1 /var/www/ava/system/CodeIgniter.php(832): App\Controllers\CursoController->update()
#2 /var/www/ava/system/CodeIgniter.php(419): CodeIgniter\CodeIgniter->runController()
#3 /var/www/ava/system/CodeIgniter.php(326): CodeIgniter\CodeIgniter->handleRequest()
#4 /var/www/ava/public/index.php(37): CodeIgniter\CodeIgniter->run()
#5 {main}
CRITICAL - 2022-04-05 14:36:53 --> Undefined array key "id_status"
#0 /var/www/ava/app/Controllers/CursoController.php(69): CodeIgniter\Debug\Exceptions->errorHandler()
#1 /var/www/ava/system/CodeIgniter.php(832): App\Controllers\CursoController->update()
#2 /var/www/ava/system/CodeIgniter.php(419): CodeIgniter\CodeIgniter->runController()
#3 /var/www/ava/system/CodeIgniter.php(326): CodeIgniter\CodeIgniter->handleRequest()
#4 /var/www/ava/public/index.php(37): CodeIgniter\CodeIgniter->run()
#5 {main}
CRITICAL - 2022-04-05 14:37:11 --> Attempt to read property "id_status" on array
#0 /var/www/ava/app/Controllers/CursoController.php(69): CodeIgniter\Debug\Exceptions->errorHandler()
#1 /var/www/ava/system/CodeIgniter.php(832): App\Controllers\CursoController->update()
#2 /var/www/ava/system/CodeIgniter.php(419): CodeIgniter\CodeIgniter->runController()
#3 /var/www/ava/system/CodeIgniter.php(326): CodeIgniter\CodeIgniter->handleRequest()
#4 /var/www/ava/public/index.php(37): CodeIgniter\CodeIgniter->run()
#5 {main}
CRITICAL - 2022-04-05 14:37:23 --> Undefined array key "id_status"
#0 /var/www/ava/app/Controllers/CursoController.php(71): CodeIgniter\Debug\Exceptions->errorHandler()
#1 /var/www/ava/system/CodeIgniter.php(832): App\Controllers\CursoController->update()
#2 /var/www/ava/system/CodeIgniter.php(419): CodeIgniter\CodeIgniter->runController()
#3 /var/www/ava/system/CodeIgniter.php(326): CodeIgniter\CodeIgniter->handleRequest()
#4 /var/www/ava/public/index.php(37): CodeIgniter\CodeIgniter->run()
#5 {main}
CRITICAL - 2022-04-05 14:37:36 --> Attempt to read property "id_status" on array
#0 /var/www/ava/app/Controllers/CursoController.php(69): CodeIgniter\Debug\Exceptions->errorHandler()
#1 /var/www/ava/system/CodeIgniter.php(832): App\Controllers\CursoController->update()
#2 /var/www/ava/system/CodeIgniter.php(419): CodeIgniter\CodeIgniter->runController()
#3 /var/www/ava/system/CodeIgniter.php(326): CodeIgniter\CodeIgniter->handleRequest()
#4 /var/www/ava/public/index.php(37): CodeIgniter\CodeIgniter->run()
#5 {main}
CRITICAL - 2022-04-05 14:37:49 --> Attempt to read property "id_status" on array
#0 /var/www/ava/app/Controllers/CursoController.php(69): CodeIgniter\Debug\Exceptions->errorHandler()
#1 /var/www/ava/system/CodeIgniter.php(832): App\Controllers\CursoController->update()
#2 /var/www/ava/system/CodeIgniter.php(419): CodeIgniter\CodeIgniter->runController()
#3 /var/www/ava/system/CodeIgniter.php(326): CodeIgniter\CodeIgniter->handleRequest()
#4 /var/www/ava/public/index.php(37): CodeIgniter\CodeIgniter->run()
#5 {main}
CRITICAL - 2022-04-05 14:38:01 --> Attempt to read property "id_status" on array
#0 /var/www/ava/app/Controllers/CursoController.php(69): CodeIgniter\Debug\Exceptions->errorHandler()
#1 /var/www/ava/system/CodeIgniter.php(832): App\Controllers\CursoController->update()
#2 /var/www/ava/system/CodeIgniter.php(419): CodeIgniter\CodeIgniter->runController()
#3 /var/www/ava/system/CodeIgniter.php(326): CodeIgniter\CodeIgniter->handleRequest()
#4 /var/www/ava/public/index.php(37): CodeIgniter\CodeIgniter->run()
#5 {main}
CRITICAL - 2022-04-05 14:38:07 --> Attempt to read property "id_status" on array
#0 /var/www/ava/app/Controllers/CursoController.php(69): CodeIgniter\Debug\Exceptions->errorHandler()
#1 /var/www/ava/system/CodeIgniter.php(832): App\Controllers\CursoController->update()
#2 /var/www/ava/system/CodeIgniter.php(419): CodeIgniter\CodeIgniter->runController()
#3 /var/www/ava/system/CodeIgniter.php(326): CodeIgniter\CodeIgniter->handleRequest()
#4 /var/www/ava/public/index.php(37): CodeIgniter\CodeIgniter->run()
#5 {main}
