CRITICAL - 2022-04-14 08:10:07 --> Undefined array key "id_tratamento"
#0 /var/www/ava/app/Views/users/form.php(87): CodeIgniter\Debug\Exceptions->errorHandler()
#1 /var/www/ava/system/View/View.php(210): include('...')
#2 /var/www/ava/system/View/View.php(213): CodeIgniter\View\View->CodeIgniter\View\{closure}()
#3 /var/www/ava/system/Common.php(1089): CodeIgniter\View\View->render()
#4 /var/www/ava/app/Controllers/UserController.php(91): view()
#5 /var/www/ava/system/CodeIgniter.php(832): App\Controllers\UserController->cad_user()
#6 /var/www/ava/system/CodeIgniter.php(419): CodeIgniter\CodeIgniter->runController()
#7 /var/www/ava/system/CodeIgniter.php(326): CodeIgniter\CodeIgniter->handleRequest()
#8 /var/www/ava/public/index.php(37): CodeIgniter\CodeIgniter->run()
#9 {main}
CRITICAL - 2022-04-14 08:10:20 --> Undefined array key "id_tratamento"
#0 /var/www/ava/app/Views/users/form.php(87): CodeIgniter\Debug\Exceptions->errorHandler()
#1 /var/www/ava/system/View/View.php(210): include('...')
#2 /var/www/ava/system/View/View.php(213): CodeIgniter\View\View->CodeIgniter\View\{closure}()
#3 /var/www/ava/system/Common.php(1089): CodeIgniter\View\View->render()
#4 /var/www/ava/app/Controllers/UserController.php(91): view()
#5 /var/www/ava/system/CodeIgniter.php(832): App\Controllers\UserController->cad_user()
#6 /var/www/ava/system/CodeIgniter.php(419): CodeIgniter\CodeIgniter->runController()
#7 /var/www/ava/system/CodeIgniter.php(326): CodeIgniter\CodeIgniter->handleRequest()
#8 /var/www/ava/public/index.php(37): CodeIgniter\CodeIgniter->run()
#9 {main}
CRITICAL - 2022-04-14 08:10:58 --> Trying to access array offset on value of type null
#0 /var/www/ava/app/Views/users/form.php(70): CodeIgniter\Debug\Exceptions->errorHandler()
#1 /var/www/ava/system/View/View.php(210): include('...')
#2 /var/www/ava/system/View/View.php(213): CodeIgniter\View\View->CodeIgniter\View\{closure}()
#3 /var/www/ava/system/Common.php(1089): CodeIgniter\View\View->render()
#4 /var/www/ava/app/Controllers/UserController.php(91): view()
#5 /var/www/ava/system/CodeIgniter.php(832): App\Controllers\UserController->cad_user()
#6 /var/www/ava/system/CodeIgniter.php(419): CodeIgniter\CodeIgniter->runController()
#7 /var/www/ava/system/CodeIgniter.php(326): CodeIgniter\CodeIgniter->handleRequest()
#8 /var/www/ava/public/index.php(37): CodeIgniter\CodeIgniter->run()
#9 {main}
CRITICAL - 2022-04-14 08:10:58 --> Trying to access array offset on value of type null
#0 /var/www/ava/app/Views/users/form.php(70): CodeIgniter\Debug\Exceptions->errorHandler()
#1 /var/www/ava/system/View/View.php(210): include('...')
#2 /var/www/ava/system/View/View.php(213): CodeIgniter\View\View->CodeIgniter\View\{closure}()
#3 /var/www/ava/system/Common.php(1089): CodeIgniter\View\View->render()
#4 /var/www/ava/app/Controllers/UserController.php(91): view()
#5 /var/www/ava/system/CodeIgniter.php(832): App\Controllers\UserController->cad_user()
#6 /var/www/ava/system/CodeIgniter.php(419): CodeIgniter\CodeIgniter->runController()
#7 /var/www/ava/system/CodeIgniter.php(326): CodeIgniter\CodeIgniter->handleRequest()
#8 /var/www/ava/public/index.php(37): CodeIgniter\CodeIgniter->run()
#9 {main}
CRITICAL - 2022-04-14 08:10:58 --> Trying to access array offset on value of type null
#0 /var/www/ava/app/Views/users/form.php(70): CodeIgniter\Debug\Exceptions->errorHandler()
#1 /var/www/ava/system/View/View.php(210): include('...')
#2 /var/www/ava/system/View/View.php(213): CodeIgniter\View\View->CodeIgniter\View\{closure}()
#3 /var/www/ava/system/Common.php(1089): CodeIgniter\View\View->render()
#4 /var/www/ava/app/Controllers/UserController.php(91): view()
#5 /var/www/ava/system/CodeIgniter.php(832): App\Controllers\UserController->cad_user()
#6 /var/www/ava/system/CodeIgniter.php(419): CodeIgniter\CodeIgniter->runController()
#7 /var/www/ava/system/CodeIgniter.php(326): CodeIgniter\CodeIgniter->handleRequest()
#8 /var/www/ava/public/index.php(37): CodeIgniter\CodeIgniter->run()
#9 {main}
CRITICAL - 2022-04-14 08:10:58 --> Trying to access array offset on value of type null
#0 /var/www/ava/app/Views/users/form.php(70): CodeIgniter\Debug\Exceptions->errorHandler()
#1 /var/www/ava/system/View/View.php(210): include('...')
#2 /var/www/ava/system/View/View.php(213): CodeIgniter\View\View->CodeIgniter\View\{closure}()
#3 /var/www/ava/system/Common.php(1089): CodeIgniter\View\View->render()
#4 /var/www/ava/app/Controllers/UserController.php(91): view()
#5 /var/www/ava/system/CodeIgniter.php(832): App\Controllers\UserController->cad_user()
#6 /var/www/ava/system/CodeIgniter.php(419): CodeIgniter\CodeIgniter->runController()
#7 /var/www/ava/system/CodeIgniter.php(326): CodeIgniter\CodeIgniter->handleRequest()
#8 /var/www/ava/public/index.php(37): CodeIgniter\CodeIgniter->run()
#9 {main}
CRITICAL - 2022-04-14 08:10:58 --> Trying to access array offset on value of type null
#0 /var/www/ava/app/Views/users/form.php(70): CodeIgniter\Debug\Exceptions->errorHandler()
#1 /var/www/ava/system/View/View.php(210): include('...')
#2 /var/www/ava/system/View/View.php(213): CodeIgniter\View\View->CodeIgniter\View\{closure}()
#3 /var/www/ava/system/Common.php(1089): CodeIgniter\View\View->render()
#4 /var/www/ava/app/Controllers/UserController.php(91): view()
#5 /var/www/ava/system/CodeIgniter.php(832): App\Controllers\UserController->cad_user()
#6 /var/www/ava/system/CodeIgniter.php(419): CodeIgniter\CodeIgniter->runController()
#7 /var/www/ava/system/CodeIgniter.php(326): CodeIgniter\CodeIgniter->handleRequest()
#8 /var/www/ava/public/index.php(37): CodeIgniter\CodeIgniter->run()
#9 {main}
CRITICAL - 2022-04-14 08:13:06 --> Undefined variable $user_ed
#0 /var/www/ava/app/Views/users/form.php(70): CodeIgniter\Debug\Exceptions->errorHandler()
#1 /var/www/ava/system/View/View.php(210): include('...')
#2 /var/www/ava/system/View/View.php(213): CodeIgniter\View\View->CodeIgniter\View\{closure}()
#3 /var/www/ava/system/Common.php(1089): CodeIgniter\View\View->render()
#4 /var/www/ava/app/Controllers/UserController.php(91): view()
#5 /var/www/ava/system/CodeIgniter.php(832): App\Controllers\UserController->cad_user()
#6 /var/www/ava/system/CodeIgniter.php(419): CodeIgniter\CodeIgniter->runController()
#7 /var/www/ava/system/CodeIgniter.php(326): CodeIgniter\CodeIgniter->handleRequest()
#8 /var/www/ava/public/index.php(37): CodeIgniter\CodeIgniter->run()
#9 {main}
CRITICAL - 2022-04-14 08:13:48 --> Undefined variable $user_ed
#0 /var/www/ava/app/Views/users/form.php(70): CodeIgniter\Debug\Exceptions->errorHandler()
#1 /var/www/ava/system/View/View.php(210): include('...')
#2 /var/www/ava/system/View/View.php(213): CodeIgniter\View\View->CodeIgniter\View\{closure}()
#3 /var/www/ava/system/Common.php(1089): CodeIgniter\View\View->render()
#4 /var/www/ava/app/Controllers/UserController.php(91): view()
#5 /var/www/ava/system/CodeIgniter.php(832): App\Controllers\UserController->cad_user()
#6 /var/www/ava/system/CodeIgniter.php(419): CodeIgniter\CodeIgniter->runController()
#7 /var/www/ava/system/CodeIgniter.php(326): CodeIgniter\CodeIgniter->handleRequest()
#8 /var/www/ava/public/index.php(37): CodeIgniter\CodeIgniter->run()
#9 {main}
CRITICAL - 2022-04-14 08:13:49 --> Undefined variable $user_ed
#0 /var/www/ava/app/Views/users/form.php(70): CodeIgniter\Debug\Exceptions->errorHandler()
#1 /var/www/ava/system/View/View.php(210): include('...')
#2 /var/www/ava/system/View/View.php(213): CodeIgniter\View\View->CodeIgniter\View\{closure}()
#3 /var/www/ava/system/Common.php(1089): CodeIgniter\View\View->render()
#4 /var/www/ava/app/Controllers/UserController.php(91): view()
#5 /var/www/ava/system/CodeIgniter.php(832): App\Controllers\UserController->cad_user()
#6 /var/www/ava/system/CodeIgniter.php(419): CodeIgniter\CodeIgniter->runController()
#7 /var/www/ava/system/CodeIgniter.php(326): CodeIgniter\CodeIgniter->handleRequest()
#8 /var/www/ava/public/index.php(37): CodeIgniter\CodeIgniter->run()
#9 {main}
CRITICAL - 2022-04-14 08:13:53 --> Trying to access array offset on value of type null
#0 /var/www/ava/app/Views/users/form.php(70): CodeIgniter\Debug\Exceptions->errorHandler()
#1 /var/www/ava/system/View/View.php(210): include('...')
#2 /var/www/ava/system/View/View.php(213): CodeIgniter\View\View->CodeIgniter\View\{closure}()
#3 /var/www/ava/system/Common.php(1089): CodeIgniter\View\View->render()
#4 /var/www/ava/app/Controllers/UserController.php(91): view()
#5 /var/www/ava/system/CodeIgniter.php(832): App\Controllers\UserController->cad_user()
#6 /var/www/ava/system/CodeIgniter.php(419): CodeIgniter\CodeIgniter->runController()
#7 /var/www/ava/system/CodeIgniter.php(326): CodeIgniter\CodeIgniter->handleRequest()
#8 /var/www/ava/public/index.php(37): CodeIgniter\CodeIgniter->run()
#9 {main}
CRITICAL - 2022-04-14 08:13:53 --> Trying to access array offset on value of type null
#0 /var/www/ava/app/Views/users/form.php(70): CodeIgniter\Debug\Exceptions->errorHandler()
#1 /var/www/ava/system/View/View.php(210): include('...')
#2 /var/www/ava/system/View/View.php(213): CodeIgniter\View\View->CodeIgniter\View\{closure}()
#3 /var/www/ava/system/Common.php(1089): CodeIgniter\View\View->render()
#4 /var/www/ava/app/Controllers/UserController.php(91): view()
#5 /var/www/ava/system/CodeIgniter.php(832): App\Controllers\UserController->cad_user()
#6 /var/www/ava/system/CodeIgniter.php(419): CodeIgniter\CodeIgniter->runController()
#7 /var/www/ava/system/CodeIgniter.php(326): CodeIgniter\CodeIgniter->handleRequest()
#8 /var/www/ava/public/index.php(37): CodeIgniter\CodeIgniter->run()
#9 {main}
CRITICAL - 2022-04-14 08:13:53 --> Trying to access array offset on value of type null
#0 /var/www/ava/app/Views/users/form.php(70): CodeIgniter\Debug\Exceptions->errorHandler()
#1 /var/www/ava/system/View/View.php(210): include('...')
#2 /var/www/ava/system/View/View.php(213): CodeIgniter\View\View->CodeIgniter\View\{closure}()
#3 /var/www/ava/system/Common.php(1089): CodeIgniter\View\View->render()
#4 /var/www/ava/app/Controllers/UserController.php(91): view()
#5 /var/www/ava/system/CodeIgniter.php(832): App\Controllers\UserController->cad_user()
#6 /var/www/ava/system/CodeIgniter.php(419): CodeIgniter\CodeIgniter->runController()
#7 /var/www/ava/system/CodeIgniter.php(326): CodeIgniter\CodeIgniter->handleRequest()
#8 /var/www/ava/public/index.php(37): CodeIgniter\CodeIgniter->run()
#9 {main}
CRITICAL - 2022-04-14 08:13:53 --> Trying to access array offset on value of type null
#0 /var/www/ava/app/Views/users/form.php(70): CodeIgniter\Debug\Exceptions->errorHandler()
#1 /var/www/ava/system/View/View.php(210): include('...')
#2 /var/www/ava/system/View/View.php(213): CodeIgniter\View\View->CodeIgniter\View\{closure}()
#3 /var/www/ava/system/Common.php(1089): CodeIgniter\View\View->render()
#4 /var/www/ava/app/Controllers/UserController.php(91): view()
#5 /var/www/ava/system/CodeIgniter.php(832): App\Controllers\UserController->cad_user()
#6 /var/www/ava/system/CodeIgniter.php(419): CodeIgniter\CodeIgniter->runController()
#7 /var/www/ava/system/CodeIgniter.php(326): CodeIgniter\CodeIgniter->handleRequest()
#8 /var/www/ava/public/index.php(37): CodeIgniter\CodeIgniter->run()
#9 {main}
CRITICAL - 2022-04-14 08:17:04 --> Trying to access array offset on value of type null
#0 /var/www/ava/app/Views/users/form.php(70): CodeIgniter\Debug\Exceptions->errorHandler()
#1 /var/www/ava/system/View/View.php(210): include('...')
#2 /var/www/ava/system/View/View.php(213): CodeIgniter\View\View->CodeIgniter\View\{closure}()
#3 /var/www/ava/system/Common.php(1089): CodeIgniter\View\View->render()
#4 /var/www/ava/app/Controllers/UserController.php(91): view()
#5 /var/www/ava/system/CodeIgniter.php(832): App\Controllers\UserController->cad_user()
#6 /var/www/ava/system/CodeIgniter.php(419): CodeIgniter\CodeIgniter->runController()
#7 /var/www/ava/system/CodeIgniter.php(326): CodeIgniter\CodeIgniter->handleRequest()
#8 /var/www/ava/public/index.php(37): CodeIgniter\CodeIgniter->run()
#9 {main}
CRITICAL - 2022-04-14 08:17:04 --> Trying to access array offset on value of type null
#0 /var/www/ava/app/Views/users/form.php(70): CodeIgniter\Debug\Exceptions->errorHandler()
#1 /var/www/ava/system/View/View.php(210): include('...')
#2 /var/www/ava/system/View/View.php(213): CodeIgniter\View\View->CodeIgniter\View\{closure}()
#3 /var/www/ava/system/Common.php(1089): CodeIgniter\View\View->render()
#4 /var/www/ava/app/Controllers/UserController.php(91): view()
#5 /var/www/ava/system/CodeIgniter.php(832): App\Controllers\UserController->cad_user()
#6 /var/www/ava/system/CodeIgniter.php(419): CodeIgniter\CodeIgniter->runController()
#7 /var/www/ava/system/CodeIgniter.php(326): CodeIgniter\CodeIgniter->handleRequest()
#8 /var/www/ava/public/index.php(37): CodeIgniter\CodeIgniter->run()
#9 {main}
CRITICAL - 2022-04-14 08:17:04 --> Trying to access array offset on value of type null
#0 /var/www/ava/app/Views/users/form.php(70): CodeIgniter\Debug\Exceptions->errorHandler()
#1 /var/www/ava/system/View/View.php(210): include('...')
#2 /var/www/ava/system/View/View.php(213): CodeIgniter\View\View->CodeIgniter\View\{closure}()
#3 /var/www/ava/system/Common.php(1089): CodeIgniter\View\View->render()
#4 /var/www/ava/app/Controllers/UserController.php(91): view()
#5 /var/www/ava/system/CodeIgniter.php(832): App\Controllers\UserController->cad_user()
#6 /var/www/ava/system/CodeIgniter.php(419): CodeIgniter\CodeIgniter->runController()
#7 /var/www/ava/system/CodeIgniter.php(326): CodeIgniter\CodeIgniter->handleRequest()
#8 /var/www/ava/public/index.php(37): CodeIgniter\CodeIgniter->run()
#9 {main}
CRITICAL - 2022-04-14 08:17:04 --> Trying to access array offset on value of type null
#0 /var/www/ava/app/Views/users/form.php(70): CodeIgniter\Debug\Exceptions->errorHandler()
#1 /var/www/ava/system/View/View.php(210): include('...')
#2 /var/www/ava/system/View/View.php(213): CodeIgniter\View\View->CodeIgniter\View\{closure}()
#3 /var/www/ava/system/Common.php(1089): CodeIgniter\View\View->render()
#4 /var/www/ava/app/Controllers/UserController.php(91): view()
#5 /var/www/ava/system/CodeIgniter.php(832): App\Controllers\UserController->cad_user()
#6 /var/www/ava/system/CodeIgniter.php(419): CodeIgniter\CodeIgniter->runController()
#7 /var/www/ava/system/CodeIgniter.php(326): CodeIgniter\CodeIgniter->handleRequest()
#8 /var/www/ava/public/index.php(37): CodeIgniter\CodeIgniter->run()
#9 {main}
CRITICAL - 2022-04-14 08:17:04 --> Trying to access array offset on value of type null
#0 /var/www/ava/app/Views/users/form.php(70): CodeIgniter\Debug\Exceptions->errorHandler()
#1 /var/www/ava/system/View/View.php(210): include('...')
#2 /var/www/ava/system/View/View.php(213): CodeIgniter\View\View->CodeIgniter\View\{closure}()
#3 /var/www/ava/system/Common.php(1089): CodeIgniter\View\View->render()
#4 /var/www/ava/app/Controllers/UserController.php(91): view()
#5 /var/www/ava/system/CodeIgniter.php(832): App\Controllers\UserController->cad_user()
#6 /var/www/ava/system/CodeIgniter.php(419): CodeIgniter\CodeIgniter->runController()
#7 /var/www/ava/system/CodeIgniter.php(326): CodeIgniter\CodeIgniter->handleRequest()
#8 /var/www/ava/public/index.php(37): CodeIgniter\CodeIgniter->run()
#9 {main}
CRITICAL - 2022-04-14 08:17:09 --> Trying to access array offset on value of type null
#0 /var/www/ava/app/Views/users/form.php(70): CodeIgniter\Debug\Exceptions->errorHandler()
#1 /var/www/ava/system/View/View.php(210): include('...')
#2 /var/www/ava/system/View/View.php(213): CodeIgniter\View\View->CodeIgniter\View\{closure}()
#3 /var/www/ava/system/Common.php(1089): CodeIgniter\View\View->render()
#4 /var/www/ava/app/Controllers/UserController.php(91): view()
#5 /var/www/ava/system/CodeIgniter.php(832): App\Controllers\UserController->cad_user()
#6 /var/www/ava/system/CodeIgniter.php(419): CodeIgniter\CodeIgniter->runController()
#7 /var/www/ava/system/CodeIgniter.php(326): CodeIgniter\CodeIgniter->handleRequest()
#8 /var/www/ava/public/index.php(37): CodeIgniter\CodeIgniter->run()
#9 {main}
CRITICAL - 2022-04-14 08:17:09 --> Trying to access array offset on value of type null
#0 /var/www/ava/app/Views/users/form.php(70): CodeIgniter\Debug\Exceptions->errorHandler()
#1 /var/www/ava/system/View/View.php(210): include('...')
#2 /var/www/ava/system/View/View.php(213): CodeIgniter\View\View->CodeIgniter\View\{closure}()
#3 /var/www/ava/system/Common.php(1089): CodeIgniter\View\View->render()
#4 /var/www/ava/app/Controllers/UserController.php(91): view()
#5 /var/www/ava/system/CodeIgniter.php(832): App\Controllers\UserController->cad_user()
#6 /var/www/ava/system/CodeIgniter.php(419): CodeIgniter\CodeIgniter->runController()
#7 /var/www/ava/system/CodeIgniter.php(326): CodeIgniter\CodeIgniter->handleRequest()
#8 /var/www/ava/public/index.php(37): CodeIgniter\CodeIgniter->run()
#9 {main}
CRITICAL - 2022-04-14 08:17:09 --> Trying to access array offset on value of type null
#0 /var/www/ava/app/Views/users/form.php(70): CodeIgniter\Debug\Exceptions->errorHandler()
#1 /var/www/ava/system/View/View.php(210): include('...')
#2 /var/www/ava/system/View/View.php(213): CodeIgniter\View\View->CodeIgniter\View\{closure}()
#3 /var/www/ava/system/Common.php(1089): CodeIgniter\View\View->render()
#4 /var/www/ava/app/Controllers/UserController.php(91): view()
#5 /var/www/ava/system/CodeIgniter.php(832): App\Controllers\UserController->cad_user()
#6 /var/www/ava/system/CodeIgniter.php(419): CodeIgniter\CodeIgniter->runController()
#7 /var/www/ava/system/CodeIgniter.php(326): CodeIgniter\CodeIgniter->handleRequest()
#8 /var/www/ava/public/index.php(37): CodeIgniter\CodeIgniter->run()
#9 {main}
CRITICAL - 2022-04-14 08:17:09 --> Trying to access array offset on value of type null
#0 /var/www/ava/app/Views/users/form.php(70): CodeIgniter\Debug\Exceptions->errorHandler()
#1 /var/www/ava/system/View/View.php(210): include('...')
#2 /var/www/ava/system/View/View.php(213): CodeIgniter\View\View->CodeIgniter\View\{closure}()
#3 /var/www/ava/system/Common.php(1089): CodeIgniter\View\View->render()
#4 /var/www/ava/app/Controllers/UserController.php(91): view()
#5 /var/www/ava/system/CodeIgniter.php(832): App\Controllers\UserController->cad_user()
#6 /var/www/ava/system/CodeIgniter.php(419): CodeIgniter\CodeIgniter->runController()
#7 /var/www/ava/system/CodeIgniter.php(326): CodeIgniter\CodeIgniter->handleRequest()
#8 /var/www/ava/public/index.php(37): CodeIgniter\CodeIgniter->run()
#9 {main}
CRITICAL - 2022-04-14 08:17:09 --> Trying to access array offset on value of type null
#0 /var/www/ava/app/Views/users/form.php(70): CodeIgniter\Debug\Exceptions->errorHandler()
#1 /var/www/ava/system/View/View.php(210): include('...')
#2 /var/www/ava/system/View/View.php(213): CodeIgniter\View\View->CodeIgniter\View\{closure}()
#3 /var/www/ava/system/Common.php(1089): CodeIgniter\View\View->render()
#4 /var/www/ava/app/Controllers/UserController.php(91): view()
#5 /var/www/ava/system/CodeIgniter.php(832): App\Controllers\UserController->cad_user()
#6 /var/www/ava/system/CodeIgniter.php(419): CodeIgniter\CodeIgniter->runController()
#7 /var/www/ava/system/CodeIgniter.php(326): CodeIgniter\CodeIgniter->handleRequest()
#8 /var/www/ava/public/index.php(37): CodeIgniter\CodeIgniter->run()
#9 {main}
CRITICAL - 2022-04-14 08:17:13 --> Trying to access array offset on value of type null
#0 /var/www/ava/app/Views/users/form.php(70): CodeIgniter\Debug\Exceptions->errorHandler()
#1 /var/www/ava/system/View/View.php(210): include('...')
#2 /var/www/ava/system/View/View.php(213): CodeIgniter\View\View->CodeIgniter\View\{closure}()
#3 /var/www/ava/system/Common.php(1089): CodeIgniter\View\View->render()
#4 /var/www/ava/app/Controllers/UserController.php(91): view()
#5 /var/www/ava/system/CodeIgniter.php(832): App\Controllers\UserController->cad_user()
#6 /var/www/ava/system/CodeIgniter.php(419): CodeIgniter\CodeIgniter->runController()
#7 /var/www/ava/system/CodeIgniter.php(326): CodeIgniter\CodeIgniter->handleRequest()
#8 /var/www/ava/public/index.php(37): CodeIgniter\CodeIgniter->run()
#9 {main}
CRITICAL - 2022-04-14 08:17:13 --> Trying to access array offset on value of type null
#0 /var/www/ava/app/Views/users/form.php(70): CodeIgniter\Debug\Exceptions->errorHandler()
#1 /var/www/ava/system/View/View.php(210): include('...')
#2 /var/www/ava/system/View/View.php(213): CodeIgniter\View\View->CodeIgniter\View\{closure}()
#3 /var/www/ava/system/Common.php(1089): CodeIgniter\View\View->render()
#4 /var/www/ava/app/Controllers/UserController.php(91): view()
#5 /var/www/ava/system/CodeIgniter.php(832): App\Controllers\UserController->cad_user()
#6 /var/www/ava/system/CodeIgniter.php(419): CodeIgniter\CodeIgniter->runController()
#7 /var/www/ava/system/CodeIgniter.php(326): CodeIgniter\CodeIgniter->handleRequest()
#8 /var/www/ava/public/index.php(37): CodeIgniter\CodeIgniter->run()
#9 {main}
CRITICAL - 2022-04-14 08:17:13 --> Trying to access array offset on value of type null
#0 /var/www/ava/app/Views/users/form.php(70): CodeIgniter\Debug\Exceptions->errorHandler()
#1 /var/www/ava/system/View/View.php(210): include('...')
#2 /var/www/ava/system/View/View.php(213): CodeIgniter\View\View->CodeIgniter\View\{closure}()
#3 /var/www/ava/system/Common.php(1089): CodeIgniter\View\View->render()
#4 /var/www/ava/app/Controllers/UserController.php(91): view()
#5 /var/www/ava/system/CodeIgniter.php(832): App\Controllers\UserController->cad_user()
#6 /var/www/ava/system/CodeIgniter.php(419): CodeIgniter\CodeIgniter->runController()
#7 /var/www/ava/system/CodeIgniter.php(326): CodeIgniter\CodeIgniter->handleRequest()
#8 /var/www/ava/public/index.php(37): CodeIgniter\CodeIgniter->run()
#9 {main}
CRITICAL - 2022-04-14 08:17:13 --> Trying to access array offset on value of type null
#0 /var/www/ava/app/Views/users/form.php(70): CodeIgniter\Debug\Exceptions->errorHandler()
#1 /var/www/ava/system/View/View.php(210): include('...')
#2 /var/www/ava/system/View/View.php(213): CodeIgniter\View\View->CodeIgniter\View\{closure}()
#3 /var/www/ava/system/Common.php(1089): CodeIgniter\View\View->render()
#4 /var/www/ava/app/Controllers/UserController.php(91): view()
#5 /var/www/ava/system/CodeIgniter.php(832): App\Controllers\UserController->cad_user()
#6 /var/www/ava/system/CodeIgniter.php(419): CodeIgniter\CodeIgniter->runController()
#7 /var/www/ava/system/CodeIgniter.php(326): CodeIgniter\CodeIgniter->handleRequest()
#8 /var/www/ava/public/index.php(37): CodeIgniter\CodeIgniter->run()
#9 {main}
CRITICAL - 2022-04-14 08:17:13 --> Trying to access array offset on value of type null
#0 /var/www/ava/app/Views/users/form.php(70): CodeIgniter\Debug\Exceptions->errorHandler()
#1 /var/www/ava/system/View/View.php(210): include('...')
#2 /var/www/ava/system/View/View.php(213): CodeIgniter\View\View->CodeIgniter\View\{closure}()
#3 /var/www/ava/system/Common.php(1089): CodeIgniter\View\View->render()
#4 /var/www/ava/app/Controllers/UserController.php(91): view()
#5 /var/www/ava/system/CodeIgniter.php(832): App\Controllers\UserController->cad_user()
#6 /var/www/ava/system/CodeIgniter.php(419): CodeIgniter\CodeIgniter->runController()
#7 /var/www/ava/system/CodeIgniter.php(326): CodeIgniter\CodeIgniter->handleRequest()
#8 /var/www/ava/public/index.php(37): CodeIgniter\CodeIgniter->run()
#9 {main}
CRITICAL - 2022-04-14 08:17:48 --> Undefined variable $user_ed
#0 /var/www/ava/app/Views/users/form.php(70): CodeIgniter\Debug\Exceptions->errorHandler()
#1 /var/www/ava/system/View/View.php(210): include('...')
#2 /var/www/ava/system/View/View.php(213): CodeIgniter\View\View->CodeIgniter\View\{closure}()
#3 /var/www/ava/system/Common.php(1089): CodeIgniter\View\View->render()
#4 /var/www/ava/app/Controllers/UserController.php(91): view()
#5 /var/www/ava/system/CodeIgniter.php(832): App\Controllers\UserController->cad_user()
#6 /var/www/ava/system/CodeIgniter.php(419): CodeIgniter\CodeIgniter->runController()
#7 /var/www/ava/system/CodeIgniter.php(326): CodeIgniter\CodeIgniter->handleRequest()
#8 /var/www/ava/public/index.php(37): CodeIgniter\CodeIgniter->run()
#9 {main}
CRITICAL - 2022-04-14 08:18:09 --> Undefined variable $user_ed
#0 /var/www/ava/app/Views/users/form.php(70): CodeIgniter\Debug\Exceptions->errorHandler()
#1 /var/www/ava/system/View/View.php(210): include('...')
#2 /var/www/ava/system/View/View.php(213): CodeIgniter\View\View->CodeIgniter\View\{closure}()
#3 /var/www/ava/system/Common.php(1089): CodeIgniter\View\View->render()
#4 /var/www/ava/app/Controllers/UserController.php(91): view()
#5 /var/www/ava/system/CodeIgniter.php(832): App\Controllers\UserController->cad_user()
#6 /var/www/ava/system/CodeIgniter.php(419): CodeIgniter\CodeIgniter->runController()
#7 /var/www/ava/system/CodeIgniter.php(326): CodeIgniter\CodeIgniter->handleRequest()
#8 /var/www/ava/public/index.php(37): CodeIgniter\CodeIgniter->run()
#9 {main}
CRITICAL - 2022-04-14 08:23:32 --> Undefined variable $user_ed
#0 /var/www/ava/app/Views/users/form.php(87): CodeIgniter\Debug\Exceptions->errorHandler()
#1 /var/www/ava/system/View/View.php(210): include('...')
#2 /var/www/ava/system/View/View.php(213): CodeIgniter\View\View->CodeIgniter\View\{closure}()
#3 /var/www/ava/system/Common.php(1089): CodeIgniter\View\View->render()
#4 /var/www/ava/app/Controllers/UserController.php(91): view()
#5 /var/www/ava/system/CodeIgniter.php(832): App\Controllers\UserController->cad_user()
#6 /var/www/ava/system/CodeIgniter.php(419): CodeIgniter\CodeIgniter->runController()
#7 /var/www/ava/system/CodeIgniter.php(326): CodeIgniter\CodeIgniter->handleRequest()
#8 /var/www/ava/public/index.php(37): CodeIgniter\CodeIgniter->run()
#9 {main}
CRITICAL - 2022-04-14 08:44:03 --> syntax error, unexpected token ")"
#0 /var/www/ava/system/Router/Router.php(175): CodeIgniter\Router\Router->autoRoute()
#1 /var/www/ava/system/CodeIgniter.php(726): CodeIgniter\Router\Router->handle()
#2 /var/www/ava/system/CodeIgniter.php(368): CodeIgniter\CodeIgniter->tryToRouteIt()
#3 /var/www/ava/system/CodeIgniter.php(326): CodeIgniter\CodeIgniter->handleRequest()
#4 /var/www/ava/public/index.php(37): CodeIgniter\CodeIgniter->run()
#5 {main}
CRITICAL - 2022-04-14 08:44:16 --> syntax error, unexpected token ")"
#0 /var/www/ava/system/Router/Router.php(175): CodeIgniter\Router\Router->autoRoute()
#1 /var/www/ava/system/CodeIgniter.php(726): CodeIgniter\Router\Router->handle()
#2 /var/www/ava/system/CodeIgniter.php(368): CodeIgniter\CodeIgniter->tryToRouteIt()
#3 /var/www/ava/system/CodeIgniter.php(326): CodeIgniter\CodeIgniter->handleRequest()
#4 /var/www/ava/public/index.php(37): CodeIgniter\CodeIgniter->run()
#5 {main}
CRITICAL - 2022-04-14 08:44:34 --> syntax error, unexpected token ")"
#0 /var/www/ava/system/Router/Router.php(175): CodeIgniter\Router\Router->autoRoute()
#1 /var/www/ava/system/CodeIgniter.php(726): CodeIgniter\Router\Router->handle()
#2 /var/www/ava/system/CodeIgniter.php(368): CodeIgniter\CodeIgniter->tryToRouteIt()
#3 /var/www/ava/system/CodeIgniter.php(326): CodeIgniter\CodeIgniter->handleRequest()
#4 /var/www/ava/public/index.php(37): CodeIgniter\CodeIgniter->run()
#5 {main}
CRITICAL - 2022-04-14 08:44:35 --> syntax error, unexpected token ")"
#0 /var/www/ava/system/Router/Router.php(175): CodeIgniter\Router\Router->autoRoute()
#1 /var/www/ava/system/CodeIgniter.php(726): CodeIgniter\Router\Router->handle()
#2 /var/www/ava/system/CodeIgniter.php(368): CodeIgniter\CodeIgniter->tryToRouteIt()
#3 /var/www/ava/system/CodeIgniter.php(326): CodeIgniter\CodeIgniter->handleRequest()
#4 /var/www/ava/public/index.php(37): CodeIgniter\CodeIgniter->run()
#5 {main}
CRITICAL - 2022-04-14 08:45:09 --> syntax error, unexpected token "{"
#0 /var/www/ava/system/Router/Router.php(175): CodeIgniter\Router\Router->autoRoute()
#1 /var/www/ava/system/CodeIgniter.php(726): CodeIgniter\Router\Router->handle()
#2 /var/www/ava/system/CodeIgniter.php(368): CodeIgniter\CodeIgniter->tryToRouteIt()
#3 /var/www/ava/system/CodeIgniter.php(326): CodeIgniter\CodeIgniter->handleRequest()
#4 /var/www/ava/public/index.php(37): CodeIgniter\CodeIgniter->run()
#5 {main}
CRITICAL - 2022-04-14 08:45:17 --> syntax error, unexpected token "{"
#0 /var/www/ava/system/Router/Router.php(175): CodeIgniter\Router\Router->autoRoute()
#1 /var/www/ava/system/CodeIgniter.php(726): CodeIgniter\Router\Router->handle()
#2 /var/www/ava/system/CodeIgniter.php(368): CodeIgniter\CodeIgniter->tryToRouteIt()
#3 /var/www/ava/system/CodeIgniter.php(326): CodeIgniter\CodeIgniter->handleRequest()
#4 /var/www/ava/public/index.php(37): CodeIgniter\CodeIgniter->run()
#5 {main}
CRITICAL - 2022-04-14 08:45:26 --> syntax error, unexpected token "{"
#0 /var/www/ava/system/Router/Router.php(175): CodeIgniter\Router\Router->autoRoute()
#1 /var/www/ava/system/CodeIgniter.php(726): CodeIgniter\Router\Router->handle()
#2 /var/www/ava/system/CodeIgniter.php(368): CodeIgniter\CodeIgniter->tryToRouteIt()
#3 /var/www/ava/system/CodeIgniter.php(326): CodeIgniter\CodeIgniter->handleRequest()
#4 /var/www/ava/public/index.php(37): CodeIgniter\CodeIgniter->run()
#5 {main}
CRITICAL - 2022-04-14 08:45:56 --> syntax error, unexpected token "{"
#0 /var/www/ava/system/Router/Router.php(175): CodeIgniter\Router\Router->autoRoute()
#1 /var/www/ava/system/CodeIgniter.php(726): CodeIgniter\Router\Router->handle()
#2 /var/www/ava/system/CodeIgniter.php(368): CodeIgniter\CodeIgniter->tryToRouteIt()
#3 /var/www/ava/system/CodeIgniter.php(326): CodeIgniter\CodeIgniter->handleRequest()
#4 /var/www/ava/public/index.php(37): CodeIgniter\CodeIgniter->run()
#5 {main}
CRITICAL - 2022-04-14 08:46:17 --> Unclosed '{' on line 177 does not match ')'
#0 /var/www/ava/system/Router/Router.php(175): CodeIgniter\Router\Router->autoRoute()
#1 /var/www/ava/system/CodeIgniter.php(726): CodeIgniter\Router\Router->handle()
#2 /var/www/ava/system/CodeIgniter.php(368): CodeIgniter\CodeIgniter->tryToRouteIt()
#3 /var/www/ava/system/CodeIgniter.php(326): CodeIgniter\CodeIgniter->handleRequest()
#4 /var/www/ava/public/index.php(37): CodeIgniter\CodeIgniter->run()
#5 {main}
CRITICAL - 2022-04-14 08:46:30 --> syntax error, unexpected token ")"
#0 /var/www/ava/system/Router/Router.php(175): CodeIgniter\Router\Router->autoRoute()
#1 /var/www/ava/system/CodeIgniter.php(726): CodeIgniter\Router\Router->handle()
#2 /var/www/ava/system/CodeIgniter.php(368): CodeIgniter\CodeIgniter->tryToRouteIt()
#3 /var/www/ava/system/CodeIgniter.php(326): CodeIgniter\CodeIgniter->handleRequest()
#4 /var/www/ava/public/index.php(37): CodeIgniter\CodeIgniter->run()
#5 {main}
CRITICAL - 2022-04-14 08:46:37 --> Cannot use isset() on the result of an expression (you can use "null !== expression" instead)
#0 [internal function]: CodeIgniter\Debug\Exceptions->shutdownHandler()
#1 {main}
CRITICAL - 2022-04-14 08:46:58 --> Cannot use isset() on the result of an expression (you can use "null !== expression" instead)
#0 [internal function]: CodeIgniter\Debug\Exceptions->shutdownHandler()
#1 {main}
CRITICAL - 2022-04-14 08:47:02 --> Cannot use isset() on the result of an expression (you can use "null !== expression" instead)
#0 [internal function]: CodeIgniter\Debug\Exceptions->shutdownHandler()
#1 {main}
CRITICAL - 2022-04-14 08:47:02 --> Cannot use isset() on the result of an expression (you can use "null !== expression" instead)
#0 [internal function]: CodeIgniter\Debug\Exceptions->shutdownHandler()
#1 {main}
CRITICAL - 2022-04-14 08:47:03 --> Cannot use isset() on the result of an expression (you can use "null !== expression" instead)
#0 [internal function]: CodeIgniter\Debug\Exceptions->shutdownHandler()
#1 {main}
CRITICAL - 2022-04-14 08:47:04 --> Cannot use isset() on the result of an expression (you can use "null !== expression" instead)
#0 [internal function]: CodeIgniter\Debug\Exceptions->shutdownHandler()
#1 {main}
CRITICAL - 2022-04-14 08:47:25 --> Cannot use isset() on the result of an expression (you can use "null !== expression" instead)
#0 [internal function]: CodeIgniter\Debug\Exceptions->shutdownHandler()
#1 {main}
CRITICAL - 2022-04-14 08:47:26 --> Cannot use isset() on the result of an expression (you can use "null !== expression" instead)
#0 [internal function]: CodeIgniter\Debug\Exceptions->shutdownHandler()
#1 {main}
CRITICAL - 2022-04-14 08:49:19 --> Cannot use isset() on the result of an expression (you can use "null !== expression" instead)
#0 [internal function]: CodeIgniter\Debug\Exceptions->shutdownHandler()
#1 {main}
CRITICAL - 2022-04-14 08:51:42 --> Undefined variable $cod_aluno
#0 /var/www/ava/app/Controllers/UserController.php(195): CodeIgniter\Debug\Exceptions->errorHandler()
#1 /var/www/ava/system/CodeIgniter.php(832): App\Controllers\UserController->create()
#2 /var/www/ava/system/CodeIgniter.php(419): CodeIgniter\CodeIgniter->runController()
#3 /var/www/ava/system/CodeIgniter.php(326): CodeIgniter\CodeIgniter->handleRequest()
#4 /var/www/ava/public/index.php(37): CodeIgniter\CodeIgniter->run()
#5 {main}
CRITICAL - 2022-04-14 09:17:05 --> syntax error, unexpected token "{"
#0 /var/www/ava/system/Router/Router.php(175): CodeIgniter\Router\Router->autoRoute()
#1 /var/www/ava/system/CodeIgniter.php(726): CodeIgniter\Router\Router->handle()
#2 /var/www/ava/system/CodeIgniter.php(368): CodeIgniter\CodeIgniter->tryToRouteIt()
#3 /var/www/ava/system/CodeIgniter.php(326): CodeIgniter\CodeIgniter->handleRequest()
#4 /var/www/ava/public/index.php(37): CodeIgniter\CodeIgniter->run()
#5 {main}
CRITICAL - 2022-04-14 09:17:14 --> Cannot use isset() on the result of an expression (you can use "null !== expression" instead)
#0 [internal function]: CodeIgniter\Debug\Exceptions->shutdownHandler()
#1 {main}
CRITICAL - 2022-04-14 09:17:26 --> Cannot use isset() on the result of an expression (you can use "null !== expression" instead)
#0 [internal function]: CodeIgniter\Debug\Exceptions->shutdownHandler()
#1 {main}
CRITICAL - 2022-04-14 09:18:36 --> Cannot use isset() on the result of an expression (you can use "null !== expression" instead)
#0 [internal function]: CodeIgniter\Debug\Exceptions->shutdownHandler()
#1 {main}
CRITICAL - 2022-04-14 09:18:37 --> Cannot use isset() on the result of an expression (you can use "null !== expression" instead)
#0 [internal function]: CodeIgniter\Debug\Exceptions->shutdownHandler()
#1 {main}
CRITICAL - 2022-04-14 09:34:58 --> syntax error, unexpected token "else"
#0 /var/www/ava/system/Router/Router.php(175): CodeIgniter\Router\Router->autoRoute()
#1 /var/www/ava/system/CodeIgniter.php(726): CodeIgniter\Router\Router->handle()
#2 /var/www/ava/system/CodeIgniter.php(368): CodeIgniter\CodeIgniter->tryToRouteIt()
#3 /var/www/ava/system/CodeIgniter.php(326): CodeIgniter\CodeIgniter->handleRequest()
#4 /var/www/ava/public/index.php(37): CodeIgniter\CodeIgniter->run()
#5 {main}
CRITICAL - 2022-04-14 09:35:32 --> syntax error, unexpected token "public", expecting end of file
#0 /var/www/ava/system/Router/Router.php(175): CodeIgniter\Router\Router->autoRoute()
#1 /var/www/ava/system/CodeIgniter.php(726): CodeIgniter\Router\Router->handle()
#2 /var/www/ava/system/CodeIgniter.php(368): CodeIgniter\CodeIgniter->tryToRouteIt()
#3 /var/www/ava/system/CodeIgniter.php(326): CodeIgniter\CodeIgniter->handleRequest()
#4 /var/www/ava/public/index.php(37): CodeIgniter\CodeIgniter->run()
#5 {main}
CRITICAL - 2022-04-14 09:35:59 --> syntax error, unexpected token "public", expecting end of file
#0 /var/www/ava/system/Router/Router.php(175): CodeIgniter\Router\Router->autoRoute()
#1 /var/www/ava/system/CodeIgniter.php(726): CodeIgniter\Router\Router->handle()
#2 /var/www/ava/system/CodeIgniter.php(368): CodeIgniter\CodeIgniter->tryToRouteIt()
#3 /var/www/ava/system/CodeIgniter.php(326): CodeIgniter\CodeIgniter->handleRequest()
#4 /var/www/ava/public/index.php(37): CodeIgniter\CodeIgniter->run()
#5 {main}
CRITICAL - 2022-04-14 09:37:11 --> Undefined variable $cod_aluno
#0 /var/www/ava/app/Controllers/UserController.php(205): CodeIgniter\Debug\Exceptions->errorHandler()
#1 /var/www/ava/system/CodeIgniter.php(832): App\Controllers\UserController->create()
#2 /var/www/ava/system/CodeIgniter.php(419): CodeIgniter\CodeIgniter->runController()
#3 /var/www/ava/system/CodeIgniter.php(326): CodeIgniter\CodeIgniter->handleRequest()
#4 /var/www/ava/public/index.php(37): CodeIgniter\CodeIgniter->run()
#5 {main}
CRITICAL - 2022-04-14 09:37:39 --> syntax error, unexpected token "public"
#0 /var/www/ava/system/Router/Router.php(175): CodeIgniter\Router\Router->autoRoute()
#1 /var/www/ava/system/CodeIgniter.php(726): CodeIgniter\Router\Router->handle()
#2 /var/www/ava/system/CodeIgniter.php(368): CodeIgniter\CodeIgniter->tryToRouteIt()
#3 /var/www/ava/system/CodeIgniter.php(326): CodeIgniter\CodeIgniter->handleRequest()
#4 /var/www/ava/public/index.php(37): CodeIgniter\CodeIgniter->run()
#5 {main}
CRITICAL - 2022-04-14 10:09:38 --> Undefined property: CodeIgniter\HTTP\IncomingRequest::$newData
#0 /var/www/ava/app/Controllers/UserController.php(218): CodeIgniter\Debug\Exceptions->errorHandler()
#1 /var/www/ava/system/CodeIgniter.php(832): App\Controllers\UserController->create()
#2 /var/www/ava/system/CodeIgniter.php(419): CodeIgniter\CodeIgniter->runController()
#3 /var/www/ava/system/CodeIgniter.php(326): CodeIgniter\CodeIgniter->handleRequest()
#4 /var/www/ava/public/index.php(37): CodeIgniter\CodeIgniter->run()
#5 {main}
