CRITICAL - 2022-03-30 07:37:27 --> Cannot redeclare App\Controllers\AlunoController::update()
#0 [internal function]: CodeIgniter\Debug\Exceptions->shutdownHandler()
#1 {main}
ERROR - 2022-03-30 14:34:04 --> You have an error in your SQL syntax; check the manual that corresponds to your MySQL server version for the right syntax to use near ''username', 'nome', 'cpf', 'id_curso', 'id_tratamento', 'id_posto', 'id_quadro',' at line 1
ERROR - 2022-03-30 14:37:38 --> Duplicate entry '123456789' for key 's_user.cod_aluno'
CRITICAL - 2022-03-30 14:39:24 --> Undefined array key "user_nome"
#0 /var/www/ava/app/Views/dashboard.php(8): CodeIgniter\Debug\Exceptions->errorHandler()
#1 /var/www/ava/system/View/View.php(210): include('...')
#2 /var/www/ava/system/View/View.php(213): CodeIgniter\View\View->CodeIgniter\View\{closure}()
#3 /var/www/ava/system/Common.php(1089): CodeIgniter\View\View->render()
#4 /var/www/ava/app/Controllers/Home.php(65): view()
#5 /var/www/ava/system/CodeIgniter.php(832): App\Controllers\Home->logado()
#6 /var/www/ava/system/CodeIgniter.php(419): CodeIgniter\CodeIgniter->runController()
#7 /var/www/ava/system/CodeIgniter.php(326): CodeIgniter\CodeIgniter->handleRequest()
#8 /var/www/ava/public/index.php(37): CodeIgniter\CodeIgniter->run()
#9 {main}
CRITICAL - 2022-03-30 14:40:01 --> Undefined array key "usernome"
#0 /var/www/ava/app/Views/dashboard.php(8): CodeIgniter\Debug\Exceptions->errorHandler()
#1 /var/www/ava/system/View/View.php(210): include('...')
#2 /var/www/ava/system/View/View.php(213): CodeIgniter\View\View->CodeIgniter\View\{closure}()
#3 /var/www/ava/system/Common.php(1089): CodeIgniter\View\View->render()
#4 /var/www/ava/app/Controllers/Home.php(65): view()
#5 /var/www/ava/system/CodeIgniter.php(832): App\Controllers\Home->logado()
#6 /var/www/ava/system/CodeIgniter.php(419): CodeIgniter\CodeIgniter->runController()
#7 /var/www/ava/system/CodeIgniter.php(326): CodeIgniter\CodeIgniter->handleRequest()
#8 /var/www/ava/public/index.php(37): CodeIgniter\CodeIgniter->run()
#9 {main}
CRITICAL - 2022-03-30 14:40:09 --> Undefined array key "username"
#0 /var/www/ava/app/Views/dashboard.php(8): CodeIgniter\Debug\Exceptions->errorHandler()
#1 /var/www/ava/system/View/View.php(210): include('...')
#2 /var/www/ava/system/View/View.php(213): CodeIgniter\View\View->CodeIgniter\View\{closure}()
#3 /var/www/ava/system/Common.php(1089): CodeIgniter\View\View->render()
#4 /var/www/ava/app/Controllers/Home.php(65): view()
#5 /var/www/ava/system/CodeIgniter.php(832): App\Controllers\Home->logado()
#6 /var/www/ava/system/CodeIgniter.php(419): CodeIgniter\CodeIgniter->runController()
#7 /var/www/ava/system/CodeIgniter.php(326): CodeIgniter\CodeIgniter->handleRequest()
#8 /var/www/ava/public/index.php(37): CodeIgniter\CodeIgniter->run()
#9 {main}
CRITICAL - 2022-03-30 14:42:02 --> Cannot redeclare App\Controllers\AlunoController::update()
#0 [internal function]: CodeIgniter\Debug\Exceptions->shutdownHandler()
#1 {main}
CRITICAL - 2022-03-30 14:48:06 --> Cannot redeclare App\Controllers\AlunoController::update()
#0 [internal function]: CodeIgniter\Debug\Exceptions->shutdownHandler()
#1 {main}
CRITICAL - 2022-03-30 14:48:21 --> syntax error, unexpected single-quoted string "saram", expecting "]"
#0 /var/www/ava/system/Autoloader/Autoloader.php(241): CodeIgniter\Autoloader\Autoloader->includeFile()
#1 /var/www/ava/system/Autoloader/Autoloader.php(219): CodeIgniter\Autoloader\Autoloader->loadInNamespace()
#2 /var/www/ava/app/Controllers/Auth.php(15): CodeIgniter\Autoloader\Autoloader->loadClass()
#3 /var/www/ava/system/CodeIgniter.php(809): App\Controllers\Auth->__construct()
#4 /var/www/ava/system/CodeIgniter.php(410): CodeIgniter\CodeIgniter->createController()
#5 /var/www/ava/system/CodeIgniter.php(326): CodeIgniter\CodeIgniter->handleRequest()
#6 /var/www/ava/public/index.php(37): CodeIgniter\CodeIgniter->run()
#7 {main}
CRITICAL - 2022-03-30 14:51:28 --> require_once(menu.php): Failed to open stream: No such file or directory
#0 /var/www/ava/app/Views/ava/ficha_critica.php(32): CodeIgniter\Debug\Exceptions->errorHandler()
#1 /var/www/ava/app/Views/ava/ficha_critica.php(32): require_once()
#2 /var/www/ava/system/View/View.php(210): include('...')
#3 /var/www/ava/system/View/View.php(213): CodeIgniter\View\View->CodeIgniter\View\{closure}()
#4 /var/www/ava/system/Common.php(1089): CodeIgniter\View\View->render()
#5 /var/www/ava/app/Controllers/AvaController.php(64): view()
#6 /var/www/ava/system/CodeIgniter.php(832): App\Controllers\AvaController->ficha_critica()
#7 /var/www/ava/system/CodeIgniter.php(419): CodeIgniter\CodeIgniter->runController()
#8 /var/www/ava/system/CodeIgniter.php(326): CodeIgniter\CodeIgniter->handleRequest()
#9 /var/www/ava/public/index.php(37): CodeIgniter\CodeIgniter->run()
#10 {main}
CRITICAL - 2022-03-30 14:51:44 --> Undefined variable $data
#0 /var/www/ava/app/Views/ava/ficha_critica.php(23): CodeIgniter\Debug\Exceptions->errorHandler()
#1 /var/www/ava/system/View/View.php(210): include('...')
#2 /var/www/ava/system/View/View.php(213): CodeIgniter\View\View->CodeIgniter\View\{closure}()
#3 /var/www/ava/system/Common.php(1089): CodeIgniter\View\View->render()
#4 /var/www/ava/app/Controllers/AvaController.php(64): view()
#5 /var/www/ava/system/CodeIgniter.php(832): App\Controllers\AvaController->ficha_critica()
#6 /var/www/ava/system/CodeIgniter.php(419): CodeIgniter\CodeIgniter->runController()
#7 /var/www/ava/system/CodeIgniter.php(326): CodeIgniter\CodeIgniter->handleRequest()
#8 /var/www/ava/public/index.php(37): CodeIgniter\CodeIgniter->run()
#9 {main}
CRITICAL - 2022-03-30 18:10:58 --> Cannot redeclare App\Controllers\UserController::delete()
#0 [internal function]: CodeIgniter\Debug\Exceptions->shutdownHandler()
#1 {main}
CRITICAL - 2022-03-30 18:12:05 --> Cannot redeclare App\Controllers\AlunoController::update()
#0 [internal function]: CodeIgniter\Debug\Exceptions->shutdownHandler()
#1 {main}
CRITICAL - 2022-03-30 18:13:32 --> Undefined array key "username"
#0 /var/www/ava/app/Views/aluno/lista_aluno.php(26): CodeIgniter\Debug\Exceptions->errorHandler()
#1 /var/www/ava/system/View/View.php(210): include('...')
#2 /var/www/ava/system/View/View.php(213): CodeIgniter\View\View->CodeIgniter\View\{closure}()
#3 /var/www/ava/system/Common.php(1089): CodeIgniter\View\View->render()
#4 /var/www/ava/app/Controllers/AlunoController.php(61): view()
#5 /var/www/ava/system/CodeIgniter.php(832): App\Controllers\AlunoController->index()
#6 /var/www/ava/system/CodeIgniter.php(419): CodeIgniter\CodeIgniter->runController()
#7 /var/www/ava/system/CodeIgniter.php(326): CodeIgniter\CodeIgniter->handleRequest()
#8 /var/www/ava/public/index.php(37): CodeIgniter\CodeIgniter->run()
#9 {main}
ERROR - 2022-03-30 18:16:18 --> Unknown column 'u.id_aluno' in 'field list'
CRITICAL - 2022-03-30 18:16:18 --> Unknown column 'u.id_aluno' in 'field list'
#0 /var/www/ava/system/Database/MySQLi/Connection.php(292): mysqli->query()
#1 /var/www/ava/system/Database/BaseConnection.php(670): CodeIgniter\Database\MySQLi\Connection->execute()
#2 /var/www/ava/system/Database/BaseConnection.php(598): CodeIgniter\Database\BaseConnection->simpleQuery()
#3 /var/www/ava/system/Database/BaseBuilder.php(1455): CodeIgniter\Database\BaseConnection->query()
#4 /var/www/ava/app/Controllers/AlunoController.php(59): CodeIgniter\Database\BaseBuilder->get()
#5 /var/www/ava/system/CodeIgniter.php(832): App\Controllers\AlunoController->index()
#6 /var/www/ava/system/CodeIgniter.php(419): CodeIgniter\CodeIgniter->runController()
#7 /var/www/ava/system/CodeIgniter.php(326): CodeIgniter\CodeIgniter->handleRequest()
#8 /var/www/ava/public/index.php(37): CodeIgniter\CodeIgniter->run()
#9 {main}
ERROR - 2022-03-30 18:16:20 --> Unknown column 'u.id_aluno' in 'field list'
CRITICAL - 2022-03-30 18:16:20 --> Unknown column 'u.id_aluno' in 'field list'
#0 /var/www/ava/system/Database/MySQLi/Connection.php(292): mysqli->query()
#1 /var/www/ava/system/Database/BaseConnection.php(670): CodeIgniter\Database\MySQLi\Connection->execute()
#2 /var/www/ava/system/Database/BaseConnection.php(598): CodeIgniter\Database\BaseConnection->simpleQuery()
#3 /var/www/ava/system/Database/BaseBuilder.php(1455): CodeIgniter\Database\BaseConnection->query()
#4 /var/www/ava/app/Controllers/AlunoController.php(59): CodeIgniter\Database\BaseBuilder->get()
#5 /var/www/ava/system/CodeIgniter.php(832): App\Controllers\AlunoController->index()
#6 /var/www/ava/system/CodeIgniter.php(419): CodeIgniter\CodeIgniter->runController()
#7 /var/www/ava/system/CodeIgniter.php(326): CodeIgniter\CodeIgniter->handleRequest()
#8 /var/www/ava/public/index.php(37): CodeIgniter\CodeIgniter->run()
#9 {main}
ERROR - 2022-03-30 18:16:21 --> Unknown column 'u.id_aluno' in 'field list'
CRITICAL - 2022-03-30 18:16:21 --> Unknown column 'u.id_aluno' in 'field list'
#0 /var/www/ava/system/Database/MySQLi/Connection.php(292): mysqli->query()
#1 /var/www/ava/system/Database/BaseConnection.php(670): CodeIgniter\Database\MySQLi\Connection->execute()
#2 /var/www/ava/system/Database/BaseConnection.php(598): CodeIgniter\Database\BaseConnection->simpleQuery()
#3 /var/www/ava/system/Database/BaseBuilder.php(1455): CodeIgniter\Database\BaseConnection->query()
#4 /var/www/ava/app/Controllers/AlunoController.php(59): CodeIgniter\Database\BaseBuilder->get()
#5 /var/www/ava/system/CodeIgniter.php(832): App\Controllers\AlunoController->index()
#6 /var/www/ava/system/CodeIgniter.php(419): CodeIgniter\CodeIgniter->runController()
#7 /var/www/ava/system/CodeIgniter.php(326): CodeIgniter\CodeIgniter->handleRequest()
#8 /var/www/ava/public/index.php(37): CodeIgniter\CodeIgniter->run()
#9 {main}
CRITICAL - 2022-03-30 18:16:52 --> Undefined array key "id_aluno"
#0 /var/www/ava/app/Views/aluno/lista_aluno.php(25): CodeIgniter\Debug\Exceptions->errorHandler()
#1 /var/www/ava/system/View/View.php(210): include('...')
#2 /var/www/ava/system/View/View.php(213): CodeIgniter\View\View->CodeIgniter\View\{closure}()
#3 /var/www/ava/system/Common.php(1089): CodeIgniter\View\View->render()
#4 /var/www/ava/app/Controllers/AlunoController.php(61): view()
#5 /var/www/ava/system/CodeIgniter.php(832): App\Controllers\AlunoController->index()
#6 /var/www/ava/system/CodeIgniter.php(419): CodeIgniter\CodeIgniter->runController()
#7 /var/www/ava/system/CodeIgniter.php(326): CodeIgniter\CodeIgniter->handleRequest()
#8 /var/www/ava/public/index.php(37): CodeIgniter\CodeIgniter->run()
#9 {main}
CRITICAL - 2022-03-30 18:17:09 --> Undefined array key "username"
#0 /var/www/ava/app/Views/aluno/lista_aluno.php(26): CodeIgniter\Debug\Exceptions->errorHandler()
#1 /var/www/ava/system/View/View.php(210): include('...')
#2 /var/www/ava/system/View/View.php(213): CodeIgniter\View\View->CodeIgniter\View\{closure}()
#3 /var/www/ava/system/Common.php(1089): CodeIgniter\View\View->render()
#4 /var/www/ava/app/Controllers/AlunoController.php(61): view()
#5 /var/www/ava/system/CodeIgniter.php(832): App\Controllers\AlunoController->index()
#6 /var/www/ava/system/CodeIgniter.php(419): CodeIgniter\CodeIgniter->runController()
#7 /var/www/ava/system/CodeIgniter.php(326): CodeIgniter\CodeIgniter->handleRequest()
#8 /var/www/ava/public/index.php(37): CodeIgniter\CodeIgniter->run()
#9 {main}
CRITICAL - 2022-03-30 18:17:29 --> Undefined array key "id_aluno"
#0 /var/www/ava/app/Views/aluno/lista_aluno.php(36): CodeIgniter\Debug\Exceptions->errorHandler()
#1 /var/www/ava/system/View/View.php(210): include('...')
#2 /var/www/ava/system/View/View.php(213): CodeIgniter\View\View->CodeIgniter\View\{closure}()
#3 /var/www/ava/system/Common.php(1089): CodeIgniter\View\View->render()
#4 /var/www/ava/app/Controllers/AlunoController.php(62): view()
#5 /var/www/ava/system/CodeIgniter.php(832): App\Controllers\AlunoController->index()
#6 /var/www/ava/system/CodeIgniter.php(419): CodeIgniter\CodeIgniter->runController()
#7 /var/www/ava/system/CodeIgniter.php(326): CodeIgniter\CodeIgniter->handleRequest()
#8 /var/www/ava/public/index.php(37): CodeIgniter\CodeIgniter->run()
#9 {main}
ERROR - 2022-03-30 18:18:21 --> Cannot add or update a child row: a foreign key constraint fails (`ava`.`s_certificado_emitido`, CONSTRAINT `s_certificado_emitido_cod_aluno_foreign` FOREIGN KEY (`cod_aluno`) REFERENCES `s_aluno` (`cod_aluno`) ON DELETE CASCADE ON UPDATE CASCADE)
CRITICAL - 2022-03-30 18:18:21 --> Cannot add or update a child row: a foreign key constraint fails (`ava`.`s_certificado_emitido`, CONSTRAINT `s_certificado_emitido_cod_aluno_foreign` FOREIGN KEY (`cod_aluno`) REFERENCES `s_aluno` (`cod_aluno`) ON DELETE CASCADE ON UPDATE CASCADE)
#0 /var/www/ava/system/Database/MySQLi/Connection.php(292): mysqli->query()
#1 /var/www/ava/system/Database/BaseConnection.php(670): CodeIgniter\Database\MySQLi\Connection->execute()
#2 /var/www/ava/system/Database/BaseConnection.php(598): CodeIgniter\Database\BaseConnection->simpleQuery()
#3 /var/www/ava/app/Controllers/CertificadoController.php(69): CodeIgniter\Database\BaseConnection->query()
#4 /var/www/ava/system/CodeIgniter.php(832): App\Controllers\CertificadoController->geraCertificado()
#5 /var/www/ava/system/CodeIgniter.php(419): CodeIgniter\CodeIgniter->runController()
#6 /var/www/ava/system/CodeIgniter.php(326): CodeIgniter\CodeIgniter->handleRequest()
#7 /var/www/ava/public/index.php(37): CodeIgniter\CodeIgniter->run()
#8 {main}
ERROR - 2022-03-30 18:20:50 --> Failed to open the referenced table 's_aluno'
CRITICAL - 2022-03-30 18:32:30 --> Cannot redeclare App\Controllers\UserController::delete()
#0 [internal function]: CodeIgniter\Debug\Exceptions->shutdownHandler()
#1 {main}
CRITICAL - 2022-03-30 18:33:05 --> Cannot redeclare App\Controllers\UserController::delete()
#0 [internal function]: CodeIgniter\Debug\Exceptions->shutdownHandler()
#1 {main}
CRITICAL - 2022-03-30 18:34:04 --> Cannot redeclare App\Controllers\UserController::delete()
#0 [internal function]: CodeIgniter\Debug\Exceptions->shutdownHandler()
#1 {main}
CRITICAL - 2022-03-30 18:34:07 --> Cannot redeclare App\Controllers\UserController::delete()
#0 [internal function]: CodeIgniter\Debug\Exceptions->shutdownHandler()
#1 {main}
CRITICAL - 2022-03-30 18:35:10 --> Cannot redeclare App\Controllers\UserController::delete()
#0 [internal function]: CodeIgniter\Debug\Exceptions->shutdownHandler()
#1 {main}
CRITICAL - 2022-03-30 18:35:11 --> Cannot redeclare App\Controllers\UserController::delete()
#0 [internal function]: CodeIgniter\Debug\Exceptions->shutdownHandler()
#1 {main}
CRITICAL - 2022-03-30 18:35:38 --> Cannot redeclare App\Controllers\UserController::delete()
#0 [internal function]: CodeIgniter\Debug\Exceptions->shutdownHandler()
#1 {main}
CRITICAL - 2022-03-30 18:35:39 --> Cannot redeclare App\Controllers\UserController::delete()
#0 [internal function]: CodeIgniter\Debug\Exceptions->shutdownHandler()
#1 {main}
CRITICAL - 2022-03-30 18:36:14 --> Invalid file: user/users.php
#0 /var/www/ava/system/View/View.php(198): CodeIgniter\Exceptions\FrameworkException::forInvalidFile()
#1 /var/www/ava/system/Common.php(1089): CodeIgniter\View\View->render()
#2 /var/www/ava/app/Controllers/UserController.php(57): view()
#3 /var/www/ava/system/CodeIgniter.php(832): App\Controllers\UserController->index()
#4 /var/www/ava/system/CodeIgniter.php(419): CodeIgniter\CodeIgniter->runController()
#5 /var/www/ava/system/CodeIgniter.php(326): CodeIgniter\CodeIgniter->handleRequest()
#6 /var/www/ava/public/index.php(37): CodeIgniter\CodeIgniter->run()
#7 {main}
CRITICAL - 2022-03-30 18:36:19 --> Invalid file: user/users.php
#0 /var/www/ava/system/View/View.php(198): CodeIgniter\Exceptions\FrameworkException::forInvalidFile()
#1 /var/www/ava/system/Common.php(1089): CodeIgniter\View\View->render()
#2 /var/www/ava/app/Controllers/UserController.php(57): view()
#3 /var/www/ava/system/CodeIgniter.php(832): App\Controllers\UserController->index()
#4 /var/www/ava/system/CodeIgniter.php(419): CodeIgniter\CodeIgniter->runController()
#5 /var/www/ava/system/CodeIgniter.php(326): CodeIgniter\CodeIgniter->handleRequest()
#6 /var/www/ava/public/index.php(37): CodeIgniter\CodeIgniter->run()
#7 {main}
