CRITICAL - 2022-03-22 04:15:49 --> CodeIgniter\Database\BaseBuilder::insert(): Argument #1 ($set) must be of type ?array, string given, called in /var/www/ava/app/Controllers/CertificadoController.php on line 76
#0 /var/www/ava/app/Controllers/CertificadoController.php(76): CodeIgniter\Database\BaseBuilder->insert()
#1 /var/www/ava/system/CodeIgniter.php(832): App\Controllers\CertificadoController->geraCertificado()
#2 /var/www/ava/system/CodeIgniter.php(419): CodeIgniter\CodeIgniter->runController()
#3 /var/www/ava/system/CodeIgniter.php(326): CodeIgniter\CodeIgniter->handleRequest()
#4 /var/www/ava/public/index.php(37): CodeIgniter\CodeIgniter->run()
#5 {main}
CRITICAL - 2022-03-22 04:16:00 --> CodeIgniter\Database\BaseBuilder::insert(): Argument #1 ($set) must be of type ?array, string given, called in /var/www/ava/app/Controllers/CertificadoController.php on line 76
#0 /var/www/ava/app/Controllers/CertificadoController.php(76): CodeIgniter\Database\BaseBuilder->insert()
#1 /var/www/ava/system/CodeIgniter.php(832): App\Controllers\CertificadoController->geraCertificado()
#2 /var/www/ava/system/CodeIgniter.php(419): CodeIgniter\CodeIgniter->runController()
#3 /var/www/ava/system/CodeIgniter.php(326): CodeIgniter\CodeIgniter->handleRequest()
#4 /var/www/ava/public/index.php(37): CodeIgniter\CodeIgniter->run()
#5 {main}
CRITICAL - 2022-03-22 04:17:19 --> syntax error, unexpected token "public"
#0 /var/www/ava/system/Router/Router.php(175): CodeIgniter\Router\Router->autoRoute()
#1 /var/www/ava/system/CodeIgniter.php(726): CodeIgniter\Router\Router->handle()
#2 /var/www/ava/system/CodeIgniter.php(368): CodeIgniter\CodeIgniter->tryToRouteIt()
#3 /var/www/ava/system/CodeIgniter.php(326): CodeIgniter\CodeIgniter->handleRequest()
#4 /var/www/ava/public/index.php(37): CodeIgniter\CodeIgniter->run()
#5 {main}
CRITICAL - 2022-03-22 04:18:17 --> Unclosed '[' on line 74 does not match ')'
#0 /var/www/ava/system/Router/Router.php(175): CodeIgniter\Router\Router->autoRoute()
#1 /var/www/ava/system/CodeIgniter.php(726): CodeIgniter\Router\Router->handle()
#2 /var/www/ava/system/CodeIgniter.php(368): CodeIgniter\CodeIgniter->tryToRouteIt()
#3 /var/www/ava/system/CodeIgniter.php(326): CodeIgniter\CodeIgniter->handleRequest()
#4 /var/www/ava/public/index.php(37): CodeIgniter\CodeIgniter->run()
#5 {main}
CRITICAL - 2022-03-22 04:18:33 --> syntax error, unexpected token "=", expecting "]"
#0 /var/www/ava/system/Router/Router.php(175): CodeIgniter\Router\Router->autoRoute()
#1 /var/www/ava/system/CodeIgniter.php(726): CodeIgniter\Router\Router->handle()
#2 /var/www/ava/system/CodeIgniter.php(368): CodeIgniter\CodeIgniter->tryToRouteIt()
#3 /var/www/ava/system/CodeIgniter.php(326): CodeIgniter\CodeIgniter->handleRequest()
#4 /var/www/ava/public/index.php(37): CodeIgniter\CodeIgniter->run()
#5 {main}
CRITICAL - 2022-03-22 04:18:52 --> syntax error, unexpected token "=", expecting "]"
#0 /var/www/ava/system/Router/Router.php(175): CodeIgniter\Router\Router->autoRoute()
#1 /var/www/ava/system/CodeIgniter.php(726): CodeIgniter\Router\Router->handle()
#2 /var/www/ava/system/CodeIgniter.php(368): CodeIgniter\CodeIgniter->tryToRouteIt()
#3 /var/www/ava/system/CodeIgniter.php(326): CodeIgniter\CodeIgniter->handleRequest()
#4 /var/www/ava/public/index.php(37): CodeIgniter\CodeIgniter->run()
#5 {main}
CRITICAL - 2022-03-22 04:19:03 --> syntax error, unexpected token "=", expecting "]"
#0 /var/www/ava/system/Router/Router.php(175): CodeIgniter\Router\Router->autoRoute()
#1 /var/www/ava/system/CodeIgniter.php(726): CodeIgniter\Router\Router->handle()
#2 /var/www/ava/system/CodeIgniter.php(368): CodeIgniter\CodeIgniter->tryToRouteIt()
#3 /var/www/ava/system/CodeIgniter.php(326): CodeIgniter\CodeIgniter->handleRequest()
#4 /var/www/ava/public/index.php(37): CodeIgniter\CodeIgniter->run()
#5 {main}
CRITICAL - 2022-03-22 04:19:24 --> syntax error, unexpected token "=", expecting "]"
#0 /var/www/ava/system/Router/Router.php(175): CodeIgniter\Router\Router->autoRoute()
#1 /var/www/ava/system/CodeIgniter.php(726): CodeIgniter\Router\Router->handle()
#2 /var/www/ava/system/CodeIgniter.php(368): CodeIgniter\CodeIgniter->tryToRouteIt()
#3 /var/www/ava/system/CodeIgniter.php(326): CodeIgniter\CodeIgniter->handleRequest()
#4 /var/www/ava/public/index.php(37): CodeIgniter\CodeIgniter->run()
#5 {main}
ERROR - 2022-03-22 14:07:50 --> Referencing column 'cod_aluno' and referenced column 'cod_aluno' in foreign key constraint 's_certificado_emitido_cod_aluno_foreign' are incompatible.
ERROR - 2022-03-22 14:13:39 --> Referencing column 'cod_aluno' and referenced column 'cod_aluno' in foreign key constraint 's_certificado_emitido_cod_aluno_foreign' are incompatible.
ERROR - 2022-03-22 14:18:09 --> Cannot add or update a child row: a foreign key constraint fails (`ava`.`p_curso`, CONSTRAINT `p_curso_id_curso_tipo_foreign` FOREIGN KEY (`id_curso_tipo`) REFERENCES `p_curso_tipo` (`id_curso_tipo`) ON DELETE CASCADE ON UPDATE CASCADE)
ERROR - 2022-03-22 14:20:54 --> Cannot add or update a child row: a foreign key constraint fails (`ava`.`p_curso`, CONSTRAINT `p_curso_id_curso_tipo_foreign` FOREIGN KEY (`id_curso_tipo`) REFERENCES `p_curso_tipo` (`id_curso_tipo`) ON DELETE CASCADE ON UPDATE CASCADE)
ERROR - 2022-03-22 14:24:20 --> Table 'p_curso' already exists
