CRITICAL - 2022-03-24 08:16:34 --> Undefined array key "cod_aluno"
#0 /var/www/ava/app/Controllers/CertificadoController.php(130): CodeIgniter\Debug\Exceptions->errorHandler()
#1 /var/www/ava/system/CodeIgniter.php(832): App\Controllers\CertificadoController->select_certificado()
#2 /var/www/ava/system/CodeIgniter.php(419): CodeIgniter\CodeIgniter->runController()
#3 /var/www/ava/system/CodeIgniter.php(326): CodeIgniter\CodeIgniter->handleRequest()
#4 /var/www/ava/public/index.php(37): CodeIgniter\CodeIgniter->run()
#5 {main}
CRITICAL - 2022-03-24 08:17:24 --> Attempt to read property "tratamento" on array
#0 /var/www/ava/app/Views/certificados/certificado_f.php(66): CodeIgniter\Debug\Exceptions->errorHandler()
#1 /var/www/ava/system/View/View.php(210): include('...')
#2 /var/www/ava/system/View/View.php(213): CodeIgniter\View\View->CodeIgniter\View\{closure}()
#3 /var/www/ava/system/Common.php(1089): CodeIgniter\View\View->render()
#4 /var/www/ava/app/Controllers/CertificadoController.php(37): view()
#5 /var/www/ava/app/Controllers/CertificadoController.php(135): App\Controllers\CertificadoController->geraPDF()
#6 /var/www/ava/system/CodeIgniter.php(832): App\Controllers\CertificadoController->select_certificado()
#7 /var/www/ava/system/CodeIgniter.php(419): CodeIgniter\CodeIgniter->runController()
#8 /var/www/ava/system/CodeIgniter.php(326): CodeIgniter\CodeIgniter->handleRequest()
#9 /var/www/ava/public/index.php(37): CodeIgniter\CodeIgniter->run()
#10 {main}
CRITICAL - 2022-03-24 08:17:48 --> Attempt to read property "tratamento" on array
#0 /var/www/ava/app/Views/certificados/certificado_f.php(66): CodeIgniter\Debug\Exceptions->errorHandler()
#1 /var/www/ava/system/View/View.php(210): include('...')
#2 /var/www/ava/system/View/View.php(213): CodeIgniter\View\View->CodeIgniter\View\{closure}()
#3 /var/www/ava/system/Common.php(1089): CodeIgniter\View\View->render()
#4 /var/www/ava/app/Controllers/CertificadoController.php(37): view()
#5 /var/www/ava/app/Controllers/CertificadoController.php(135): App\Controllers\CertificadoController->geraPDF()
#6 /var/www/ava/system/CodeIgniter.php(832): App\Controllers\CertificadoController->select_certificado()
#7 /var/www/ava/system/CodeIgniter.php(419): CodeIgniter\CodeIgniter->runController()
#8 /var/www/ava/system/CodeIgniter.php(326): CodeIgniter\CodeIgniter->handleRequest()
#9 /var/www/ava/public/index.php(37): CodeIgniter\CodeIgniter->run()
#10 {main}
CRITICAL - 2022-03-24 08:18:10 --> Attempt to read property "tratamento" on array
#0 /var/www/ava/app/Views/certificados/certificado_f.php(66): CodeIgniter\Debug\Exceptions->errorHandler()
#1 /var/www/ava/system/View/View.php(210): include('...')
#2 /var/www/ava/system/View/View.php(213): CodeIgniter\View\View->CodeIgniter\View\{closure}()
#3 /var/www/ava/system/Common.php(1089): CodeIgniter\View\View->render()
#4 /var/www/ava/app/Controllers/CertificadoController.php(37): view()
#5 /var/www/ava/app/Controllers/CertificadoController.php(135): App\Controllers\CertificadoController->geraPDF()
#6 /var/www/ava/system/CodeIgniter.php(832): App\Controllers\CertificadoController->select_certificado()
#7 /var/www/ava/system/CodeIgniter.php(419): CodeIgniter\CodeIgniter->runController()
#8 /var/www/ava/system/CodeIgniter.php(326): CodeIgniter\CodeIgniter->handleRequest()
#9 /var/www/ava/public/index.php(37): CodeIgniter\CodeIgniter->run()
#10 {main}
CRITICAL - 2022-03-24 08:18:11 --> Attempt to read property "tratamento" on array
#0 /var/www/ava/app/Views/certificados/certificado_f.php(66): CodeIgniter\Debug\Exceptions->errorHandler()
#1 /var/www/ava/system/View/View.php(210): include('...')
#2 /var/www/ava/system/View/View.php(213): CodeIgniter\View\View->CodeIgniter\View\{closure}()
#3 /var/www/ava/system/Common.php(1089): CodeIgniter\View\View->render()
#4 /var/www/ava/app/Controllers/CertificadoController.php(37): view()
#5 /var/www/ava/app/Controllers/CertificadoController.php(135): App\Controllers\CertificadoController->geraPDF()
#6 /var/www/ava/system/CodeIgniter.php(832): App\Controllers\CertificadoController->select_certificado()
#7 /var/www/ava/system/CodeIgniter.php(419): CodeIgniter\CodeIgniter->runController()
#8 /var/www/ava/system/CodeIgniter.php(326): CodeIgniter\CodeIgniter->handleRequest()
#9 /var/www/ava/public/index.php(37): CodeIgniter\CodeIgniter->run()
#10 {main}
CRITICAL - 2022-03-24 08:18:12 --> Attempt to read property "tratamento" on array
#0 /var/www/ava/app/Views/certificados/certificado_f.php(66): CodeIgniter\Debug\Exceptions->errorHandler()
#1 /var/www/ava/system/View/View.php(210): include('...')
#2 /var/www/ava/system/View/View.php(213): CodeIgniter\View\View->CodeIgniter\View\{closure}()
#3 /var/www/ava/system/Common.php(1089): CodeIgniter\View\View->render()
#4 /var/www/ava/app/Controllers/CertificadoController.php(37): view()
#5 /var/www/ava/app/Controllers/CertificadoController.php(135): App\Controllers\CertificadoController->geraPDF()
#6 /var/www/ava/system/CodeIgniter.php(832): App\Controllers\CertificadoController->select_certificado()
#7 /var/www/ava/system/CodeIgniter.php(419): CodeIgniter\CodeIgniter->runController()
#8 /var/www/ava/system/CodeIgniter.php(326): CodeIgniter\CodeIgniter->handleRequest()
#9 /var/www/ava/public/index.php(37): CodeIgniter\CodeIgniter->run()
#10 {main}
CRITICAL - 2022-03-24 08:18:12 --> Attempt to read property "tratamento" on array
#0 /var/www/ava/app/Views/certificados/certificado_f.php(66): CodeIgniter\Debug\Exceptions->errorHandler()
#1 /var/www/ava/system/View/View.php(210): include('...')
#2 /var/www/ava/system/View/View.php(213): CodeIgniter\View\View->CodeIgniter\View\{closure}()
#3 /var/www/ava/system/Common.php(1089): CodeIgniter\View\View->render()
#4 /var/www/ava/app/Controllers/CertificadoController.php(37): view()
#5 /var/www/ava/app/Controllers/CertificadoController.php(135): App\Controllers\CertificadoController->geraPDF()
#6 /var/www/ava/system/CodeIgniter.php(832): App\Controllers\CertificadoController->select_certificado()
#7 /var/www/ava/system/CodeIgniter.php(419): CodeIgniter\CodeIgniter->runController()
#8 /var/www/ava/system/CodeIgniter.php(326): CodeIgniter\CodeIgniter->handleRequest()
#9 /var/www/ava/public/index.php(37): CodeIgniter\CodeIgniter->run()
#10 {main}
CRITICAL - 2022-03-24 08:18:16 --> Attempt to read property "tratamento" on array
#0 /var/www/ava/app/Views/certificados/certificado_f.php(66): CodeIgniter\Debug\Exceptions->errorHandler()
#1 /var/www/ava/system/View/View.php(210): include('...')
#2 /var/www/ava/system/View/View.php(213): CodeIgniter\View\View->CodeIgniter\View\{closure}()
#3 /var/www/ava/system/Common.php(1089): CodeIgniter\View\View->render()
#4 /var/www/ava/app/Controllers/CertificadoController.php(37): view()
#5 /var/www/ava/app/Controllers/CertificadoController.php(135): App\Controllers\CertificadoController->geraPDF()
#6 /var/www/ava/system/CodeIgniter.php(832): App\Controllers\CertificadoController->select_certificado()
#7 /var/www/ava/system/CodeIgniter.php(419): CodeIgniter\CodeIgniter->runController()
#8 /var/www/ava/system/CodeIgniter.php(326): CodeIgniter\CodeIgniter->handleRequest()
#9 /var/www/ava/public/index.php(37): CodeIgniter\CodeIgniter->run()
#10 {main}
CRITICAL - 2022-03-24 08:52:38 --> Undefined array key "id_curso"
#0 /var/www/ava/app/Controllers/CertificadoController.php(132): CodeIgniter\Debug\Exceptions->errorHandler()
#1 /var/www/ava/system/CodeIgniter.php(832): App\Controllers\CertificadoController->select_certificado()
#2 /var/www/ava/system/CodeIgniter.php(419): CodeIgniter\CodeIgniter->runController()
#3 /var/www/ava/system/CodeIgniter.php(326): CodeIgniter\CodeIgniter->handleRequest()
#4 /var/www/ava/public/index.php(37): CodeIgniter\CodeIgniter->run()
#5 {main}
CRITICAL - 2022-03-24 08:54:35 --> syntax error, unexpected single-quoted string "id_curso", expecting identifier or variable or "{" or "$"
#0 /var/www/ava/system/Router/Router.php(175): CodeIgniter\Router\Router->autoRoute()
#1 /var/www/ava/system/CodeIgniter.php(726): CodeIgniter\Router\Router->handle()
#2 /var/www/ava/system/CodeIgniter.php(368): CodeIgniter\CodeIgniter->tryToRouteIt()
#3 /var/www/ava/system/CodeIgniter.php(326): CodeIgniter\CodeIgniter->handleRequest()
#4 /var/www/ava/public/index.php(37): CodeIgniter\CodeIgniter->run()
#5 {main}
CRITICAL - 2022-03-24 08:55:12 --> Undefined array key "id_curso"
#0 /var/www/ava/app/Controllers/CertificadoController.php(132): CodeIgniter\Debug\Exceptions->errorHandler()
#1 /var/www/ava/system/CodeIgniter.php(832): App\Controllers\CertificadoController->select_certificado()
#2 /var/www/ava/system/CodeIgniter.php(419): CodeIgniter\CodeIgniter->runController()
#3 /var/www/ava/system/CodeIgniter.php(326): CodeIgniter\CodeIgniter->handleRequest()
#4 /var/www/ava/public/index.php(37): CodeIgniter\CodeIgniter->run()
#5 {main}
CRITICAL - 2022-03-24 08:55:28 --> Undefined variable $dados
#0 /var/www/ava/app/Controllers/CertificadoController.php(132): CodeIgniter\Debug\Exceptions->errorHandler()
#1 /var/www/ava/system/CodeIgniter.php(832): App\Controllers\CertificadoController->select_certificado()
#2 /var/www/ava/system/CodeIgniter.php(419): CodeIgniter\CodeIgniter->runController()
#3 /var/www/ava/system/CodeIgniter.php(326): CodeIgniter\CodeIgniter->handleRequest()
#4 /var/www/ava/public/index.php(37): CodeIgniter\CodeIgniter->run()
#5 {main}
CRITICAL - 2022-03-24 08:55:51 --> syntax error, unexpected single-quoted string "id_curso", expecting identifier or variable or "{" or "$"
#0 /var/www/ava/system/Router/Router.php(175): CodeIgniter\Router\Router->autoRoute()
#1 /var/www/ava/system/CodeIgniter.php(726): CodeIgniter\Router\Router->handle()
#2 /var/www/ava/system/CodeIgniter.php(368): CodeIgniter\CodeIgniter->tryToRouteIt()
#3 /var/www/ava/system/CodeIgniter.php(326): CodeIgniter\CodeIgniter->handleRequest()
#4 /var/www/ava/public/index.php(37): CodeIgniter\CodeIgniter->run()
#5 {main}
CRITICAL - 2022-03-24 08:55:59 --> syntax error, unexpected token "=>", expecting "]"
#0 /var/www/ava/system/Router/Router.php(175): CodeIgniter\Router\Router->autoRoute()
#1 /var/www/ava/system/CodeIgniter.php(726): CodeIgniter\Router\Router->handle()
#2 /var/www/ava/system/CodeIgniter.php(368): CodeIgniter\CodeIgniter->tryToRouteIt()
#3 /var/www/ava/system/CodeIgniter.php(326): CodeIgniter\CodeIgniter->handleRequest()
#4 /var/www/ava/public/index.php(37): CodeIgniter\CodeIgniter->run()
#5 {main}
CRITICAL - 2022-03-24 08:56:18 --> syntax error, unexpected token "=>", expecting "]"
#0 /var/www/ava/system/Router/Router.php(175): CodeIgniter\Router\Router->autoRoute()
#1 /var/www/ava/system/CodeIgniter.php(726): CodeIgniter\Router\Router->handle()
#2 /var/www/ava/system/CodeIgniter.php(368): CodeIgniter\CodeIgniter->tryToRouteIt()
#3 /var/www/ava/system/CodeIgniter.php(326): CodeIgniter\CodeIgniter->handleRequest()
#4 /var/www/ava/public/index.php(37): CodeIgniter\CodeIgniter->run()
#5 {main}
CRITICAL - 2022-03-24 08:56:18 --> syntax error, unexpected token "=>", expecting "]"
#0 /var/www/ava/system/Router/Router.php(175): CodeIgniter\Router\Router->autoRoute()
#1 /var/www/ava/system/CodeIgniter.php(726): CodeIgniter\Router\Router->handle()
#2 /var/www/ava/system/CodeIgniter.php(368): CodeIgniter\CodeIgniter->tryToRouteIt()
#3 /var/www/ava/system/CodeIgniter.php(326): CodeIgniter\CodeIgniter->handleRequest()
#4 /var/www/ava/public/index.php(37): CodeIgniter\CodeIgniter->run()
#5 {main}
CRITICAL - 2022-03-24 08:56:19 --> syntax error, unexpected token "=>", expecting "]"
#0 /var/www/ava/system/Router/Router.php(175): CodeIgniter\Router\Router->autoRoute()
#1 /var/www/ava/system/CodeIgniter.php(726): CodeIgniter\Router\Router->handle()
#2 /var/www/ava/system/CodeIgniter.php(368): CodeIgniter\CodeIgniter->tryToRouteIt()
#3 /var/www/ava/system/CodeIgniter.php(326): CodeIgniter\CodeIgniter->handleRequest()
#4 /var/www/ava/public/index.php(37): CodeIgniter\CodeIgniter->run()
#5 {main}
CRITICAL - 2022-03-24 08:56:19 --> syntax error, unexpected token "=>", expecting "]"
#0 /var/www/ava/system/Router/Router.php(175): CodeIgniter\Router\Router->autoRoute()
#1 /var/www/ava/system/CodeIgniter.php(726): CodeIgniter\Router\Router->handle()
#2 /var/www/ava/system/CodeIgniter.php(368): CodeIgniter\CodeIgniter->tryToRouteIt()
#3 /var/www/ava/system/CodeIgniter.php(326): CodeIgniter\CodeIgniter->handleRequest()
#4 /var/www/ava/public/index.php(37): CodeIgniter\CodeIgniter->run()
#5 {main}
CRITICAL - 2022-03-24 08:56:19 --> syntax error, unexpected token "=>", expecting "]"
#0 /var/www/ava/system/Router/Router.php(175): CodeIgniter\Router\Router->autoRoute()
#1 /var/www/ava/system/CodeIgniter.php(726): CodeIgniter\Router\Router->handle()
#2 /var/www/ava/system/CodeIgniter.php(368): CodeIgniter\CodeIgniter->tryToRouteIt()
#3 /var/www/ava/system/CodeIgniter.php(326): CodeIgniter\CodeIgniter->handleRequest()
#4 /var/www/ava/public/index.php(37): CodeIgniter\CodeIgniter->run()
#5 {main}
CRITICAL - 2022-03-24 08:57:10 --> syntax error, unexpected token "=>", expecting "]"
#0 /var/www/ava/system/Router/Router.php(175): CodeIgniter\Router\Router->autoRoute()
#1 /var/www/ava/system/CodeIgniter.php(726): CodeIgniter\Router\Router->handle()
#2 /var/www/ava/system/CodeIgniter.php(368): CodeIgniter\CodeIgniter->tryToRouteIt()
#3 /var/www/ava/system/CodeIgniter.php(326): CodeIgniter\CodeIgniter->handleRequest()
#4 /var/www/ava/public/index.php(37): CodeIgniter\CodeIgniter->run()
#5 {main}
CRITICAL - 2022-03-24 08:57:31 --> syntax error, unexpected token "=>", expecting "]"
#0 /var/www/ava/system/Router/Router.php(175): CodeIgniter\Router\Router->autoRoute()
#1 /var/www/ava/system/CodeIgniter.php(726): CodeIgniter\Router\Router->handle()
#2 /var/www/ava/system/CodeIgniter.php(368): CodeIgniter\CodeIgniter->tryToRouteIt()
#3 /var/www/ava/system/CodeIgniter.php(326): CodeIgniter\CodeIgniter->handleRequest()
#4 /var/www/ava/public/index.php(37): CodeIgniter\CodeIgniter->run()
#5 {main}
CRITICAL - 2022-03-24 09:22:28 --> Attempt to read property "dados" on array
#0 /var/www/ava/app/Controllers/CertificadoController.php(132): CodeIgniter\Debug\Exceptions->errorHandler()
#1 /var/www/ava/system/CodeIgniter.php(832): App\Controllers\CertificadoController->select_certificado()
#2 /var/www/ava/system/CodeIgniter.php(419): CodeIgniter\CodeIgniter->runController()
#3 /var/www/ava/system/CodeIgniter.php(326): CodeIgniter\CodeIgniter->handleRequest()
#4 /var/www/ava/public/index.php(37): CodeIgniter\CodeIgniter->run()
#5 {main}
CRITICAL - 2022-03-24 09:23:54 --> Attempt to read property "id_curso" on array
#0 /var/www/ava/app/Controllers/CertificadoController.php(132): CodeIgniter\Debug\Exceptions->errorHandler()
#1 /var/www/ava/system/CodeIgniter.php(832): App\Controllers\CertificadoController->select_certificado()
#2 /var/www/ava/system/CodeIgniter.php(419): CodeIgniter\CodeIgniter->runController()
#3 /var/www/ava/system/CodeIgniter.php(326): CodeIgniter\CodeIgniter->handleRequest()
#4 /var/www/ava/public/index.php(37): CodeIgniter\CodeIgniter->run()
#5 {main}
CRITICAL - 2022-03-24 09:24:01 --> syntax error, unexpected single-quoted string "id_curso", expecting identifier or variable or "{" or "$"
#0 /var/www/ava/system/Router/Router.php(175): CodeIgniter\Router\Router->autoRoute()
#1 /var/www/ava/system/CodeIgniter.php(726): CodeIgniter\Router\Router->handle()
#2 /var/www/ava/system/CodeIgniter.php(368): CodeIgniter\CodeIgniter->tryToRouteIt()
#3 /var/www/ava/system/CodeIgniter.php(326): CodeIgniter\CodeIgniter->handleRequest()
#4 /var/www/ava/public/index.php(37): CodeIgniter\CodeIgniter->run()
#5 {main}
CRITICAL - 2022-03-24 09:24:06 --> syntax error, unexpected token "=>", expecting "," or ";"
#0 /var/www/ava/system/Router/Router.php(175): CodeIgniter\Router\Router->autoRoute()
#1 /var/www/ava/system/CodeIgniter.php(726): CodeIgniter\Router\Router->handle()
#2 /var/www/ava/system/CodeIgniter.php(368): CodeIgniter\CodeIgniter->tryToRouteIt()
#3 /var/www/ava/system/CodeIgniter.php(326): CodeIgniter\CodeIgniter->handleRequest()
#4 /var/www/ava/public/index.php(37): CodeIgniter\CodeIgniter->run()
#5 {main}
CRITICAL - 2022-03-24 09:28:19 --> Undefined variable $data1
#0 /var/www/ava/app/Controllers/CertificadoController.php(38): CodeIgniter\Debug\Exceptions->errorHandler()
#1 /var/www/ava/app/Controllers/CertificadoController.php(150): App\Controllers\CertificadoController->geraPDF()
#2 /var/www/ava/system/CodeIgniter.php(832): App\Controllers\CertificadoController->select_certificado()
#3 /var/www/ava/system/CodeIgniter.php(419): CodeIgniter\CodeIgniter->runController()
#4 /var/www/ava/system/CodeIgniter.php(326): CodeIgniter\CodeIgniter->handleRequest()
#5 /var/www/ava/public/index.php(37): CodeIgniter\CodeIgniter->run()
#6 {main}
CRITICAL - 2022-03-24 09:34:13 --> Undefined variable $aluno
#0 /var/www/ava/app/Views/certificados/certificado_v.php(48): CodeIgniter\Debug\Exceptions->errorHandler()
#1 /var/www/ava/system/View/View.php(210): include('...')
#2 /var/www/ava/system/View/View.php(213): CodeIgniter\View\View->CodeIgniter\View\{closure}()
#3 /var/www/ava/system/Common.php(1089): CodeIgniter\View\View->render()
#4 /var/www/ava/app/Controllers/CertificadoController.php(42): view()
#5 /var/www/ava/app/Controllers/CertificadoController.php(150): App\Controllers\CertificadoController->geraPDF()
#6 /var/www/ava/system/CodeIgniter.php(832): App\Controllers\CertificadoController->select_certificado()
#7 /var/www/ava/system/CodeIgniter.php(419): CodeIgniter\CodeIgniter->runController()
#8 /var/www/ava/system/CodeIgniter.php(326): CodeIgniter\CodeIgniter->handleRequest()
#9 /var/www/ava/public/index.php(37): CodeIgniter\CodeIgniter->run()
#10 {main}
CRITICAL - 2022-03-24 09:34:30 --> Cannot access offset of type string on string
#0 /var/www/ava/system/View/View.php(210): include()
#1 /var/www/ava/system/View/View.php(213): CodeIgniter\View\View->CodeIgniter\View\{closure}()
#2 /var/www/ava/system/Common.php(1089): CodeIgniter\View\View->render()
#3 /var/www/ava/app/Controllers/CertificadoController.php(42): view()
#4 /var/www/ava/app/Controllers/CertificadoController.php(150): App\Controllers\CertificadoController->geraPDF()
#5 /var/www/ava/system/CodeIgniter.php(832): App\Controllers\CertificadoController->select_certificado()
#6 /var/www/ava/system/CodeIgniter.php(419): CodeIgniter\CodeIgniter->runController()
#7 /var/www/ava/system/CodeIgniter.php(326): CodeIgniter\CodeIgniter->handleRequest()
#8 /var/www/ava/public/index.php(37): CodeIgniter\CodeIgniter->run()
#9 {main}
CRITICAL - 2022-03-24 09:35:16 --> Attempt to read property "cursos_curriculo" on string
#0 /var/www/ava/app/Views/certificados/certificado_v.php(48): CodeIgniter\Debug\Exceptions->errorHandler()
#1 /var/www/ava/system/View/View.php(210): include('...')
#2 /var/www/ava/system/View/View.php(213): CodeIgniter\View\View->CodeIgniter\View\{closure}()
#3 /var/www/ava/system/Common.php(1089): CodeIgniter\View\View->render()
#4 /var/www/ava/app/Controllers/CertificadoController.php(42): view()
#5 /var/www/ava/app/Controllers/CertificadoController.php(150): App\Controllers\CertificadoController->geraPDF()
#6 /var/www/ava/system/CodeIgniter.php(832): App\Controllers\CertificadoController->select_certificado()
#7 /var/www/ava/system/CodeIgniter.php(419): CodeIgniter\CodeIgniter->runController()
#8 /var/www/ava/system/CodeIgniter.php(326): CodeIgniter\CodeIgniter->handleRequest()
#9 /var/www/ava/public/index.php(37): CodeIgniter\CodeIgniter->run()
#10 {main}
CRITICAL - 2022-03-24 09:35:19 --> Attempt to read property "cursos_curriculo" on string
#0 /var/www/ava/app/Views/certificados/certificado_v.php(48): CodeIgniter\Debug\Exceptions->errorHandler()
#1 /var/www/ava/system/View/View.php(210): include('...')
#2 /var/www/ava/system/View/View.php(213): CodeIgniter\View\View->CodeIgniter\View\{closure}()
#3 /var/www/ava/system/Common.php(1089): CodeIgniter\View\View->render()
#4 /var/www/ava/app/Controllers/CertificadoController.php(42): view()
#5 /var/www/ava/app/Controllers/CertificadoController.php(150): App\Controllers\CertificadoController->geraPDF()
#6 /var/www/ava/system/CodeIgniter.php(832): App\Controllers\CertificadoController->select_certificado()
#7 /var/www/ava/system/CodeIgniter.php(419): CodeIgniter\CodeIgniter->runController()
#8 /var/www/ava/system/CodeIgniter.php(326): CodeIgniter\CodeIgniter->handleRequest()
#9 /var/www/ava/public/index.php(37): CodeIgniter\CodeIgniter->run()
#10 {main}
CRITICAL - 2022-03-24 09:35:36 --> Attempt to read property "cursos_curriculo" on string
#0 /var/www/ava/app/Views/certificados/certificado_v.php(48): CodeIgniter\Debug\Exceptions->errorHandler()
#1 /var/www/ava/system/View/View.php(210): include('...')
#2 /var/www/ava/system/View/View.php(213): CodeIgniter\View\View->CodeIgniter\View\{closure}()
#3 /var/www/ava/system/Common.php(1089): CodeIgniter\View\View->render()
#4 /var/www/ava/app/Controllers/CertificadoController.php(42): view()
#5 /var/www/ava/app/Controllers/CertificadoController.php(150): App\Controllers\CertificadoController->geraPDF()
#6 /var/www/ava/system/CodeIgniter.php(832): App\Controllers\CertificadoController->select_certificado()
#7 /var/www/ava/system/CodeIgniter.php(419): CodeIgniter\CodeIgniter->runController()
#8 /var/www/ava/system/CodeIgniter.php(326): CodeIgniter\CodeIgniter->handleRequest()
#9 /var/www/ava/public/index.php(37): CodeIgniter\CodeIgniter->run()
#10 {main}
CRITICAL - 2022-03-24 09:36:09 --> Cannot access offset of type string on string
#0 /var/www/ava/system/View/View.php(210): include()
#1 /var/www/ava/system/View/View.php(213): CodeIgniter\View\View->CodeIgniter\View\{closure}()
#2 /var/www/ava/system/Common.php(1089): CodeIgniter\View\View->render()
#3 /var/www/ava/app/Controllers/CertificadoController.php(42): view()
#4 /var/www/ava/app/Controllers/CertificadoController.php(150): App\Controllers\CertificadoController->geraPDF()
#5 /var/www/ava/system/CodeIgniter.php(832): App\Controllers\CertificadoController->select_certificado()
#6 /var/www/ava/system/CodeIgniter.php(419): CodeIgniter\CodeIgniter->runController()
#7 /var/www/ava/system/CodeIgniter.php(326): CodeIgniter\CodeIgniter->handleRequest()
#8 /var/www/ava/public/index.php(37): CodeIgniter\CodeIgniter->run()
#9 {main}
CRITICAL - 2022-03-24 09:36:29 --> Cannot access offset of type string on string
#0 /var/www/ava/system/View/View.php(210): include()
#1 /var/www/ava/system/View/View.php(213): CodeIgniter\View\View->CodeIgniter\View\{closure}()
#2 /var/www/ava/system/Common.php(1089): CodeIgniter\View\View->render()
#3 /var/www/ava/app/Controllers/CertificadoController.php(42): view()
#4 /var/www/ava/app/Controllers/CertificadoController.php(150): App\Controllers\CertificadoController->geraPDF()
#5 /var/www/ava/system/CodeIgniter.php(832): App\Controllers\CertificadoController->select_certificado()
#6 /var/www/ava/system/CodeIgniter.php(419): CodeIgniter\CodeIgniter->runController()
#7 /var/www/ava/system/CodeIgniter.php(326): CodeIgniter\CodeIgniter->handleRequest()
#8 /var/www/ava/public/index.php(37): CodeIgniter\CodeIgniter->run()
#9 {main}
CRITICAL - 2022-03-24 09:38:14 --> Attempt to read property "cursos_curriculo_carga" on string
#0 /var/www/ava/app/Views/certificados/certificado_v.php(51): CodeIgniter\Debug\Exceptions->errorHandler()
#1 /var/www/ava/system/View/View.php(210): include('...')
#2 /var/www/ava/system/View/View.php(213): CodeIgniter\View\View->CodeIgniter\View\{closure}()
#3 /var/www/ava/system/Common.php(1089): CodeIgniter\View\View->render()
#4 /var/www/ava/app/Controllers/CertificadoController.php(42): view()
#5 /var/www/ava/app/Controllers/CertificadoController.php(150): App\Controllers\CertificadoController->geraPDF()
#6 /var/www/ava/system/CodeIgniter.php(832): App\Controllers\CertificadoController->select_certificado()
#7 /var/www/ava/system/CodeIgniter.php(419): CodeIgniter\CodeIgniter->runController()
#8 /var/www/ava/system/CodeIgniter.php(326): CodeIgniter\CodeIgniter->handleRequest()
#9 /var/www/ava/public/index.php(37): CodeIgniter\CodeIgniter->run()
#10 {main}
CRITICAL - 2022-03-24 09:38:51 --> Cannot access offset of type string on string
#0 /var/www/ava/system/View/View.php(210): include()
#1 /var/www/ava/system/View/View.php(213): CodeIgniter\View\View->CodeIgniter\View\{closure}()
#2 /var/www/ava/system/Common.php(1089): CodeIgniter\View\View->render()
#3 /var/www/ava/app/Controllers/CertificadoController.php(42): view()
#4 /var/www/ava/app/Controllers/CertificadoController.php(150): App\Controllers\CertificadoController->geraPDF()
#5 /var/www/ava/system/CodeIgniter.php(832): App\Controllers\CertificadoController->select_certificado()
#6 /var/www/ava/system/CodeIgniter.php(419): CodeIgniter\CodeIgniter->runController()
#7 /var/www/ava/system/CodeIgniter.php(326): CodeIgniter\CodeIgniter->handleRequest()
#8 /var/www/ava/public/index.php(37): CodeIgniter\CodeIgniter->run()
#9 {main}
CRITICAL - 2022-03-24 09:39:09 --> Cannot access offset of type string on string
#0 /var/www/ava/system/View/View.php(210): include()
#1 /var/www/ava/system/View/View.php(213): CodeIgniter\View\View->CodeIgniter\View\{closure}()
#2 /var/www/ava/system/Common.php(1089): CodeIgniter\View\View->render()
#3 /var/www/ava/app/Controllers/CertificadoController.php(42): view()
#4 /var/www/ava/app/Controllers/CertificadoController.php(150): App\Controllers\CertificadoController->geraPDF()
#5 /var/www/ava/system/CodeIgniter.php(832): App\Controllers\CertificadoController->select_certificado()
#6 /var/www/ava/system/CodeIgniter.php(419): CodeIgniter\CodeIgniter->runController()
#7 /var/www/ava/system/CodeIgniter.php(326): CodeIgniter\CodeIgniter->handleRequest()
#8 /var/www/ava/public/index.php(37): CodeIgniter\CodeIgniter->run()
#9 {main}
CRITICAL - 2022-03-24 09:39:54 --> syntax error, unexpected token "echo"
#0 /var/www/ava/system/View/View.php(213): CodeIgniter\View\View->CodeIgniter\View\{closure}()
#1 /var/www/ava/system/Common.php(1089): CodeIgniter\View\View->render()
#2 /var/www/ava/app/Controllers/CertificadoController.php(42): view()
#3 /var/www/ava/app/Controllers/CertificadoController.php(150): App\Controllers\CertificadoController->geraPDF()
#4 /var/www/ava/system/CodeIgniter.php(832): App\Controllers\CertificadoController->select_certificado()
#5 /var/www/ava/system/CodeIgniter.php(419): CodeIgniter\CodeIgniter->runController()
#6 /var/www/ava/system/CodeIgniter.php(326): CodeIgniter\CodeIgniter->handleRequest()
#7 /var/www/ava/public/index.php(37): CodeIgniter\CodeIgniter->run()
#8 {main}
CRITICAL - 2022-03-24 09:40:07 --> Cannot access offset of type string on string
#0 /var/www/ava/system/View/View.php(210): include()
#1 /var/www/ava/system/View/View.php(213): CodeIgniter\View\View->CodeIgniter\View\{closure}()
#2 /var/www/ava/system/Common.php(1089): CodeIgniter\View\View->render()
#3 /var/www/ava/app/Controllers/CertificadoController.php(42): view()
#4 /var/www/ava/app/Controllers/CertificadoController.php(150): App\Controllers\CertificadoController->geraPDF()
#5 /var/www/ava/system/CodeIgniter.php(832): App\Controllers\CertificadoController->select_certificado()
#6 /var/www/ava/system/CodeIgniter.php(419): CodeIgniter\CodeIgniter->runController()
#7 /var/www/ava/system/CodeIgniter.php(326): CodeIgniter\CodeIgniter->handleRequest()
#8 /var/www/ava/public/index.php(37): CodeIgniter\CodeIgniter->run()
#9 {main}
CRITICAL - 2022-03-24 09:40:18 --> Cannot access offset of type string on string
#0 /var/www/ava/system/View/View.php(210): include()
#1 /var/www/ava/system/View/View.php(213): CodeIgniter\View\View->CodeIgniter\View\{closure}()
#2 /var/www/ava/system/Common.php(1089): CodeIgniter\View\View->render()
#3 /var/www/ava/app/Controllers/CertificadoController.php(42): view()
#4 /var/www/ava/app/Controllers/CertificadoController.php(150): App\Controllers\CertificadoController->geraPDF()
#5 /var/www/ava/system/CodeIgniter.php(832): App\Controllers\CertificadoController->select_certificado()
#6 /var/www/ava/system/CodeIgniter.php(419): CodeIgniter\CodeIgniter->runController()
#7 /var/www/ava/system/CodeIgniter.php(326): CodeIgniter\CodeIgniter->handleRequest()
#8 /var/www/ava/public/index.php(37): CodeIgniter\CodeIgniter->run()
#9 {main}
CRITICAL - 2022-03-24 09:40:56 --> Attempt to read property "cursos_curriculo" on string
#0 /var/www/ava/app/Views/certificados/certificado_v.php(48): CodeIgniter\Debug\Exceptions->errorHandler()
#1 /var/www/ava/system/View/View.php(210): include('...')
#2 /var/www/ava/system/View/View.php(213): CodeIgniter\View\View->CodeIgniter\View\{closure}()
#3 /var/www/ava/system/Common.php(1089): CodeIgniter\View\View->render()
#4 /var/www/ava/app/Controllers/CertificadoController.php(42): view()
#5 /var/www/ava/app/Controllers/CertificadoController.php(150): App\Controllers\CertificadoController->geraPDF()
#6 /var/www/ava/system/CodeIgniter.php(832): App\Controllers\CertificadoController->select_certificado()
#7 /var/www/ava/system/CodeIgniter.php(419): CodeIgniter\CodeIgniter->runController()
#8 /var/www/ava/system/CodeIgniter.php(326): CodeIgniter\CodeIgniter->handleRequest()
#9 /var/www/ava/public/index.php(37): CodeIgniter\CodeIgniter->run()
#10 {main}
CRITICAL - 2022-03-24 09:44:26 --> Attempt to read property "cursos_curriculo" on array
#0 /var/www/ava/app/Views/certificados/certificado_v.php(48): CodeIgniter\Debug\Exceptions->errorHandler()
#1 /var/www/ava/system/View/View.php(210): include('...')
#2 /var/www/ava/system/View/View.php(213): CodeIgniter\View\View->CodeIgniter\View\{closure}()
#3 /var/www/ava/system/Common.php(1089): CodeIgniter\View\View->render()
#4 /var/www/ava/app/Controllers/CertificadoController.php(42): view()
#5 /var/www/ava/app/Controllers/CertificadoController.php(150): App\Controllers\CertificadoController->geraPDF()
#6 /var/www/ava/system/CodeIgniter.php(832): App\Controllers\CertificadoController->select_certificado()
#7 /var/www/ava/system/CodeIgniter.php(419): CodeIgniter\CodeIgniter->runController()
#8 /var/www/ava/system/CodeIgniter.php(326): CodeIgniter\CodeIgniter->handleRequest()
#9 /var/www/ava/public/index.php(37): CodeIgniter\CodeIgniter->run()
#10 {main}
CRITICAL - 2022-03-24 09:44:41 --> Attempt to read property "cursos_curriculo" on array
#0 /var/www/ava/app/Views/certificados/certificado_v.php(48): CodeIgniter\Debug\Exceptions->errorHandler()
#1 /var/www/ava/system/View/View.php(210): include('...')
#2 /var/www/ava/system/View/View.php(213): CodeIgniter\View\View->CodeIgniter\View\{closure}()
#3 /var/www/ava/system/Common.php(1089): CodeIgniter\View\View->render()
#4 /var/www/ava/app/Controllers/CertificadoController.php(42): view()
#5 /var/www/ava/app/Controllers/CertificadoController.php(150): App\Controllers\CertificadoController->geraPDF()
#6 /var/www/ava/system/CodeIgniter.php(832): App\Controllers\CertificadoController->select_certificado()
#7 /var/www/ava/system/CodeIgniter.php(419): CodeIgniter\CodeIgniter->runController()
#8 /var/www/ava/system/CodeIgniter.php(326): CodeIgniter\CodeIgniter->handleRequest()
#9 /var/www/ava/public/index.php(37): CodeIgniter\CodeIgniter->run()
#10 {main}
CRITICAL - 2022-03-24 09:44:51 --> Undefined array key "cursos_curriculo"
#0 /var/www/ava/app/Views/certificados/certificado_v.php(48): CodeIgniter\Debug\Exceptions->errorHandler()
#1 /var/www/ava/system/View/View.php(210): include('...')
#2 /var/www/ava/system/View/View.php(213): CodeIgniter\View\View->CodeIgniter\View\{closure}()
#3 /var/www/ava/system/Common.php(1089): CodeIgniter\View\View->render()
#4 /var/www/ava/app/Controllers/CertificadoController.php(42): view()
#5 /var/www/ava/app/Controllers/CertificadoController.php(150): App\Controllers\CertificadoController->geraPDF()
#6 /var/www/ava/system/CodeIgniter.php(832): App\Controllers\CertificadoController->select_certificado()
#7 /var/www/ava/system/CodeIgniter.php(419): CodeIgniter\CodeIgniter->runController()
#8 /var/www/ava/system/CodeIgniter.php(326): CodeIgniter\CodeIgniter->handleRequest()
#9 /var/www/ava/public/index.php(37): CodeIgniter\CodeIgniter->run()
#10 {main}
CRITICAL - 2022-03-24 09:45:00 --> Attempt to read property "cursos_curriculo_carga" on array
#0 /var/www/ava/app/Views/certificados/certificado_v.php(49): CodeIgniter\Debug\Exceptions->errorHandler()
#1 /var/www/ava/system/View/View.php(210): include('...')
#2 /var/www/ava/system/View/View.php(213): CodeIgniter\View\View->CodeIgniter\View\{closure}()
#3 /var/www/ava/system/Common.php(1089): CodeIgniter\View\View->render()
#4 /var/www/ava/app/Controllers/CertificadoController.php(42): view()
#5 /var/www/ava/app/Controllers/CertificadoController.php(150): App\Controllers\CertificadoController->geraPDF()
#6 /var/www/ava/system/CodeIgniter.php(832): App\Controllers\CertificadoController->select_certificado()
#7 /var/www/ava/system/CodeIgniter.php(419): CodeIgniter\CodeIgniter->runController()
#8 /var/www/ava/system/CodeIgniter.php(326): CodeIgniter\CodeIgniter->handleRequest()
#9 /var/www/ava/public/index.php(37): CodeIgniter\CodeIgniter->run()
#10 {main}
ERROR - 2022-03-24 12:14:35 --> Table 'ava.alunos' doesn't exist
CRITICAL - 2022-03-24 12:14:35 --> Table 'ava.alunos' doesn't exist
#0 /var/www/ava/system/Database/MySQLi/Connection.php(292): mysqli->query()
#1 /var/www/ava/system/Database/BaseConnection.php(670): CodeIgniter\Database\MySQLi\Connection->execute()
#2 /var/www/ava/system/Database/BaseConnection.php(598): CodeIgniter\Database\BaseConnection->simpleQuery()
#3 /var/www/ava/system/Database/BaseBuilder.php(1455): CodeIgniter\Database\BaseConnection->query()
#4 /var/www/ava/system/Validation/Rules.php(142): CodeIgniter\Database\BaseBuilder->get()
#5 /var/www/ava/system/Validation/Validation.php(292): CodeIgniter\Validation\Rules->is_unique()
#6 /var/www/ava/system/Validation/Validation.php(157): CodeIgniter\Validation\Validation->processRules()
#7 /var/www/ava/system/Controller.php(160): CodeIgniter\Validation\Validation->run()
#8 /var/www/ava/app/Controllers/AlunosController.php(118): CodeIgniter\Controller->validate()
#9 /var/www/ava/system/CodeIgniter.php(832): App\Controllers\AlunosController->cad_aluno()
#10 /var/www/ava/system/CodeIgniter.php(419): CodeIgniter\CodeIgniter->runController()
#11 /var/www/ava/system/CodeIgniter.php(326): CodeIgniter\CodeIgniter->handleRequest()
#12 /var/www/ava/public/index.php(37): CodeIgniter\CodeIgniter->run()
#13 {main}
ERROR - 2022-03-24 12:28:35 --> Table 'ava.alunos' doesn't exist
CRITICAL - 2022-03-24 12:28:35 --> Table 'ava.alunos' doesn't exist
#0 /var/www/ava/system/Database/MySQLi/Connection.php(292): mysqli->query()
#1 /var/www/ava/system/Database/BaseConnection.php(670): CodeIgniter\Database\MySQLi\Connection->execute()
#2 /var/www/ava/system/Database/BaseConnection.php(598): CodeIgniter\Database\BaseConnection->simpleQuery()
#3 /var/www/ava/system/Database/BaseBuilder.php(1455): CodeIgniter\Database\BaseConnection->query()
#4 /var/www/ava/system/Validation/Rules.php(142): CodeIgniter\Database\BaseBuilder->get()
#5 /var/www/ava/system/Validation/Validation.php(292): CodeIgniter\Validation\Rules->is_unique()
#6 /var/www/ava/system/Validation/Validation.php(157): CodeIgniter\Validation\Validation->processRules()
#7 /var/www/ava/system/Controller.php(160): CodeIgniter\Validation\Validation->run()
#8 /var/www/ava/app/Controllers/AlunosController.php(118): CodeIgniter\Controller->validate()
#9 /var/www/ava/system/CodeIgniter.php(832): App\Controllers\AlunosController->cad_aluno()
#10 /var/www/ava/system/CodeIgniter.php(419): CodeIgniter\CodeIgniter->runController()
#11 /var/www/ava/system/CodeIgniter.php(326): CodeIgniter\CodeIgniter->handleRequest()
#12 /var/www/ava/public/index.php(37): CodeIgniter\CodeIgniter->run()
#13 {main}
ERROR - 2022-03-24 12:35:46 --> Table 'ava.alunos' doesn't exist
CRITICAL - 2022-03-24 12:35:46 --> Table 'ava.alunos' doesn't exist
#0 /var/www/ava/system/Database/MySQLi/Connection.php(292): mysqli->query()
#1 /var/www/ava/system/Database/BaseConnection.php(670): CodeIgniter\Database\MySQLi\Connection->execute()
#2 /var/www/ava/system/Database/BaseConnection.php(598): CodeIgniter\Database\BaseConnection->simpleQuery()
#3 /var/www/ava/system/Database/BaseBuilder.php(1455): CodeIgniter\Database\BaseConnection->query()
#4 /var/www/ava/system/Validation/Rules.php(142): CodeIgniter\Database\BaseBuilder->get()
#5 /var/www/ava/system/Validation/Validation.php(292): CodeIgniter\Validation\Rules->is_unique()
#6 /var/www/ava/system/Validation/Validation.php(157): CodeIgniter\Validation\Validation->processRules()
#7 /var/www/ava/system/Controller.php(160): CodeIgniter\Validation\Validation->run()
#8 /var/www/ava/app/Controllers/AlunosController.php(118): CodeIgniter\Controller->validate()
#9 /var/www/ava/system/CodeIgniter.php(832): App\Controllers\AlunosController->cad_aluno()
#10 /var/www/ava/system/CodeIgniter.php(419): CodeIgniter\CodeIgniter->runController()
#11 /var/www/ava/system/CodeIgniter.php(326): CodeIgniter\CodeIgniter->handleRequest()
#12 /var/www/ava/public/index.php(37): CodeIgniter\CodeIgniter->run()
#13 {main}
ERROR - 2022-03-24 12:36:19 --> Table 'ava.alunos' doesn't exist
CRITICAL - 2022-03-24 12:36:19 --> Table 'ava.alunos' doesn't exist
#0 /var/www/ava/system/Database/MySQLi/Connection.php(292): mysqli->query()
#1 /var/www/ava/system/Database/BaseConnection.php(670): CodeIgniter\Database\MySQLi\Connection->execute()
#2 /var/www/ava/system/Database/BaseConnection.php(598): CodeIgniter\Database\BaseConnection->simpleQuery()
#3 /var/www/ava/system/Database/BaseBuilder.php(1455): CodeIgniter\Database\BaseConnection->query()
#4 /var/www/ava/system/Validation/Rules.php(142): CodeIgniter\Database\BaseBuilder->get()
#5 /var/www/ava/system/Validation/Validation.php(292): CodeIgniter\Validation\Rules->is_unique()
#6 /var/www/ava/system/Validation/Validation.php(157): CodeIgniter\Validation\Validation->processRules()
#7 /var/www/ava/system/Controller.php(160): CodeIgniter\Validation\Validation->run()
#8 /var/www/ava/app/Controllers/AlunosController.php(118): CodeIgniter\Controller->validate()
#9 /var/www/ava/system/CodeIgniter.php(832): App\Controllers\AlunosController->cad_aluno()
#10 /var/www/ava/system/CodeIgniter.php(419): CodeIgniter\CodeIgniter->runController()
#11 /var/www/ava/system/CodeIgniter.php(326): CodeIgniter\CodeIgniter->handleRequest()
#12 /var/www/ava/public/index.php(37): CodeIgniter\CodeIgniter->run()
#13 {main}
CRITICAL - 2022-03-24 13:48:37 --> Invalid file: aluno/lista_aluno.php
#0 /var/www/ava/system/View/View.php(198): CodeIgniter\Exceptions\FrameworkException::forInvalidFile()
#1 /var/www/ava/system/Common.php(1089): CodeIgniter\View\View->render()
#2 /var/www/ava/app/Controllers/AlunoController.php(62): view()
#3 /var/www/ava/system/CodeIgniter.php(832): App\Controllers\AlunoController->lista_aluno()
#4 /var/www/ava/system/CodeIgniter.php(419): CodeIgniter\CodeIgniter->runController()
#5 /var/www/ava/system/CodeIgniter.php(326): CodeIgniter\CodeIgniter->handleRequest()
#6 /var/www/ava/public/index.php(37): CodeIgniter\CodeIgniter->run()
#7 {main}
CRITICAL - 2022-03-24 13:49:06 --> Undefined array key "tratamento"
#0 /var/www/ava/app/Views/aluno/lista_aluno.php(23): CodeIgniter\Debug\Exceptions->errorHandler()
#1 /var/www/ava/system/View/View.php(210): include('...')
#2 /var/www/ava/system/View/View.php(213): CodeIgniter\View\View->CodeIgniter\View\{closure}()
#3 /var/www/ava/system/Common.php(1089): CodeIgniter\View\View->render()
#4 /var/www/ava/app/Controllers/AlunoController.php(62): view()
#5 /var/www/ava/system/CodeIgniter.php(832): App\Controllers\AlunoController->lista_aluno()
#6 /var/www/ava/system/CodeIgniter.php(419): CodeIgniter\CodeIgniter->runController()
#7 /var/www/ava/system/CodeIgniter.php(326): CodeIgniter\CodeIgniter->handleRequest()
#8 /var/www/ava/public/index.php(37): CodeIgniter\CodeIgniter->run()
#9 {main}
ERROR - 2022-03-24 13:49:42 --> Table 'ava.aluno' doesn't exist
CRITICAL - 2022-03-24 13:49:42 --> Table 'ava.aluno' doesn't exist
#0 /var/www/ava/system/Database/MySQLi/Connection.php(292): mysqli->query()
#1 /var/www/ava/system/Database/BaseConnection.php(670): CodeIgniter\Database\MySQLi\Connection->execute()
#2 /var/www/ava/system/Database/BaseConnection.php(598): CodeIgniter\Database\BaseConnection->simpleQuery()
#3 /var/www/ava/system/Database/BaseBuilder.php(1455): CodeIgniter\Database\BaseConnection->query()
#4 /var/www/ava/system/Validation/Rules.php(142): CodeIgniter\Database\BaseBuilder->get()
#5 /var/www/ava/system/Validation/Validation.php(292): CodeIgniter\Validation\Rules->is_unique()
#6 /var/www/ava/system/Validation/Validation.php(157): CodeIgniter\Validation\Validation->processRules()
#7 /var/www/ava/system/Controller.php(160): CodeIgniter\Validation\Validation->run()
#8 /var/www/ava/app/Controllers/AlunoController.php(118): CodeIgniter\Controller->validate()
#9 /var/www/ava/system/CodeIgniter.php(832): App\Controllers\AlunoController->cad_aluno()
#10 /var/www/ava/system/CodeIgniter.php(419): CodeIgniter\CodeIgniter->runController()
#11 /var/www/ava/system/CodeIgniter.php(326): CodeIgniter\CodeIgniter->handleRequest()
#12 /var/www/ava/public/index.php(37): CodeIgniter\CodeIgniter->run()
#13 {main}
ERROR - 2022-03-24 14:05:59 --> Table 'ava.aluno' doesn't exist
CRITICAL - 2022-03-24 14:05:59 --> Table 'ava.aluno' doesn't exist
#0 /var/www/ava/system/Database/MySQLi/Connection.php(292): mysqli->query()
#1 /var/www/ava/system/Database/BaseConnection.php(670): CodeIgniter\Database\MySQLi\Connection->execute()
#2 /var/www/ava/system/Database/BaseConnection.php(598): CodeIgniter\Database\BaseConnection->simpleQuery()
#3 /var/www/ava/system/Database/BaseBuilder.php(1455): CodeIgniter\Database\BaseConnection->query()
#4 /var/www/ava/system/Validation/Rules.php(142): CodeIgniter\Database\BaseBuilder->get()
#5 /var/www/ava/system/Validation/Validation.php(292): CodeIgniter\Validation\Rules->is_unique()
#6 /var/www/ava/system/Validation/Validation.php(157): CodeIgniter\Validation\Validation->processRules()
#7 /var/www/ava/system/Controller.php(160): CodeIgniter\Validation\Validation->run()
#8 /var/www/ava/app/Controllers/AlunoController.php(116): CodeIgniter\Controller->validate()
#9 /var/www/ava/system/CodeIgniter.php(832): App\Controllers\AlunoController->cad_aluno()
#10 /var/www/ava/system/CodeIgniter.php(419): CodeIgniter\CodeIgniter->runController()
#11 /var/www/ava/system/CodeIgniter.php(326): CodeIgniter\CodeIgniter->handleRequest()
#12 /var/www/ava/public/index.php(37): CodeIgniter\CodeIgniter->run()
#13 {main}
