CRITICAL - 2022-04-04 07:08:50 --> ZipArchive::addFile(): No such file or directory
#0 [internal function]: CodeIgniter\Debug\Exceptions->errorHandler()
#1 /var/www/ava/app/Controllers/CertificadoController.php(41): ZipArchive->addFile()
#2 /var/www/ava/system/CodeIgniter.php(832): App\Controllers\CertificadoController->zipDownload()
#3 /var/www/ava/system/CodeIgniter.php(419): CodeIgniter\CodeIgniter->runController()
#4 /var/www/ava/system/CodeIgniter.php(326): CodeIgniter\CodeIgniter->handleRequest()
#5 /var/www/ava/public/index.php(37): CodeIgniter\CodeIgniter->run()
#6 {main}
CRITICAL - 2022-04-04 07:11:24 --> Undefined variable $id
#0 /var/www/ava/app/Controllers/CursoController.php(56): CodeIgniter\Debug\Exceptions->errorHandler()
#1 /var/www/ava/system/CodeIgniter.php(832): App\Controllers\CursoController->edit()
#2 /var/www/ava/system/CodeIgniter.php(419): CodeIgniter\CodeIgniter->runController()
#3 /var/www/ava/system/CodeIgniter.php(326): CodeIgniter\CodeIgniter->handleRequest()
#4 /var/www/ava/public/index.php(37): CodeIgniter\CodeIgniter->run()
#5 {main}
CRITICAL - 2022-04-04 07:12:19 --> Undefined variable $id
#0 /var/www/ava/app/Controllers/CursoController.php(56): CodeIgniter\Debug\Exceptions->errorHandler()
#1 /var/www/ava/system/CodeIgniter.php(832): App\Controllers\CursoController->edit()
#2 /var/www/ava/system/CodeIgniter.php(419): CodeIgniter\CodeIgniter->runController()
#3 /var/www/ava/system/CodeIgniter.php(326): CodeIgniter\CodeIgniter->handleRequest()
#4 /var/www/ava/public/index.php(37): CodeIgniter\CodeIgniter->run()
#5 {main}
CRITICAL - 2022-04-04 07:20:25 --> Call to undefined function set_value()
#0 /var/www/ava/system/View/View.php(210): include()
#1 /var/www/ava/system/View/View.php(213): CodeIgniter\View\View->CodeIgniter\View\{closure}()
#2 /var/www/ava/system/Common.php(1089): CodeIgniter\View\View->render()
#3 /var/www/ava/app/Controllers/CursoController.php(42): view()
#4 /var/www/ava/system/CodeIgniter.php(832): App\Controllers\CursoController->edit()
#5 /var/www/ava/system/CodeIgniter.php(419): CodeIgniter\CodeIgniter->runController()
#6 /var/www/ava/system/CodeIgniter.php(326): CodeIgniter\CodeIgniter->handleRequest()
#7 /var/www/ava/public/index.php(37): CodeIgniter\CodeIgniter->run()
#8 {main}
CRITICAL - 2022-04-04 07:20:47 --> Call to undefined function set_value()
#0 /var/www/ava/system/View/View.php(210): include()
#1 /var/www/ava/system/View/View.php(213): CodeIgniter\View\View->CodeIgniter\View\{closure}()
#2 /var/www/ava/system/Common.php(1089): CodeIgniter\View\View->render()
#3 /var/www/ava/app/Controllers/CursoController.php(42): view()
#4 /var/www/ava/system/CodeIgniter.php(832): App\Controllers\CursoController->edit()
#5 /var/www/ava/system/CodeIgniter.php(419): CodeIgniter\CodeIgniter->runController()
#6 /var/www/ava/system/CodeIgniter.php(326): CodeIgniter\CodeIgniter->handleRequest()
#7 /var/www/ava/public/index.php(37): CodeIgniter\CodeIgniter->run()
#8 {main}
CRITICAL - 2022-04-04 07:33:44 --> Call to undefined function set_value()
#0 /var/www/ava/system/View/View.php(210): include()
#1 /var/www/ava/system/View/View.php(213): CodeIgniter\View\View->CodeIgniter\View\{closure}()
#2 /var/www/ava/system/Common.php(1089): CodeIgniter\View\View->render()
#3 /var/www/ava/app/Controllers/CursoController.php(42): view()
#4 /var/www/ava/system/CodeIgniter.php(832): App\Controllers\CursoController->edit()
#5 /var/www/ava/system/CodeIgniter.php(419): CodeIgniter\CodeIgniter->runController()
#6 /var/www/ava/system/CodeIgniter.php(326): CodeIgniter\CodeIgniter->handleRequest()
#7 /var/www/ava/public/index.php(37): CodeIgniter\CodeIgniter->run()
#8 {main}
CRITICAL - 2022-04-04 07:34:18 --> Call to undefined function set_value()
#0 /var/www/ava/system/View/View.php(210): include()
#1 /var/www/ava/system/View/View.php(213): CodeIgniter\View\View->CodeIgniter\View\{closure}()
#2 /var/www/ava/system/Common.php(1089): CodeIgniter\View\View->render()
#3 /var/www/ava/app/Controllers/CursoController.php(43): view()
#4 /var/www/ava/system/CodeIgniter.php(832): App\Controllers\CursoController->edit()
#5 /var/www/ava/system/CodeIgniter.php(419): CodeIgniter\CodeIgniter->runController()
#6 /var/www/ava/system/CodeIgniter.php(326): CodeIgniter\CodeIgniter->handleRequest()
#7 /var/www/ava/public/index.php(37): CodeIgniter\CodeIgniter->run()
#8 {main}
CRITICAL - 2022-04-04 07:36:43 --> Cannot call constructor
#0 /var/www/ava/system/CodeIgniter.php(809): App\Controllers\CursoController->__construct()
#1 /var/www/ava/system/CodeIgniter.php(410): CodeIgniter\CodeIgniter->createController()
#2 /var/www/ava/system/CodeIgniter.php(326): CodeIgniter\CodeIgniter->handleRequest()
#3 /var/www/ava/public/index.php(37): CodeIgniter\CodeIgniter->run()
#4 {main}
CRITICAL - 2022-04-04 07:37:03 --> Undefined property: App\Controllers\CursoController::$load
#0 /var/www/ava/app/Controllers/CursoController.php(13): CodeIgniter\Debug\Exceptions->errorHandler()
#1 /var/www/ava/system/CodeIgniter.php(809): App\Controllers\CursoController->__construct()
#2 /var/www/ava/system/CodeIgniter.php(410): CodeIgniter\CodeIgniter->createController()
#3 /var/www/ava/system/CodeIgniter.php(326): CodeIgniter\CodeIgniter->handleRequest()
#4 /var/www/ava/public/index.php(37): CodeIgniter\CodeIgniter->run()
#5 {main}
CRITICAL - 2022-04-04 07:37:11 --> Call to undefined function set_value()
#0 /var/www/ava/system/View/View.php(210): include()
#1 /var/www/ava/system/View/View.php(213): CodeIgniter\View\View->CodeIgniter\View\{closure}()
#2 /var/www/ava/system/Common.php(1089): CodeIgniter\View\View->render()
#3 /var/www/ava/app/Controllers/CursoController.php(47): view()
#4 /var/www/ava/system/CodeIgniter.php(832): App\Controllers\CursoController->edit()
#5 /var/www/ava/system/CodeIgniter.php(419): CodeIgniter\CodeIgniter->runController()
#6 /var/www/ava/system/CodeIgniter.php(326): CodeIgniter\CodeIgniter->handleRequest()
#7 /var/www/ava/public/index.php(37): CodeIgniter\CodeIgniter->run()
#8 {main}
CRITICAL - 2022-04-04 07:38:21 --> syntax error, unexpected variable "$curso_ed", expecting "," or ";"
#0 /var/www/ava/system/View/View.php(213): CodeIgniter\View\View->CodeIgniter\View\{closure}()
#1 /var/www/ava/system/Common.php(1089): CodeIgniter\View\View->render()
#2 /var/www/ava/app/Controllers/CursoController.php(48): view()
#3 /var/www/ava/system/CodeIgniter.php(832): App\Controllers\CursoController->edit()
#4 /var/www/ava/system/CodeIgniter.php(419): CodeIgniter\CodeIgniter->runController()
#5 /var/www/ava/system/CodeIgniter.php(326): CodeIgniter\CodeIgniter->handleRequest()
#6 /var/www/ava/public/index.php(37): CodeIgniter\CodeIgniter->run()
#7 {main}
CRITICAL - 2022-04-04 07:38:36 --> Array callback must have exactly two elements
#0 /var/www/ava/system/View/View.php(210): include()
#1 /var/www/ava/system/View/View.php(213): CodeIgniter\View\View->CodeIgniter\View\{closure}()
#2 /var/www/ava/system/Common.php(1089): CodeIgniter\View\View->render()
#3 /var/www/ava/app/Controllers/CursoController.php(48): view()
#4 /var/www/ava/system/CodeIgniter.php(832): App\Controllers\CursoController->edit()
#5 /var/www/ava/system/CodeIgniter.php(419): CodeIgniter\CodeIgniter->runController()
#6 /var/www/ava/system/CodeIgniter.php(326): CodeIgniter\CodeIgniter->handleRequest()
#7 /var/www/ava/public/index.php(37): CodeIgniter\CodeIgniter->run()
#8 {main}
CRITICAL - 2022-04-04 07:40:44 --> syntax error, unexpected single-quoted string "curso_sigla", expecting identifier or variable or "{" or "$"
#0 /var/www/ava/system/View/View.php(213): CodeIgniter\View\View->CodeIgniter\View\{closure}()
#1 /var/www/ava/system/Common.php(1089): CodeIgniter\View\View->render()
#2 /var/www/ava/app/Controllers/CursoController.php(48): view()
#3 /var/www/ava/system/CodeIgniter.php(832): App\Controllers\CursoController->edit()
#4 /var/www/ava/system/CodeIgniter.php(419): CodeIgniter\CodeIgniter->runController()
#5 /var/www/ava/system/CodeIgniter.php(326): CodeIgniter\CodeIgniter->handleRequest()
#6 /var/www/ava/public/index.php(37): CodeIgniter\CodeIgniter->run()
#7 {main}
CRITICAL - 2022-04-04 07:42:39 --> Undefined array key "curso_sigla"
#0 /var/www/ava/app/Views/curso/form.php(12): CodeIgniter\Debug\Exceptions->errorHandler()
#1 /var/www/ava/system/View/View.php(210): include('...')
#2 /var/www/ava/system/View/View.php(213): CodeIgniter\View\View->CodeIgniter\View\{closure}()
#3 /var/www/ava/system/Common.php(1089): CodeIgniter\View\View->render()
#4 /var/www/ava/app/Controllers/CursoController.php(48): view()
#5 /var/www/ava/system/CodeIgniter.php(832): App\Controllers\CursoController->edit()
#6 /var/www/ava/system/CodeIgniter.php(419): CodeIgniter\CodeIgniter->runController()
#7 /var/www/ava/system/CodeIgniter.php(326): CodeIgniter\CodeIgniter->handleRequest()
#8 /var/www/ava/public/index.php(37): CodeIgniter\CodeIgniter->run()
#9 {main}
CRITICAL - 2022-04-04 07:43:24 --> Undefined array key "curso_sigla"
#0 /var/www/ava/app/Views/curso/form.php(5): CodeIgniter\Debug\Exceptions->errorHandler()
#1 /var/www/ava/system/View/View.php(210): include('...')
#2 /var/www/ava/system/View/View.php(213): CodeIgniter\View\View->CodeIgniter\View\{closure}()
#3 /var/www/ava/system/Common.php(1089): CodeIgniter\View\View->render()
#4 /var/www/ava/app/Controllers/CursoController.php(48): view()
#5 /var/www/ava/system/CodeIgniter.php(832): App\Controllers\CursoController->edit()
#6 /var/www/ava/system/CodeIgniter.php(419): CodeIgniter\CodeIgniter->runController()
#7 /var/www/ava/system/CodeIgniter.php(326): CodeIgniter\CodeIgniter->handleRequest()
#8 /var/www/ava/public/index.php(37): CodeIgniter\CodeIgniter->run()
#9 {main}
CRITICAL - 2022-04-04 07:43:42 --> syntax error, unexpected single-quoted string "curso_sigla", expecting identifier or variable or "{" or "$"
#0 /var/www/ava/system/View/View.php(213): CodeIgniter\View\View->CodeIgniter\View\{closure}()
#1 /var/www/ava/system/Common.php(1089): CodeIgniter\View\View->render()
#2 /var/www/ava/app/Controllers/CursoController.php(48): view()
#3 /var/www/ava/system/CodeIgniter.php(832): App\Controllers\CursoController->edit()
#4 /var/www/ava/system/CodeIgniter.php(419): CodeIgniter\CodeIgniter->runController()
#5 /var/www/ava/system/CodeIgniter.php(326): CodeIgniter\CodeIgniter->handleRequest()
#6 /var/www/ava/public/index.php(37): CodeIgniter\CodeIgniter->run()
#7 {main}
CRITICAL - 2022-04-04 07:43:49 --> syntax error, unexpected token "=>"
#0 /var/www/ava/system/View/View.php(213): CodeIgniter\View\View->CodeIgniter\View\{closure}()
#1 /var/www/ava/system/Common.php(1089): CodeIgniter\View\View->render()
#2 /var/www/ava/app/Controllers/CursoController.php(48): view()
#3 /var/www/ava/system/CodeIgniter.php(832): App\Controllers\CursoController->edit()
#4 /var/www/ava/system/CodeIgniter.php(419): CodeIgniter\CodeIgniter->runController()
#5 /var/www/ava/system/CodeIgniter.php(326): CodeIgniter\CodeIgniter->handleRequest()
#6 /var/www/ava/public/index.php(37): CodeIgniter\CodeIgniter->run()
#7 {main}
CRITICAL - 2022-04-04 07:44:48 --> syntax error, unexpected token "=>"
#0 /var/www/ava/system/View/View.php(213): CodeIgniter\View\View->CodeIgniter\View\{closure}()
#1 /var/www/ava/system/Common.php(1089): CodeIgniter\View\View->render()
#2 /var/www/ava/app/Controllers/CursoController.php(48): view()
#3 /var/www/ava/system/CodeIgniter.php(832): App\Controllers\CursoController->edit()
#4 /var/www/ava/system/CodeIgniter.php(419): CodeIgniter\CodeIgniter->runController()
#5 /var/www/ava/system/CodeIgniter.php(326): CodeIgniter\CodeIgniter->handleRequest()
#6 /var/www/ava/public/index.php(37): CodeIgniter\CodeIgniter->run()
#7 {main}
CRITICAL - 2022-04-04 07:44:52 --> syntax error, unexpected single-quoted string "curso_sigla", expecting identifier or variable or "{" or "$"
#0 /var/www/ava/system/View/View.php(213): CodeIgniter\View\View->CodeIgniter\View\{closure}()
#1 /var/www/ava/system/Common.php(1089): CodeIgniter\View\View->render()
#2 /var/www/ava/app/Controllers/CursoController.php(48): view()
#3 /var/www/ava/system/CodeIgniter.php(832): App\Controllers\CursoController->edit()
#4 /var/www/ava/system/CodeIgniter.php(419): CodeIgniter\CodeIgniter->runController()
#5 /var/www/ava/system/CodeIgniter.php(326): CodeIgniter\CodeIgniter->handleRequest()
#6 /var/www/ava/public/index.php(37): CodeIgniter\CodeIgniter->run()
#7 {main}
CRITICAL - 2022-04-04 07:45:08 --> syntax error, unexpected single-quoted string "curso_sigla", expecting identifier or variable or "{" or "$"
#0 /var/www/ava/system/View/View.php(213): CodeIgniter\View\View->CodeIgniter\View\{closure}()
#1 /var/www/ava/system/Common.php(1089): CodeIgniter\View\View->render()
#2 /var/www/ava/app/Controllers/CursoController.php(48): view()
#3 /var/www/ava/system/CodeIgniter.php(832): App\Controllers\CursoController->edit()
#4 /var/www/ava/system/CodeIgniter.php(419): CodeIgniter\CodeIgniter->runController()
#5 /var/www/ava/system/CodeIgniter.php(326): CodeIgniter\CodeIgniter->handleRequest()
#6 /var/www/ava/public/index.php(37): CodeIgniter\CodeIgniter->run()
#7 {main}
CRITICAL - 2022-04-04 08:00:57 --> syntax error, unexpected single-quoted string "curso_sigla", expecting identifier or variable or "{" or "$"
#0 /var/www/ava/system/View/View.php(213): CodeIgniter\View\View->CodeIgniter\View\{closure}()
#1 /var/www/ava/system/Common.php(1089): CodeIgniter\View\View->render()
#2 /var/www/ava/app/Controllers/CursoController.php(48): view()
#3 /var/www/ava/system/CodeIgniter.php(832): App\Controllers\CursoController->edit()
#4 /var/www/ava/system/CodeIgniter.php(419): CodeIgniter\CodeIgniter->runController()
#5 /var/www/ava/system/CodeIgniter.php(326): CodeIgniter\CodeIgniter->handleRequest()
#6 /var/www/ava/public/index.php(37): CodeIgniter\CodeIgniter->run()
#7 {main}
CRITICAL - 2022-04-04 08:01:13 --> syntax error, unexpected token ";"
#0 /var/www/ava/system/View/View.php(213): CodeIgniter\View\View->CodeIgniter\View\{closure}()
#1 /var/www/ava/system/Common.php(1089): CodeIgniter\View\View->render()
#2 /var/www/ava/app/Controllers/CursoController.php(48): view()
#3 /var/www/ava/system/CodeIgniter.php(832): App\Controllers\CursoController->edit()
#4 /var/www/ava/system/CodeIgniter.php(419): CodeIgniter\CodeIgniter->runController()
#5 /var/www/ava/system/CodeIgniter.php(326): CodeIgniter\CodeIgniter->handleRequest()
#6 /var/www/ava/public/index.php(37): CodeIgniter\CodeIgniter->run()
#7 {main}
CRITICAL - 2022-04-04 08:01:17 --> syntax error, unexpected single-quoted string "curso_sigla", expecting identifier or variable or "{" or "$"
#0 /var/www/ava/system/View/View.php(213): CodeIgniter\View\View->CodeIgniter\View\{closure}()
#1 /var/www/ava/system/Common.php(1089): CodeIgniter\View\View->render()
#2 /var/www/ava/app/Controllers/CursoController.php(48): view()
#3 /var/www/ava/system/CodeIgniter.php(832): App\Controllers\CursoController->edit()
#4 /var/www/ava/system/CodeIgniter.php(419): CodeIgniter\CodeIgniter->runController()
#5 /var/www/ava/system/CodeIgniter.php(326): CodeIgniter\CodeIgniter->handleRequest()
#6 /var/www/ava/public/index.php(37): CodeIgniter\CodeIgniter->run()
#7 {main}
CRITICAL - 2022-04-04 08:01:46 --> Attempt to read property "curso_sigla" on array
#0 /var/www/ava/app/Views/curso/form.php(14): CodeIgniter\Debug\Exceptions->errorHandler()
#1 /var/www/ava/system/View/View.php(210): include('...')
#2 /var/www/ava/system/View/View.php(213): CodeIgniter\View\View->CodeIgniter\View\{closure}()
#3 /var/www/ava/system/Common.php(1089): CodeIgniter\View\View->render()
#4 /var/www/ava/app/Controllers/CursoController.php(48): view()
#5 /var/www/ava/system/CodeIgniter.php(832): App\Controllers\CursoController->edit()
#6 /var/www/ava/system/CodeIgniter.php(419): CodeIgniter\CodeIgniter->runController()
#7 /var/www/ava/system/CodeIgniter.php(326): CodeIgniter\CodeIgniter->handleRequest()
#8 /var/www/ava/public/index.php(37): CodeIgniter\CodeIgniter->run()
#9 {main}
CRITICAL - 2022-04-04 08:02:18 --> Attempt to read property "curso_sigla" on array
#0 /var/www/ava/app/Views/curso/form.php(14): CodeIgniter\Debug\Exceptions->errorHandler()
#1 /var/www/ava/system/View/View.php(210): include('...')
#2 /var/www/ava/system/View/View.php(213): CodeIgniter\View\View->CodeIgniter\View\{closure}()
#3 /var/www/ava/system/Common.php(1089): CodeIgniter\View\View->render()
#4 /var/www/ava/app/Controllers/CursoController.php(48): view()
#5 /var/www/ava/system/CodeIgniter.php(832): App\Controllers\CursoController->edit()
#6 /var/www/ava/system/CodeIgniter.php(419): CodeIgniter\CodeIgniter->runController()
#7 /var/www/ava/system/CodeIgniter.php(326): CodeIgniter\CodeIgniter->handleRequest()
#8 /var/www/ava/public/index.php(37): CodeIgniter\CodeIgniter->run()
#9 {main}
CRITICAL - 2022-04-04 08:02:24 --> Attempt to read property "curso_sigla" on array
#0 /var/www/ava/app/Views/curso/form.php(14): CodeIgniter\Debug\Exceptions->errorHandler()
#1 /var/www/ava/system/View/View.php(210): include('...')
#2 /var/www/ava/system/View/View.php(213): CodeIgniter\View\View->CodeIgniter\View\{closure}()
#3 /var/www/ava/system/Common.php(1089): CodeIgniter\View\View->render()
#4 /var/www/ava/app/Controllers/CursoController.php(48): view()
#5 /var/www/ava/system/CodeIgniter.php(832): App\Controllers\CursoController->edit()
#6 /var/www/ava/system/CodeIgniter.php(419): CodeIgniter\CodeIgniter->runController()
#7 /var/www/ava/system/CodeIgniter.php(326): CodeIgniter\CodeIgniter->handleRequest()
#8 /var/www/ava/public/index.php(37): CodeIgniter\CodeIgniter->run()
#9 {main}
CRITICAL - 2022-04-04 08:02:44 --> Attempt to read property "curso_sigla" on array
#0 /var/www/ava/app/Views/curso/form.php(5): CodeIgniter\Debug\Exceptions->errorHandler()
#1 /var/www/ava/system/View/View.php(210): include('...')
#2 /var/www/ava/system/View/View.php(213): CodeIgniter\View\View->CodeIgniter\View\{closure}()
#3 /var/www/ava/system/Common.php(1089): CodeIgniter\View\View->render()
#4 /var/www/ava/app/Controllers/CursoController.php(48): view()
#5 /var/www/ava/system/CodeIgniter.php(832): App\Controllers\CursoController->edit()
#6 /var/www/ava/system/CodeIgniter.php(419): CodeIgniter\CodeIgniter->runController()
#7 /var/www/ava/system/CodeIgniter.php(326): CodeIgniter\CodeIgniter->handleRequest()
#8 /var/www/ava/public/index.php(37): CodeIgniter\CodeIgniter->run()
#9 {main}
CRITICAL - 2022-04-04 08:02:59 --> Attempt to read property "curso_sigla" on array
#0 /var/www/ava/app/Views/curso/form.php(5): CodeIgniter\Debug\Exceptions->errorHandler()
#1 /var/www/ava/system/View/View.php(210): include('...')
#2 /var/www/ava/system/View/View.php(213): CodeIgniter\View\View->CodeIgniter\View\{closure}()
#3 /var/www/ava/system/Common.php(1089): CodeIgniter\View\View->render()
#4 /var/www/ava/app/Controllers/CursoController.php(48): view()
#5 /var/www/ava/system/CodeIgniter.php(832): App\Controllers\CursoController->edit()
#6 /var/www/ava/system/CodeIgniter.php(419): CodeIgniter\CodeIgniter->runController()
#7 /var/www/ava/system/CodeIgniter.php(326): CodeIgniter\CodeIgniter->handleRequest()
#8 /var/www/ava/public/index.php(37): CodeIgniter\CodeIgniter->run()
#9 {main}
CRITICAL - 2022-04-04 08:03:03 --> Attempt to read property "curso_sigla" on array
#0 /var/www/ava/app/Views/curso/form.php(14): CodeIgniter\Debug\Exceptions->errorHandler()
#1 /var/www/ava/system/View/View.php(210): include('...')
#2 /var/www/ava/system/View/View.php(213): CodeIgniter\View\View->CodeIgniter\View\{closure}()
#3 /var/www/ava/system/Common.php(1089): CodeIgniter\View\View->render()
#4 /var/www/ava/app/Controllers/CursoController.php(48): view()
#5 /var/www/ava/system/CodeIgniter.php(832): App\Controllers\CursoController->edit()
#6 /var/www/ava/system/CodeIgniter.php(419): CodeIgniter\CodeIgniter->runController()
#7 /var/www/ava/system/CodeIgniter.php(326): CodeIgniter\CodeIgniter->handleRequest()
#8 /var/www/ava/public/index.php(37): CodeIgniter\CodeIgniter->run()
#9 {main}
CRITICAL - 2022-04-04 08:03:26 --> Too few arguments to function set_value(), 0 passed in /var/www/ava/app/Views/curso/form.php on line 14 and at least 1 expected
#0 /var/www/ava/app/Views/curso/form.php(14): set_value()
#1 /var/www/ava/system/View/View.php(210): include('...')
#2 /var/www/ava/system/View/View.php(213): CodeIgniter\View\View->CodeIgniter\View\{closure}()
#3 /var/www/ava/system/Common.php(1089): CodeIgniter\View\View->render()
#4 /var/www/ava/app/Controllers/CursoController.php(48): view()
#5 /var/www/ava/system/CodeIgniter.php(832): App\Controllers\CursoController->edit()
#6 /var/www/ava/system/CodeIgniter.php(419): CodeIgniter\CodeIgniter->runController()
#7 /var/www/ava/system/CodeIgniter.php(326): CodeIgniter\CodeIgniter->handleRequest()
#8 /var/www/ava/public/index.php(37): CodeIgniter\CodeIgniter->run()
#9 {main}
CRITICAL - 2022-04-04 08:03:34 --> Too few arguments to function set_value(), 0 passed in /var/www/ava/app/Views/curso/form.php on line 14 and at least 1 expected
#0 /var/www/ava/app/Views/curso/form.php(14): set_value()
#1 /var/www/ava/system/View/View.php(210): include('...')
#2 /var/www/ava/system/View/View.php(213): CodeIgniter\View\View->CodeIgniter\View\{closure}()
#3 /var/www/ava/system/Common.php(1089): CodeIgniter\View\View->render()
#4 /var/www/ava/app/Controllers/CursoController.php(48): view()
#5 /var/www/ava/system/CodeIgniter.php(832): App\Controllers\CursoController->edit()
#6 /var/www/ava/system/CodeIgniter.php(419): CodeIgniter\CodeIgniter->runController()
#7 /var/www/ava/system/CodeIgniter.php(326): CodeIgniter\CodeIgniter->handleRequest()
#8 /var/www/ava/public/index.php(37): CodeIgniter\CodeIgniter->run()
#9 {main}
CRITICAL - 2022-04-04 08:03:51 --> syntax error, unexpected token ";"
#0 /var/www/ava/system/View/View.php(213): CodeIgniter\View\View->CodeIgniter\View\{closure}()
#1 /var/www/ava/system/Common.php(1089): CodeIgniter\View\View->render()
#2 /var/www/ava/app/Controllers/CursoController.php(48): view()
#3 /var/www/ava/system/CodeIgniter.php(832): App\Controllers\CursoController->edit()
#4 /var/www/ava/system/CodeIgniter.php(419): CodeIgniter\CodeIgniter->runController()
#5 /var/www/ava/system/CodeIgniter.php(326): CodeIgniter\CodeIgniter->handleRequest()
#6 /var/www/ava/public/index.php(37): CodeIgniter\CodeIgniter->run()
#7 {main}
CRITICAL - 2022-04-04 08:04:09 --> syntax error, unexpected token ";"
#0 /var/www/ava/system/View/View.php(213): CodeIgniter\View\View->CodeIgniter\View\{closure}()
#1 /var/www/ava/system/Common.php(1089): CodeIgniter\View\View->render()
#2 /var/www/ava/app/Controllers/CursoController.php(48): view()
#3 /var/www/ava/system/CodeIgniter.php(832): App\Controllers\CursoController->edit()
#4 /var/www/ava/system/CodeIgniter.php(419): CodeIgniter\CodeIgniter->runController()
#5 /var/www/ava/system/CodeIgniter.php(326): CodeIgniter\CodeIgniter->handleRequest()
#6 /var/www/ava/public/index.php(37): CodeIgniter\CodeIgniter->run()
#7 {main}
CRITICAL - 2022-04-04 08:05:27 --> get_defined_vars() expects exactly 0 arguments, 1 given
#0 /var/www/ava/app/Views/curso/form.php(3): get_defined_vars()
#1 /var/www/ava/system/View/View.php(210): include('...')
#2 /var/www/ava/system/View/View.php(213): CodeIgniter\View\View->CodeIgniter\View\{closure}()
#3 /var/www/ava/system/Common.php(1089): CodeIgniter\View\View->render()
#4 /var/www/ava/app/Controllers/CursoController.php(48): view()
#5 /var/www/ava/system/CodeIgniter.php(832): App\Controllers\CursoController->edit()
#6 /var/www/ava/system/CodeIgniter.php(419): CodeIgniter\CodeIgniter->runController()
#7 /var/www/ava/system/CodeIgniter.php(326): CodeIgniter\CodeIgniter->handleRequest()
#8 /var/www/ava/public/index.php(37): CodeIgniter\CodeIgniter->run()
#9 {main}
CRITICAL - 2022-04-04 08:05:29 --> get_defined_vars() expects exactly 0 arguments, 1 given
#0 /var/www/ava/app/Views/curso/form.php(3): get_defined_vars()
#1 /var/www/ava/system/View/View.php(210): include('...')
#2 /var/www/ava/system/View/View.php(213): CodeIgniter\View\View->CodeIgniter\View\{closure}()
#3 /var/www/ava/system/Common.php(1089): CodeIgniter\View\View->render()
#4 /var/www/ava/app/Controllers/CursoController.php(48): view()
#5 /var/www/ava/system/CodeIgniter.php(832): App\Controllers\CursoController->edit()
#6 /var/www/ava/system/CodeIgniter.php(419): CodeIgniter\CodeIgniter->runController()
#7 /var/www/ava/system/CodeIgniter.php(326): CodeIgniter\CodeIgniter->handleRequest()
#8 /var/www/ava/public/index.php(37): CodeIgniter\CodeIgniter->run()
#9 {main}
CRITICAL - 2022-04-04 08:06:12 --> Attempt to read property "curso_sigla" on array
#0 /var/www/ava/app/Views/curso/form.php(3): CodeIgniter\Debug\Exceptions->errorHandler()
#1 /var/www/ava/system/View/View.php(210): include('...')
#2 /var/www/ava/system/View/View.php(213): CodeIgniter\View\View->CodeIgniter\View\{closure}()
#3 /var/www/ava/system/Common.php(1089): CodeIgniter\View\View->render()
#4 /var/www/ava/app/Controllers/CursoController.php(48): view()
#5 /var/www/ava/system/CodeIgniter.php(832): App\Controllers\CursoController->edit()
#6 /var/www/ava/system/CodeIgniter.php(419): CodeIgniter\CodeIgniter->runController()
#7 /var/www/ava/system/CodeIgniter.php(326): CodeIgniter\CodeIgniter->handleRequest()
#8 /var/www/ava/public/index.php(37): CodeIgniter\CodeIgniter->run()
#9 {main}
CRITICAL - 2022-04-04 08:06:26 --> syntax error, unexpected single-quoted string "curso_sigla", expecting identifier or variable or "{" or "$"
#0 /var/www/ava/system/View/View.php(213): CodeIgniter\View\View->CodeIgniter\View\{closure}()
#1 /var/www/ava/system/Common.php(1089): CodeIgniter\View\View->render()
#2 /var/www/ava/app/Controllers/CursoController.php(48): view()
#3 /var/www/ava/system/CodeIgniter.php(832): App\Controllers\CursoController->edit()
#4 /var/www/ava/system/CodeIgniter.php(419): CodeIgniter\CodeIgniter->runController()
#5 /var/www/ava/system/CodeIgniter.php(326): CodeIgniter\CodeIgniter->handleRequest()
#6 /var/www/ava/public/index.php(37): CodeIgniter\CodeIgniter->run()
#7 {main}
CRITICAL - 2022-04-04 08:06:36 --> Attempt to read property "curso_sigla" on array
#0 /var/www/ava/app/Views/curso/form.php(3): CodeIgniter\Debug\Exceptions->errorHandler()
#1 /var/www/ava/system/View/View.php(210): include('...')
#2 /var/www/ava/system/View/View.php(213): CodeIgniter\View\View->CodeIgniter\View\{closure}()
#3 /var/www/ava/system/Common.php(1089): CodeIgniter\View\View->render()
#4 /var/www/ava/app/Controllers/CursoController.php(48): view()
#5 /var/www/ava/system/CodeIgniter.php(832): App\Controllers\CursoController->edit()
#6 /var/www/ava/system/CodeIgniter.php(419): CodeIgniter\CodeIgniter->runController()
#7 /var/www/ava/system/CodeIgniter.php(326): CodeIgniter\CodeIgniter->handleRequest()
#8 /var/www/ava/public/index.php(37): CodeIgniter\CodeIgniter->run()
#9 {main}
CRITICAL - 2022-04-04 08:06:49 --> Attempt to read property "curso_sigla" on array
#0 /var/www/ava/app/Views/curso/form.php(3): CodeIgniter\Debug\Exceptions->errorHandler()
#1 /var/www/ava/system/View/View.php(210): include('...')
#2 /var/www/ava/system/View/View.php(213): CodeIgniter\View\View->CodeIgniter\View\{closure}()
#3 /var/www/ava/system/Common.php(1089): CodeIgniter\View\View->render()
#4 /var/www/ava/app/Controllers/CursoController.php(48): view()
#5 /var/www/ava/system/CodeIgniter.php(832): App\Controllers\CursoController->edit()
#6 /var/www/ava/system/CodeIgniter.php(419): CodeIgniter\CodeIgniter->runController()
#7 /var/www/ava/system/CodeIgniter.php(326): CodeIgniter\CodeIgniter->handleRequest()
#8 /var/www/ava/public/index.php(37): CodeIgniter\CodeIgniter->run()
#9 {main}
CRITICAL - 2022-04-04 08:06:56 --> syntax error, unexpected single-quoted string "curso_sigla", expecting identifier or variable or "{" or "$"
#0 /var/www/ava/system/View/View.php(213): CodeIgniter\View\View->CodeIgniter\View\{closure}()
#1 /var/www/ava/system/Common.php(1089): CodeIgniter\View\View->render()
#2 /var/www/ava/app/Controllers/CursoController.php(48): view()
#3 /var/www/ava/system/CodeIgniter.php(832): App\Controllers\CursoController->edit()
#4 /var/www/ava/system/CodeIgniter.php(419): CodeIgniter\CodeIgniter->runController()
#5 /var/www/ava/system/CodeIgniter.php(326): CodeIgniter\CodeIgniter->handleRequest()
#6 /var/www/ava/public/index.php(37): CodeIgniter\CodeIgniter->run()
#7 {main}
CRITICAL - 2022-04-04 08:07:08 --> Undefined array key "curso_sigla"
#0 /var/www/ava/app/Views/curso/form.php(3): CodeIgniter\Debug\Exceptions->errorHandler()
#1 /var/www/ava/system/View/View.php(210): include('...')
#2 /var/www/ava/system/View/View.php(213): CodeIgniter\View\View->CodeIgniter\View\{closure}()
#3 /var/www/ava/system/Common.php(1089): CodeIgniter\View\View->render()
#4 /var/www/ava/app/Controllers/CursoController.php(48): view()
#5 /var/www/ava/system/CodeIgniter.php(832): App\Controllers\CursoController->edit()
#6 /var/www/ava/system/CodeIgniter.php(419): CodeIgniter\CodeIgniter->runController()
#7 /var/www/ava/system/CodeIgniter.php(326): CodeIgniter\CodeIgniter->handleRequest()
#8 /var/www/ava/public/index.php(37): CodeIgniter\CodeIgniter->run()
#9 {main}
CRITICAL - 2022-04-04 08:07:40 --> Undefined variable $array
#0 /var/www/ava/app/Views/curso/form.php(3): CodeIgniter\Debug\Exceptions->errorHandler()
#1 /var/www/ava/system/View/View.php(210): include('...')
#2 /var/www/ava/system/View/View.php(213): CodeIgniter\View\View->CodeIgniter\View\{closure}()
#3 /var/www/ava/system/Common.php(1089): CodeIgniter\View\View->render()
#4 /var/www/ava/app/Controllers/CursoController.php(48): view()
#5 /var/www/ava/system/CodeIgniter.php(832): App\Controllers\CursoController->edit()
#6 /var/www/ava/system/CodeIgniter.php(419): CodeIgniter\CodeIgniter->runController()
#7 /var/www/ava/system/CodeIgniter.php(326): CodeIgniter\CodeIgniter->handleRequest()
#8 /var/www/ava/public/index.php(37): CodeIgniter\CodeIgniter->run()
#9 {main}
CRITICAL - 2022-04-04 08:09:52 --> Attempt to read property "curso_sigla" on array
#0 /var/www/ava/app/Views/curso/form.php(6): CodeIgniter\Debug\Exceptions->errorHandler()
#1 /var/www/ava/system/View/View.php(210): include('...')
#2 /var/www/ava/system/View/View.php(213): CodeIgniter\View\View->CodeIgniter\View\{closure}()
#3 /var/www/ava/system/Common.php(1089): CodeIgniter\View\View->render()
#4 /var/www/ava/app/Controllers/CursoController.php(48): view()
#5 /var/www/ava/system/CodeIgniter.php(832): App\Controllers\CursoController->edit()
#6 /var/www/ava/system/CodeIgniter.php(419): CodeIgniter\CodeIgniter->runController()
#7 /var/www/ava/system/CodeIgniter.php(326): CodeIgniter\CodeIgniter->handleRequest()
#8 /var/www/ava/public/index.php(37): CodeIgniter\CodeIgniter->run()
#9 {main}
CRITICAL - 2022-04-04 08:12:39 --> Attempt to read property "curso_sigla" on array
#0 /var/www/ava/app/Views/curso/form.php(6): CodeIgniter\Debug\Exceptions->errorHandler()
#1 /var/www/ava/system/View/View.php(210): include('...')
#2 /var/www/ava/system/View/View.php(213): CodeIgniter\View\View->CodeIgniter\View\{closure}()
#3 /var/www/ava/system/Common.php(1089): CodeIgniter\View\View->render()
#4 /var/www/ava/app/Controllers/CursoController.php(48): view()
#5 /var/www/ava/system/CodeIgniter.php(832): App\Controllers\CursoController->edit()
#6 /var/www/ava/system/CodeIgniter.php(419): CodeIgniter\CodeIgniter->runController()
#7 /var/www/ava/system/CodeIgniter.php(326): CodeIgniter\CodeIgniter->handleRequest()
#8 /var/www/ava/public/index.php(37): CodeIgniter\CodeIgniter->run()
#9 {main}
CRITICAL - 2022-04-04 08:13:34 --> syntax error, unexpected single-quoted string "curso_sigla", expecting identifier or variable or "{" or "$"
#0 /var/www/ava/system/View/View.php(213): CodeIgniter\View\View->CodeIgniter\View\{closure}()
#1 /var/www/ava/system/Common.php(1089): CodeIgniter\View\View->render()
#2 /var/www/ava/app/Controllers/CursoController.php(48): view()
#3 /var/www/ava/system/CodeIgniter.php(832): App\Controllers\CursoController->edit()
#4 /var/www/ava/system/CodeIgniter.php(419): CodeIgniter\CodeIgniter->runController()
#5 /var/www/ava/system/CodeIgniter.php(326): CodeIgniter\CodeIgniter->handleRequest()
#6 /var/www/ava/public/index.php(37): CodeIgniter\CodeIgniter->run()
#7 {main}
CRITICAL - 2022-04-04 08:13:44 --> syntax error, unexpected token "=>", expecting "," or ";"
#0 /var/www/ava/system/View/View.php(213): CodeIgniter\View\View->CodeIgniter\View\{closure}()
#1 /var/www/ava/system/Common.php(1089): CodeIgniter\View\View->render()
#2 /var/www/ava/app/Controllers/CursoController.php(48): view()
#3 /var/www/ava/system/CodeIgniter.php(832): App\Controllers\CursoController->edit()
#4 /var/www/ava/system/CodeIgniter.php(419): CodeIgniter\CodeIgniter->runController()
#5 /var/www/ava/system/CodeIgniter.php(326): CodeIgniter\CodeIgniter->handleRequest()
#6 /var/www/ava/public/index.php(37): CodeIgniter\CodeIgniter->run()
#7 {main}
CRITICAL - 2022-04-04 08:14:42 --> Array to string conversion
#0 /var/www/ava/app/Views/curso/form.php(6): CodeIgniter\Debug\Exceptions->errorHandler()
#1 /var/www/ava/system/View/View.php(210): include('...')
#2 /var/www/ava/system/View/View.php(213): CodeIgniter\View\View->CodeIgniter\View\{closure}()
#3 /var/www/ava/system/Common.php(1089): CodeIgniter\View\View->render()
#4 /var/www/ava/app/Controllers/CursoController.php(48): view()
#5 /var/www/ava/system/CodeIgniter.php(832): App\Controllers\CursoController->edit()
#6 /var/www/ava/system/CodeIgniter.php(419): CodeIgniter\CodeIgniter->runController()
#7 /var/www/ava/system/CodeIgniter.php(326): CodeIgniter\CodeIgniter->handleRequest()
#8 /var/www/ava/public/index.php(37): CodeIgniter\CodeIgniter->run()
#9 {main}
CRITICAL - 2022-04-04 08:22:47 --> Undefined constant "curso_ed"
#0 /var/www/ava/system/View/View.php(210): include()
#1 /var/www/ava/system/View/View.php(213): CodeIgniter\View\View->CodeIgniter\View\{closure}()
#2 /var/www/ava/system/Common.php(1089): CodeIgniter\View\View->render()
#3 /var/www/ava/app/Controllers/CursoController.php(48): view()
#4 /var/www/ava/system/CodeIgniter.php(832): App\Controllers\CursoController->edit()
#5 /var/www/ava/system/CodeIgniter.php(419): CodeIgniter\CodeIgniter->runController()
#6 /var/www/ava/system/CodeIgniter.php(326): CodeIgniter\CodeIgniter->handleRequest()
#7 /var/www/ava/public/index.php(37): CodeIgniter\CodeIgniter->run()
#8 {main}
CRITICAL - 2022-04-04 08:22:53 --> Attempt to read property "curso_sigla" on array
#0 /var/www/ava/app/Views/curso/form.php(7): CodeIgniter\Debug\Exceptions->errorHandler()
#1 /var/www/ava/system/View/View.php(210): include('...')
#2 /var/www/ava/system/View/View.php(213): CodeIgniter\View\View->CodeIgniter\View\{closure}()
#3 /var/www/ava/system/Common.php(1089): CodeIgniter\View\View->render()
#4 /var/www/ava/app/Controllers/CursoController.php(48): view()
#5 /var/www/ava/system/CodeIgniter.php(832): App\Controllers\CursoController->edit()
#6 /var/www/ava/system/CodeIgniter.php(419): CodeIgniter\CodeIgniter->runController()
#7 /var/www/ava/system/CodeIgniter.php(326): CodeIgniter\CodeIgniter->handleRequest()
#8 /var/www/ava/public/index.php(37): CodeIgniter\CodeIgniter->run()
#9 {main}
CRITICAL - 2022-04-04 08:24:50 --> Cannot use object of type stdClass as array
#0 /var/www/ava/system/View/View.php(210): include()
#1 /var/www/ava/system/View/View.php(213): CodeIgniter\View\View->CodeIgniter\View\{closure}()
#2 /var/www/ava/system/Common.php(1089): CodeIgniter\View\View->render()
#3 /var/www/ava/app/Controllers/CursoController.php(48): view()
#4 /var/www/ava/system/CodeIgniter.php(832): App\Controllers\CursoController->edit()
#5 /var/www/ava/system/CodeIgniter.php(419): CodeIgniter\CodeIgniter->runController()
#6 /var/www/ava/system/CodeIgniter.php(326): CodeIgniter\CodeIgniter->handleRequest()
#7 /var/www/ava/public/index.php(37): CodeIgniter\CodeIgniter->run()
#8 {main}
CRITICAL - 2022-04-04 08:28:11 --> Undefined variable $curso_ed
#0 /var/www/ava/app/Views/curso/form.php(6): CodeIgniter\Debug\Exceptions->errorHandler()
#1 /var/www/ava/system/View/View.php(210): include('...')
#2 /var/www/ava/system/View/View.php(213): CodeIgniter\View\View->CodeIgniter\View\{closure}()
#3 /var/www/ava/system/Common.php(1089): CodeIgniter\View\View->render()
#4 /var/www/ava/app/Controllers/CursoController.php(48): view()
#5 /var/www/ava/system/CodeIgniter.php(832): App\Controllers\CursoController->edit()
#6 /var/www/ava/system/CodeIgniter.php(419): CodeIgniter\CodeIgniter->runController()
#7 /var/www/ava/system/CodeIgniter.php(326): CodeIgniter\CodeIgniter->handleRequest()
#8 /var/www/ava/public/index.php(37): CodeIgniter\CodeIgniter->run()
#9 {main}
CRITICAL - 2022-04-04 08:54:50 --> Undefined variable $curso_ed
#0 /var/www/ava/app/Views/curso/form.php(6): CodeIgniter\Debug\Exceptions->errorHandler()
#1 /var/www/ava/system/View/View.php(210): include('...')
#2 /var/www/ava/system/View/View.php(213): CodeIgniter\View\View->CodeIgniter\View\{closure}()
#3 /var/www/ava/system/Common.php(1089): CodeIgniter\View\View->render()
#4 /var/www/ava/app/Controllers/CursoController.php(40): view()
#5 /var/www/ava/system/CodeIgniter.php(832): App\Controllers\CursoController->form()
#6 /var/www/ava/system/CodeIgniter.php(419): CodeIgniter\CodeIgniter->runController()
#7 /var/www/ava/system/CodeIgniter.php(326): CodeIgniter\CodeIgniter->handleRequest()
#8 /var/www/ava/public/index.php(37): CodeIgniter\CodeIgniter->run()
#9 {main}
CRITICAL - 2022-04-04 08:55:06 --> Undefined variable $curso_ed
#0 /var/www/ava/app/Views/curso/form.php(18): CodeIgniter\Debug\Exceptions->errorHandler()
#1 /var/www/ava/system/View/View.php(210): include('...')
#2 /var/www/ava/system/View/View.php(213): CodeIgniter\View\View->CodeIgniter\View\{closure}()
#3 /var/www/ava/system/Common.php(1089): CodeIgniter\View\View->render()
#4 /var/www/ava/app/Controllers/CursoController.php(40): view()
#5 /var/www/ava/system/CodeIgniter.php(832): App\Controllers\CursoController->form()
#6 /var/www/ava/system/CodeIgniter.php(419): CodeIgniter\CodeIgniter->runController()
#7 /var/www/ava/system/CodeIgniter.php(326): CodeIgniter\CodeIgniter->handleRequest()
#8 /var/www/ava/public/index.php(37): CodeIgniter\CodeIgniter->run()
#9 {main}
CRITICAL - 2022-04-04 08:55:25 --> Undefined variable $curso_ed
#0 /var/www/ava/app/Views/curso/form.php(18): CodeIgniter\Debug\Exceptions->errorHandler()
#1 /var/www/ava/system/View/View.php(210): include('...')
#2 /var/www/ava/system/View/View.php(213): CodeIgniter\View\View->CodeIgniter\View\{closure}()
#3 /var/www/ava/system/Common.php(1089): CodeIgniter\View\View->render()
#4 /var/www/ava/app/Controllers/CursoController.php(40): view()
#5 /var/www/ava/system/CodeIgniter.php(832): App\Controllers\CursoController->form()
#6 /var/www/ava/system/CodeIgniter.php(419): CodeIgniter\CodeIgniter->runController()
#7 /var/www/ava/system/CodeIgniter.php(326): CodeIgniter\CodeIgniter->handleRequest()
#8 /var/www/ava/public/index.php(37): CodeIgniter\CodeIgniter->run()
#9 {main}
CRITICAL - 2022-04-04 08:55:27 --> Undefined variable $curso_ed
#0 /var/www/ava/app/Views/curso/form.php(18): CodeIgniter\Debug\Exceptions->errorHandler()
#1 /var/www/ava/system/View/View.php(210): include('...')
#2 /var/www/ava/system/View/View.php(213): CodeIgniter\View\View->CodeIgniter\View\{closure}()
#3 /var/www/ava/system/Common.php(1089): CodeIgniter\View\View->render()
#4 /var/www/ava/app/Controllers/CursoController.php(40): view()
#5 /var/www/ava/system/CodeIgniter.php(832): App\Controllers\CursoController->form()
#6 /var/www/ava/system/CodeIgniter.php(419): CodeIgniter\CodeIgniter->runController()
#7 /var/www/ava/system/CodeIgniter.php(326): CodeIgniter\CodeIgniter->handleRequest()
#8 /var/www/ava/public/index.php(37): CodeIgniter\CodeIgniter->run()
#9 {main}
CRITICAL - 2022-04-04 08:56:30 --> syntax error, unexpected token ";"
#0 /var/www/ava/system/View/View.php(213): CodeIgniter\View\View->CodeIgniter\View\{closure}()
#1 /var/www/ava/system/Common.php(1089): CodeIgniter\View\View->render()
#2 /var/www/ava/app/Controllers/CursoController.php(40): view()
#3 /var/www/ava/app/Controllers/CursoController.php(65): App\Controllers\CursoController->form()
#4 /var/www/ava/system/CodeIgniter.php(832): App\Controllers\CursoController->edit()
#5 /var/www/ava/system/CodeIgniter.php(419): CodeIgniter\CodeIgniter->runController()
#6 /var/www/ava/system/CodeIgniter.php(326): CodeIgniter\CodeIgniter->handleRequest()
#7 /var/www/ava/public/index.php(37): CodeIgniter\CodeIgniter->run()
#8 {main}
CRITICAL - 2022-04-04 08:56:40 --> syntax error, unexpected token ";"
#0 /var/www/ava/system/View/View.php(213): CodeIgniter\View\View->CodeIgniter\View\{closure}()
#1 /var/www/ava/system/Common.php(1089): CodeIgniter\View\View->render()
#2 /var/www/ava/app/Controllers/CursoController.php(40): view()
#3 /var/www/ava/app/Controllers/CursoController.php(65): App\Controllers\CursoController->form()
#4 /var/www/ava/system/CodeIgniter.php(832): App\Controllers\CursoController->edit()
#5 /var/www/ava/system/CodeIgniter.php(419): CodeIgniter\CodeIgniter->runController()
#6 /var/www/ava/system/CodeIgniter.php(326): CodeIgniter\CodeIgniter->handleRequest()
#7 /var/www/ava/public/index.php(37): CodeIgniter\CodeIgniter->run()
#8 {main}
CRITICAL - 2022-04-04 08:59:21 --> syntax error, unexpected token "if"
#0 /var/www/ava/system/View/View.php(213): CodeIgniter\View\View->CodeIgniter\View\{closure}()
#1 /var/www/ava/system/Common.php(1089): CodeIgniter\View\View->render()
#2 /var/www/ava/app/Controllers/CursoController.php(40): view()
#3 /var/www/ava/app/Controllers/CursoController.php(65): App\Controllers\CursoController->form()
#4 /var/www/ava/system/CodeIgniter.php(832): App\Controllers\CursoController->edit()
#5 /var/www/ava/system/CodeIgniter.php(419): CodeIgniter\CodeIgniter->runController()
#6 /var/www/ava/system/CodeIgniter.php(326): CodeIgniter\CodeIgniter->handleRequest()
#7 /var/www/ava/public/index.php(37): CodeIgniter\CodeIgniter->run()
#8 {main}
CRITICAL - 2022-04-04 08:59:40 --> syntax error, unexpected token "if"
#0 /var/www/ava/system/View/View.php(213): CodeIgniter\View\View->CodeIgniter\View\{closure}()
#1 /var/www/ava/system/Common.php(1089): CodeIgniter\View\View->render()
#2 /var/www/ava/app/Controllers/CursoController.php(40): view()
#3 /var/www/ava/app/Controllers/CursoController.php(65): App\Controllers\CursoController->form()
#4 /var/www/ava/system/CodeIgniter.php(832): App\Controllers\CursoController->edit()
#5 /var/www/ava/system/CodeIgniter.php(419): CodeIgniter\CodeIgniter->runController()
#6 /var/www/ava/system/CodeIgniter.php(326): CodeIgniter\CodeIgniter->handleRequest()
#7 /var/www/ava/public/index.php(37): CodeIgniter\CodeIgniter->run()
#8 {main}
CRITICAL - 2022-04-04 08:59:42 --> syntax error, unexpected token "if"
#0 /var/www/ava/system/View/View.php(213): CodeIgniter\View\View->CodeIgniter\View\{closure}()
#1 /var/www/ava/system/Common.php(1089): CodeIgniter\View\View->render()
#2 /var/www/ava/app/Controllers/CursoController.php(40): view()
#3 /var/www/ava/app/Controllers/CursoController.php(65): App\Controllers\CursoController->form()
#4 /var/www/ava/system/CodeIgniter.php(832): App\Controllers\CursoController->edit()
#5 /var/www/ava/system/CodeIgniter.php(419): CodeIgniter\CodeIgniter->runController()
#6 /var/www/ava/system/CodeIgniter.php(326): CodeIgniter\CodeIgniter->handleRequest()
#7 /var/www/ava/public/index.php(37): CodeIgniter\CodeIgniter->run()
#8 {main}
CRITICAL - 2022-04-04 09:00:42 --> syntax error, unexpected token "if"
#0 /var/www/ava/system/View/View.php(213): CodeIgniter\View\View->CodeIgniter\View\{closure}()
#1 /var/www/ava/system/Common.php(1089): CodeIgniter\View\View->render()
#2 /var/www/ava/app/Controllers/CursoController.php(40): view()
#3 /var/www/ava/app/Controllers/CursoController.php(65): App\Controllers\CursoController->form()
#4 /var/www/ava/system/CodeIgniter.php(832): App\Controllers\CursoController->edit()
#5 /var/www/ava/system/CodeIgniter.php(419): CodeIgniter\CodeIgniter->runController()
#6 /var/www/ava/system/CodeIgniter.php(326): CodeIgniter\CodeIgniter->handleRequest()
#7 /var/www/ava/public/index.php(37): CodeIgniter\CodeIgniter->run()
#8 {main}
CRITICAL - 2022-04-04 11:36:24 --> syntax error, unexpected token "if"
#0 /var/www/ava/system/View/View.php(213): CodeIgniter\View\View->CodeIgniter\View\{closure}()
#1 /var/www/ava/system/Common.php(1089): CodeIgniter\View\View->render()
#2 /var/www/ava/app/Controllers/CursoController.php(40): view()
#3 /var/www/ava/app/Controllers/CursoController.php(65): App\Controllers\CursoController->form()
#4 /var/www/ava/system/CodeIgniter.php(832): App\Controllers\CursoController->edit()
#5 /var/www/ava/system/CodeIgniter.php(419): CodeIgniter\CodeIgniter->runController()
#6 /var/www/ava/system/CodeIgniter.php(326): CodeIgniter\CodeIgniter->handleRequest()
#7 /var/www/ava/public/index.php(37): CodeIgniter\CodeIgniter->run()
#8 {main}
CRITICAL - 2022-04-04 12:02:04 --> syntax error, unexpected token "if"
#0 /var/www/ava/system/View/View.php(213): CodeIgniter\View\View->CodeIgniter\View\{closure}()
#1 /var/www/ava/system/Common.php(1089): CodeIgniter\View\View->render()
#2 /var/www/ava/app/Controllers/CursoController.php(40): view()
#3 /var/www/ava/app/Controllers/CursoController.php(65): App\Controllers\CursoController->form()
#4 /var/www/ava/system/CodeIgniter.php(832): App\Controllers\CursoController->edit()
#5 /var/www/ava/system/CodeIgniter.php(419): CodeIgniter\CodeIgniter->runController()
#6 /var/www/ava/system/CodeIgniter.php(326): CodeIgniter\CodeIgniter->handleRequest()
#7 /var/www/ava/public/index.php(37): CodeIgniter\CodeIgniter->run()
#8 {main}
CRITICAL - 2022-04-04 12:02:17 --> syntax error, unexpected token "if"
#0 /var/www/ava/system/View/View.php(213): CodeIgniter\View\View->CodeIgniter\View\{closure}()
#1 /var/www/ava/system/Common.php(1089): CodeIgniter\View\View->render()
#2 /var/www/ava/app/Controllers/CursoController.php(40): view()
#3 /var/www/ava/system/CodeIgniter.php(832): App\Controllers\CursoController->form()
#4 /var/www/ava/system/CodeIgniter.php(419): CodeIgniter\CodeIgniter->runController()
#5 /var/www/ava/system/CodeIgniter.php(326): CodeIgniter\CodeIgniter->handleRequest()
#6 /var/www/ava/public/index.php(37): CodeIgniter\CodeIgniter->run()
#7 {main}
CRITICAL - 2022-04-04 12:06:35 --> syntax error, unexpected token "if"
#0 /var/www/ava/system/View/View.php(213): CodeIgniter\View\View->CodeIgniter\View\{closure}()
#1 /var/www/ava/system/Common.php(1089): CodeIgniter\View\View->render()
#2 /var/www/ava/app/Controllers/CursoController.php(40): view()
#3 /var/www/ava/system/CodeIgniter.php(832): App\Controllers\CursoController->form()
#4 /var/www/ava/system/CodeIgniter.php(419): CodeIgniter\CodeIgniter->runController()
#5 /var/www/ava/system/CodeIgniter.php(326): CodeIgniter\CodeIgniter->handleRequest()
#6 /var/www/ava/public/index.php(37): CodeIgniter\CodeIgniter->run()
#7 {main}
CRITICAL - 2022-04-04 12:41:06 --> syntax error, unexpected token "if"
#0 /var/www/ava/system/View/View.php(213): CodeIgniter\View\View->CodeIgniter\View\{closure}()
#1 /var/www/ava/system/Common.php(1089): CodeIgniter\View\View->render()
#2 /var/www/ava/app/Controllers/CursoController.php(40): view()
#3 /var/www/ava/system/CodeIgniter.php(832): App\Controllers\CursoController->form()
#4 /var/www/ava/system/CodeIgniter.php(419): CodeIgniter\CodeIgniter->runController()
#5 /var/www/ava/system/CodeIgniter.php(326): CodeIgniter\CodeIgniter->handleRequest()
#6 /var/www/ava/public/index.php(37): CodeIgniter\CodeIgniter->run()
#7 {main}
CRITICAL - 2022-04-04 12:41:09 --> syntax error, unexpected token "if"
#0 /var/www/ava/system/View/View.php(213): CodeIgniter\View\View->CodeIgniter\View\{closure}()
#1 /var/www/ava/system/Common.php(1089): CodeIgniter\View\View->render()
#2 /var/www/ava/app/Controllers/CursoController.php(40): view()
#3 /var/www/ava/system/CodeIgniter.php(832): App\Controllers\CursoController->form()
#4 /var/www/ava/system/CodeIgniter.php(419): CodeIgniter\CodeIgniter->runController()
#5 /var/www/ava/system/CodeIgniter.php(326): CodeIgniter\CodeIgniter->handleRequest()
#6 /var/www/ava/public/index.php(37): CodeIgniter\CodeIgniter->run()
#7 {main}
CRITICAL - 2022-04-04 12:41:18 --> syntax error, unexpected token "echo"
#0 /var/www/ava/system/View/View.php(213): CodeIgniter\View\View->CodeIgniter\View\{closure}()
#1 /var/www/ava/system/Common.php(1089): CodeIgniter\View\View->render()
#2 /var/www/ava/app/Controllers/CursoController.php(40): view()
#3 /var/www/ava/system/CodeIgniter.php(832): App\Controllers\CursoController->form()
#4 /var/www/ava/system/CodeIgniter.php(419): CodeIgniter\CodeIgniter->runController()
#5 /var/www/ava/system/CodeIgniter.php(326): CodeIgniter\CodeIgniter->handleRequest()
#6 /var/www/ava/public/index.php(37): CodeIgniter\CodeIgniter->run()
#7 {main}
CRITICAL - 2022-04-04 12:41:25 --> Unmatched ')'
#0 /var/www/ava/system/View/View.php(213): CodeIgniter\View\View->CodeIgniter\View\{closure}()
#1 /var/www/ava/system/Common.php(1089): CodeIgniter\View\View->render()
#2 /var/www/ava/app/Controllers/CursoController.php(40): view()
#3 /var/www/ava/system/CodeIgniter.php(832): App\Controllers\CursoController->form()
#4 /var/www/ava/system/CodeIgniter.php(419): CodeIgniter\CodeIgniter->runController()
#5 /var/www/ava/system/CodeIgniter.php(326): CodeIgniter\CodeIgniter->handleRequest()
#6 /var/www/ava/public/index.php(37): CodeIgniter\CodeIgniter->run()
#7 {main}
CRITICAL - 2022-04-04 12:47:36 --> Call to undefined method CodeIgniter\HTTP\IncomingRequest::postVar()
#0 /var/www/ava/system/CodeIgniter.php(832): App\Controllers\CursoController->create()
#1 /var/www/ava/system/CodeIgniter.php(419): CodeIgniter\CodeIgniter->runController()
#2 /var/www/ava/system/CodeIgniter.php(326): CodeIgniter\CodeIgniter->handleRequest()
#3 /var/www/ava/public/index.php(37): CodeIgniter\CodeIgniter->run()
#4 {main}
CRITICAL - 2022-04-04 13:33:39 --> Undefined property: App\Controllers\CursoController::$CursoModel
#0 /var/www/ava/app/Controllers/CursoController.php(49): CodeIgniter\Debug\Exceptions->errorHandler()
#1 /var/www/ava/system/CodeIgniter.php(832): App\Controllers\CursoController->create()
#2 /var/www/ava/system/CodeIgniter.php(419): CodeIgniter\CodeIgniter->runController()
#3 /var/www/ava/system/CodeIgniter.php(326): CodeIgniter\CodeIgniter->handleRequest()
#4 /var/www/ava/public/index.php(37): CodeIgniter\CodeIgniter->run()
#5 {main}
CRITICAL - 2022-04-04 14:09:24 --> Undefined property: App\Controllers\CursoController::$CursoModel
#0 /var/www/ava/app/Controllers/CursoController.php(49): CodeIgniter\Debug\Exceptions->errorHandler()
#1 /var/www/ava/system/CodeIgniter.php(832): App\Controllers\CursoController->create()
#2 /var/www/ava/system/CodeIgniter.php(419): CodeIgniter\CodeIgniter->runController()
#3 /var/www/ava/system/CodeIgniter.php(326): CodeIgniter\CodeIgniter->handleRequest()
#4 /var/www/ava/public/index.php(37): CodeIgniter\CodeIgniter->run()
#5 {main}
CRITICAL - 2022-04-04 14:09:45 --> Undefined property: App\Controllers\CursoController::$CursoModel
#0 /var/www/ava/app/Controllers/CursoController.php(49): CodeIgniter\Debug\Exceptions->errorHandler()
#1 /var/www/ava/system/CodeIgniter.php(832): App\Controllers\CursoController->create()
#2 /var/www/ava/system/CodeIgniter.php(419): CodeIgniter\CodeIgniter->runController()
#3 /var/www/ava/system/CodeIgniter.php(326): CodeIgniter\CodeIgniter->handleRequest()
#4 /var/www/ava/public/index.php(37): CodeIgniter\CodeIgniter->run()
#5 {main}
CRITICAL - 2022-04-04 14:17:52 --> Undefined property: App\Controllers\CursoController::$CursoModel
#0 /var/www/ava/app/Controllers/CursoController.php(49): CodeIgniter\Debug\Exceptions->errorHandler()
#1 /var/www/ava/system/CodeIgniter.php(832): App\Controllers\CursoController->create()
#2 /var/www/ava/system/CodeIgniter.php(419): CodeIgniter\CodeIgniter->runController()
#3 /var/www/ava/system/CodeIgniter.php(326): CodeIgniter\CodeIgniter->handleRequest()
#4 /var/www/ava/public/index.php(37): CodeIgniter\CodeIgniter->run()
#5 {main}
CRITICAL - 2022-04-04 14:18:33 --> Undefined property: App\Controllers\CursoController::$model
#0 /var/www/ava/app/Controllers/CursoController.php(49): CodeIgniter\Debug\Exceptions->errorHandler()
#1 /var/www/ava/system/CodeIgniter.php(832): App\Controllers\CursoController->create()
#2 /var/www/ava/system/CodeIgniter.php(419): CodeIgniter\CodeIgniter->runController()
#3 /var/www/ava/system/CodeIgniter.php(326): CodeIgniter\CodeIgniter->handleRequest()
#4 /var/www/ava/public/index.php(37): CodeIgniter\CodeIgniter->run()
#5 {main}
CRITICAL - 2022-04-04 14:19:30 --> Call to undefined function App\Controllers\getPost()
#0 /var/www/ava/system/CodeIgniter.php(832): App\Controllers\CursoController->create()
#1 /var/www/ava/system/CodeIgniter.php(419): CodeIgniter\CodeIgniter->runController()
#2 /var/www/ava/system/CodeIgniter.php(326): CodeIgniter\CodeIgniter->handleRequest()
#3 /var/www/ava/public/index.php(37): CodeIgniter\CodeIgniter->run()
#4 {main}
CRITICAL - 2022-04-04 14:20:13 --> Call to undefined function App\Controllers\getPost()
#0 /var/www/ava/system/CodeIgniter.php(832): App\Controllers\CursoController->create()
#1 /var/www/ava/system/CodeIgniter.php(419): CodeIgniter\CodeIgniter->runController()
#2 /var/www/ava/system/CodeIgniter.php(326): CodeIgniter\CodeIgniter->handleRequest()
#3 /var/www/ava/public/index.php(37): CodeIgniter\CodeIgniter->run()
#4 {main}
CRITICAL - 2022-04-04 14:21:39 --> syntax error, unexpected double-quoted string " method=", expecting "," or ";"
#0 /var/www/ava/system/View/View.php(213): CodeIgniter\View\View->CodeIgniter\View\{closure}()
#1 /var/www/ava/system/Common.php(1089): CodeIgniter\View\View->render()
#2 /var/www/ava/app/Controllers/CursoController.php(40): view()
#3 /var/www/ava/system/CodeIgniter.php(832): App\Controllers\CursoController->form()
#4 /var/www/ava/system/CodeIgniter.php(419): CodeIgniter\CodeIgniter->runController()
#5 /var/www/ava/system/CodeIgniter.php(326): CodeIgniter\CodeIgniter->handleRequest()
#6 /var/www/ava/public/index.php(37): CodeIgniter\CodeIgniter->run()
#7 {main}
CRITICAL - 2022-04-04 14:21:58 --> Undefined constant "form_open"
#0 /var/www/ava/system/View/View.php(210): include()
#1 /var/www/ava/system/View/View.php(213): CodeIgniter\View\View->CodeIgniter\View\{closure}()
#2 /var/www/ava/system/Common.php(1089): CodeIgniter\View\View->render()
#3 /var/www/ava/app/Controllers/CursoController.php(40): view()
#4 /var/www/ava/system/CodeIgniter.php(832): App\Controllers\CursoController->form()
#5 /var/www/ava/system/CodeIgniter.php(419): CodeIgniter\CodeIgniter->runController()
#6 /var/www/ava/system/CodeIgniter.php(326): CodeIgniter\CodeIgniter->handleRequest()
#7 /var/www/ava/public/index.php(37): CodeIgniter\CodeIgniter->run()
#8 {main}
CRITICAL - 2022-04-04 14:31:50 --> Cannot use object of type stdClass as array
#0 /var/www/ava/system/View/View.php(210): include()
#1 /var/www/ava/system/View/View.php(213): CodeIgniter\View\View->CodeIgniter\View\{closure}()
#2 /var/www/ava/system/Common.php(1089): CodeIgniter\View\View->render()
#3 /var/www/ava/app/Controllers/CursoController.php(41): view()
#4 /var/www/ava/app/Controllers/CursoController.php(67): App\Controllers\CursoController->form()
#5 /var/www/ava/system/CodeIgniter.php(832): App\Controllers\CursoController->edit()
#6 /var/www/ava/system/CodeIgniter.php(419): CodeIgniter\CodeIgniter->runController()
#7 /var/www/ava/system/CodeIgniter.php(326): CodeIgniter\CodeIgniter->handleRequest()
#8 /var/www/ava/public/index.php(37): CodeIgniter\CodeIgniter->run()
#9 {main}
CRITICAL - 2022-04-04 14:32:17 --> Undefined variable $curso_ed
#0 /var/www/ava/app/Views/curso/form.php(6): CodeIgniter\Debug\Exceptions->errorHandler()
#1 /var/www/ava/system/View/View.php(210): include('...')
#2 /var/www/ava/system/View/View.php(213): CodeIgniter\View\View->CodeIgniter\View\{closure}()
#3 /var/www/ava/system/Common.php(1089): CodeIgniter\View\View->render()
#4 /var/www/ava/app/Controllers/CursoController.php(41): view()
#5 /var/www/ava/system/CodeIgniter.php(832): App\Controllers\CursoController->form()
#6 /var/www/ava/system/CodeIgniter.php(419): CodeIgniter\CodeIgniter->runController()
#7 /var/www/ava/system/CodeIgniter.php(326): CodeIgniter\CodeIgniter->handleRequest()
#8 /var/www/ava/public/index.php(37): CodeIgniter\CodeIgniter->run()
#9 {main}
CRITICAL - 2022-04-04 14:32:35 --> Undefined array key "curso_sigla"
#0 /var/www/ava/app/Views/curso/form.php(20): CodeIgniter\Debug\Exceptions->errorHandler()
#1 /var/www/ava/system/View/View.php(210): include('...')
#2 /var/www/ava/system/View/View.php(213): CodeIgniter\View\View->CodeIgniter\View\{closure}()
#3 /var/www/ava/system/Common.php(1089): CodeIgniter\View\View->render()
#4 /var/www/ava/app/Controllers/CursoController.php(41): view()
#5 /var/www/ava/app/Controllers/CursoController.php(67): App\Controllers\CursoController->form()
#6 /var/www/ava/system/CodeIgniter.php(832): App\Controllers\CursoController->edit()
#7 /var/www/ava/system/CodeIgniter.php(419): CodeIgniter\CodeIgniter->runController()
#8 /var/www/ava/system/CodeIgniter.php(326): CodeIgniter\CodeIgniter->handleRequest()
#9 /var/www/ava/public/index.php(37): CodeIgniter\CodeIgniter->run()
#10 {main}
CRITICAL - 2022-04-04 14:33:34 --> Cannot use [] for reading
#0 [internal function]: CodeIgniter\Debug\Exceptions->shutdownHandler()
#1 {main}
CRITICAL - 2022-04-04 14:33:45 --> Attempt to read property "curso_sigla" on array
#0 /var/www/ava/app/Views/curso/form.php(21): CodeIgniter\Debug\Exceptions->errorHandler()
#1 /var/www/ava/system/View/View.php(210): include('...')
#2 /var/www/ava/system/View/View.php(213): CodeIgniter\View\View->CodeIgniter\View\{closure}()
#3 /var/www/ava/system/Common.php(1089): CodeIgniter\View\View->render()
#4 /var/www/ava/app/Controllers/CursoController.php(41): view()
#5 /var/www/ava/app/Controllers/CursoController.php(67): App\Controllers\CursoController->form()
#6 /var/www/ava/system/CodeIgniter.php(832): App\Controllers\CursoController->edit()
#7 /var/www/ava/system/CodeIgniter.php(419): CodeIgniter\CodeIgniter->runController()
#8 /var/www/ava/system/CodeIgniter.php(326): CodeIgniter\CodeIgniter->handleRequest()
#9 /var/www/ava/public/index.php(37): CodeIgniter\CodeIgniter->run()
#10 {main}
CRITICAL - 2022-04-04 14:34:01 --> syntax error, unexpected single-quoted string "curso_sigla", expecting identifier or variable or "{" or "$"
#0 /var/www/ava/system/View/View.php(213): CodeIgniter\View\View->CodeIgniter\View\{closure}()
#1 /var/www/ava/system/Common.php(1089): CodeIgniter\View\View->render()
#2 /var/www/ava/app/Controllers/CursoController.php(41): view()
#3 /var/www/ava/app/Controllers/CursoController.php(67): App\Controllers\CursoController->form()
#4 /var/www/ava/system/CodeIgniter.php(832): App\Controllers\CursoController->edit()
#5 /var/www/ava/system/CodeIgniter.php(419): CodeIgniter\CodeIgniter->runController()
#6 /var/www/ava/system/CodeIgniter.php(326): CodeIgniter\CodeIgniter->handleRequest()
#7 /var/www/ava/public/index.php(37): CodeIgniter\CodeIgniter->run()
#8 {main}
CRITICAL - 2022-04-04 14:35:20 --> Attempt to read property "curso_sigla" on array
#0 /var/www/ava/app/Views/curso/form.php(5): CodeIgniter\Debug\Exceptions->errorHandler()
#1 /var/www/ava/system/View/View.php(210): include('...')
#2 /var/www/ava/system/View/View.php(213): CodeIgniter\View\View->CodeIgniter\View\{closure}()
#3 /var/www/ava/system/Common.php(1089): CodeIgniter\View\View->render()
#4 /var/www/ava/app/Controllers/CursoController.php(41): view()
#5 /var/www/ava/app/Controllers/CursoController.php(67): App\Controllers\CursoController->form()
#6 /var/www/ava/system/CodeIgniter.php(832): App\Controllers\CursoController->edit()
#7 /var/www/ava/system/CodeIgniter.php(419): CodeIgniter\CodeIgniter->runController()
#8 /var/www/ava/system/CodeIgniter.php(326): CodeIgniter\CodeIgniter->handleRequest()
#9 /var/www/ava/public/index.php(37): CodeIgniter\CodeIgniter->run()
#10 {main}
CRITICAL - 2022-04-04 14:35:30 --> Undefined constant "curso_sigla"
#0 /var/www/ava/system/View/View.php(210): include()
#1 /var/www/ava/system/View/View.php(213): CodeIgniter\View\View->CodeIgniter\View\{closure}()
#2 /var/www/ava/system/Common.php(1089): CodeIgniter\View\View->render()
#3 /var/www/ava/app/Controllers/CursoController.php(41): view()
#4 /var/www/ava/app/Controllers/CursoController.php(67): App\Controllers\CursoController->form()
#5 /var/www/ava/system/CodeIgniter.php(832): App\Controllers\CursoController->edit()
#6 /var/www/ava/system/CodeIgniter.php(419): CodeIgniter\CodeIgniter->runController()
#7 /var/www/ava/system/CodeIgniter.php(326): CodeIgniter\CodeIgniter->handleRequest()
#8 /var/www/ava/public/index.php(37): CodeIgniter\CodeIgniter->run()
#9 {main}
CRITICAL - 2022-04-04 14:35:36 --> Undefined array key "curso_sigla"
#0 /var/www/ava/app/Views/curso/form.php(5): CodeIgniter\Debug\Exceptions->errorHandler()
#1 /var/www/ava/system/View/View.php(210): include('...')
#2 /var/www/ava/system/View/View.php(213): CodeIgniter\View\View->CodeIgniter\View\{closure}()
#3 /var/www/ava/system/Common.php(1089): CodeIgniter\View\View->render()
#4 /var/www/ava/app/Controllers/CursoController.php(41): view()
#5 /var/www/ava/app/Controllers/CursoController.php(67): App\Controllers\CursoController->form()
#6 /var/www/ava/system/CodeIgniter.php(832): App\Controllers\CursoController->edit()
#7 /var/www/ava/system/CodeIgniter.php(419): CodeIgniter\CodeIgniter->runController()
#8 /var/www/ava/system/CodeIgniter.php(326): CodeIgniter\CodeIgniter->handleRequest()
#9 /var/www/ava/public/index.php(37): CodeIgniter\CodeIgniter->run()
#10 {main}
CRITICAL - 2022-04-04 14:35:53 --> Attempt to read property "curso_sigla" on array
#0 /var/www/ava/app/Views/curso/form.php(5): CodeIgniter\Debug\Exceptions->errorHandler()
#1 /var/www/ava/system/View/View.php(210): include('...')
#2 /var/www/ava/system/View/View.php(213): CodeIgniter\View\View->CodeIgniter\View\{closure}()
#3 /var/www/ava/system/Common.php(1089): CodeIgniter\View\View->render()
#4 /var/www/ava/app/Controllers/CursoController.php(41): view()
#5 /var/www/ava/app/Controllers/CursoController.php(67): App\Controllers\CursoController->form()
#6 /var/www/ava/system/CodeIgniter.php(832): App\Controllers\CursoController->edit()
#7 /var/www/ava/system/CodeIgniter.php(419): CodeIgniter\CodeIgniter->runController()
#8 /var/www/ava/system/CodeIgniter.php(326): CodeIgniter\CodeIgniter->handleRequest()
#9 /var/www/ava/public/index.php(37): CodeIgniter\CodeIgniter->run()
#10 {main}
CRITICAL - 2022-04-04 14:36:43 --> Attempt to read property "curso_sigla" on array
#0 /var/www/ava/app/Views/curso/form.php(5): CodeIgniter\Debug\Exceptions->errorHandler()
#1 /var/www/ava/system/View/View.php(210): include('...')
#2 /var/www/ava/system/View/View.php(213): CodeIgniter\View\View->CodeIgniter\View\{closure}()
#3 /var/www/ava/system/Common.php(1089): CodeIgniter\View\View->render()
#4 /var/www/ava/app/Controllers/CursoController.php(41): view()
#5 /var/www/ava/app/Controllers/CursoController.php(67): App\Controllers\CursoController->form()
#6 /var/www/ava/system/CodeIgniter.php(832): App\Controllers\CursoController->edit()
#7 /var/www/ava/system/CodeIgniter.php(419): CodeIgniter\CodeIgniter->runController()
#8 /var/www/ava/system/CodeIgniter.php(326): CodeIgniter\CodeIgniter->handleRequest()
#9 /var/www/ava/public/index.php(37): CodeIgniter\CodeIgniter->run()
#10 {main}
CRITICAL - 2022-04-04 14:36:57 --> Attempt to read property "curso_sigla" on array
#0 /var/www/ava/app/Views/curso/form.php(5): CodeIgniter\Debug\Exceptions->errorHandler()
#1 /var/www/ava/system/View/View.php(210): include('...')
#2 /var/www/ava/system/View/View.php(213): CodeIgniter\View\View->CodeIgniter\View\{closure}()
#3 /var/www/ava/system/Common.php(1089): CodeIgniter\View\View->render()
#4 /var/www/ava/app/Controllers/CursoController.php(41): view()
#5 /var/www/ava/app/Controllers/CursoController.php(67): App\Controllers\CursoController->form()
#6 /var/www/ava/system/CodeIgniter.php(832): App\Controllers\CursoController->edit()
#7 /var/www/ava/system/CodeIgniter.php(419): CodeIgniter\CodeIgniter->runController()
#8 /var/www/ava/system/CodeIgniter.php(326): CodeIgniter\CodeIgniter->handleRequest()
#9 /var/www/ava/public/index.php(37): CodeIgniter\CodeIgniter->run()
#10 {main}
CRITICAL - 2022-04-04 14:37:04 --> Attempt to read property "curso_sigla" on array
#0 /var/www/ava/app/Views/curso/form.php(5): CodeIgniter\Debug\Exceptions->errorHandler()
#1 /var/www/ava/system/View/View.php(210): include('...')
#2 /var/www/ava/system/View/View.php(213): CodeIgniter\View\View->CodeIgniter\View\{closure}()
#3 /var/www/ava/system/Common.php(1089): CodeIgniter\View\View->render()
#4 /var/www/ava/app/Controllers/CursoController.php(41): view()
#5 /var/www/ava/app/Controllers/CursoController.php(67): App\Controllers\CursoController->form()
#6 /var/www/ava/system/CodeIgniter.php(832): App\Controllers\CursoController->edit()
#7 /var/www/ava/system/CodeIgniter.php(419): CodeIgniter\CodeIgniter->runController()
#8 /var/www/ava/system/CodeIgniter.php(326): CodeIgniter\CodeIgniter->handleRequest()
#9 /var/www/ava/public/index.php(37): CodeIgniter\CodeIgniter->run()
#10 {main}
CRITICAL - 2022-04-04 14:38:54 --> syntax error, unexpected token "\"
#0 /var/www/ava/system/View/View.php(213): CodeIgniter\View\View->CodeIgniter\View\{closure}()
#1 /var/www/ava/system/Common.php(1089): CodeIgniter\View\View->render()
#2 /var/www/ava/app/Controllers/CursoController.php(41): view()
#3 /var/www/ava/app/Controllers/CursoController.php(67): App\Controllers\CursoController->form()
#4 /var/www/ava/system/CodeIgniter.php(832): App\Controllers\CursoController->edit()
#5 /var/www/ava/system/CodeIgniter.php(419): CodeIgniter\CodeIgniter->runController()
#6 /var/www/ava/system/CodeIgniter.php(326): CodeIgniter\CodeIgniter->handleRequest()
#7 /var/www/ava/public/index.php(37): CodeIgniter\CodeIgniter->run()
#8 {main}
