CRITICAL - 2022-03-31 10:08:54 --> ZipArchive::addFile(): No such file or directory
#0 [internal function]: CodeIgniter\Debug\Exceptions->errorHandler()
#1 /var/www/ava/app/Controllers/CertificadoController.php(41): ZipArchive->addFile()
#2 /var/www/ava/system/CodeIgniter.php(832): App\Controllers\CertificadoController->zipDownload()
#3 /var/www/ava/system/CodeIgniter.php(419): CodeIgniter\CodeIgniter->runController()
#4 /var/www/ava/system/CodeIgniter.php(326): CodeIgniter\CodeIgniter->handleRequest()
#5 /var/www/ava/public/index.php(37): CodeIgniter\CodeIgniter->run()
#6 {main}
CRITICAL - 2022-03-31 13:05:14 --> strpos(): Argument #1 ($haystack) must be of type string, CodeIgniter\Email\Email given
#0 /var/www/ava/system/Email/Email.php(728): strpos()
#1 /var/www/ava/system/Email/Email.php(541): CodeIgniter\Email\Email->stringToArray()
#2 /var/www/ava/app/Controllers/CertificadoController.php(69): CodeIgniter\Email\Email->setTo()
#3 /var/www/ava/system/CodeIgniter.php(832): App\Controllers\CertificadoController->sendCertificado()
#4 /var/www/ava/system/CodeIgniter.php(419): CodeIgniter\CodeIgniter->runController()
#5 /var/www/ava/system/CodeIgniter.php(326): CodeIgniter\CodeIgniter->handleRequest()
#6 /var/www/ava/public/index.php(37): CodeIgniter\CodeIgniter->run()
#7 {main}
CRITICAL - 2022-03-31 13:05:56 --> strpos(): Argument #1 ($haystack) must be of type string, CodeIgniter\Email\Email given
#0 /var/www/ava/system/Email/Email.php(728): strpos()
#1 /var/www/ava/system/Email/Email.php(541): CodeIgniter\Email\Email->stringToArray()
#2 /var/www/ava/app/Controllers/CertificadoController.php(69): CodeIgniter\Email\Email->setTo()
#3 /var/www/ava/system/CodeIgniter.php(832): App\Controllers\CertificadoController->sendCertificado()
#4 /var/www/ava/system/CodeIgniter.php(419): CodeIgniter\CodeIgniter->runController()
#5 /var/www/ava/system/CodeIgniter.php(326): CodeIgniter\CodeIgniter->handleRequest()
#6 /var/www/ava/public/index.php(37): CodeIgniter\CodeIgniter->run()
#7 {main}
CRITICAL - 2022-03-31 13:06:46 --> Object of class CodeIgniter\Email\Email could not be converted to string
#0 /var/www/ava/system/CodeIgniter.php(832): App\Controllers\CertificadoController->sendCertificado()
#1 /var/www/ava/system/CodeIgniter.php(419): CodeIgniter\CodeIgniter->runController()
#2 /var/www/ava/system/CodeIgniter.php(326): CodeIgniter\CodeIgniter->handleRequest()
#3 /var/www/ava/public/index.php(37): CodeIgniter\CodeIgniter->run()
#4 {main}
CRITICAL - 2022-03-31 13:18:39 --> Undefined variable $db
#0 /var/www/ava/app/Controllers/CertificadoController.php(56): CodeIgniter\Debug\Exceptions->errorHandler()
#1 /var/www/ava/system/CodeIgniter.php(832): App\Controllers\CertificadoController->sendCertificado()
#2 /var/www/ava/system/CodeIgniter.php(419): CodeIgniter\CodeIgniter->runController()
#3 /var/www/ava/system/CodeIgniter.php(326): CodeIgniter\CodeIgniter->handleRequest()
#4 /var/www/ava/public/index.php(37): CodeIgniter\CodeIgniter->run()
#5 {main}
CRITICAL - 2022-03-31 13:19:00 --> Undefined variable $db
#0 /var/www/ava/app/Controllers/CertificadoController.php(57): CodeIgniter\Debug\Exceptions->errorHandler()
#1 /var/www/ava/system/CodeIgniter.php(832): App\Controllers\CertificadoController->sendCertificado()
#2 /var/www/ava/system/CodeIgniter.php(419): CodeIgniter\CodeIgniter->runController()
#3 /var/www/ava/system/CodeIgniter.php(326): CodeIgniter\CodeIgniter->handleRequest()
#4 /var/www/ava/public/index.php(37): CodeIgniter\CodeIgniter->run()
#5 {main}
CRITICAL - 2022-03-31 13:19:01 --> Undefined variable $db
#0 /var/www/ava/app/Controllers/CertificadoController.php(57): CodeIgniter\Debug\Exceptions->errorHandler()
#1 /var/www/ava/system/CodeIgniter.php(832): App\Controllers\CertificadoController->sendCertificado()
#2 /var/www/ava/system/CodeIgniter.php(419): CodeIgniter\CodeIgniter->runController()
#3 /var/www/ava/system/CodeIgniter.php(326): CodeIgniter\CodeIgniter->handleRequest()
#4 /var/www/ava/public/index.php(37): CodeIgniter\CodeIgniter->run()
#5 {main}
CRITICAL - 2022-03-31 13:24:14 --> Undefined array key "id_user"
#0 /var/www/ava/app/Controllers/CertificadoController.php(71): CodeIgniter\Debug\Exceptions->errorHandler()
#1 /var/www/ava/system/CodeIgniter.php(832): App\Controllers\CertificadoController->sendCertificado()
#2 /var/www/ava/system/CodeIgniter.php(419): CodeIgniter\CodeIgniter->runController()
#3 /var/www/ava/system/CodeIgniter.php(326): CodeIgniter\CodeIgniter->handleRequest()
#4 /var/www/ava/public/index.php(37): CodeIgniter\CodeIgniter->run()
#5 {main}
CRITICAL - 2022-03-31 13:27:39 --> Undefined variable $dados
#0 /var/www/ava/app/Controllers/CertificadoController.php(71): CodeIgniter\Debug\Exceptions->errorHandler()
#1 /var/www/ava/system/CodeIgniter.php(832): App\Controllers\CertificadoController->sendCertificado()
#2 /var/www/ava/system/CodeIgniter.php(419): CodeIgniter\CodeIgniter->runController()
#3 /var/www/ava/system/CodeIgniter.php(326): CodeIgniter\CodeIgniter->handleRequest()
#4 /var/www/ava/public/index.php(37): CodeIgniter\CodeIgniter->run()
#5 {main}
CRITICAL - 2022-03-31 13:28:04 --> Undefined array key "id_user"
#0 /var/www/ava/app/Controllers/CertificadoController.php(71): CodeIgniter\Debug\Exceptions->errorHandler()
#1 /var/www/ava/system/CodeIgniter.php(832): App\Controllers\CertificadoController->sendCertificado()
#2 /var/www/ava/system/CodeIgniter.php(419): CodeIgniter\CodeIgniter->runController()
#3 /var/www/ava/system/CodeIgniter.php(326): CodeIgniter\CodeIgniter->handleRequest()
#4 /var/www/ava/public/index.php(37): CodeIgniter\CodeIgniter->run()
#5 {main}
CRITICAL - 2022-03-31 13:28:06 --> Undefined array key "id_user"
#0 /var/www/ava/app/Controllers/CertificadoController.php(71): CodeIgniter\Debug\Exceptions->errorHandler()
#1 /var/www/ava/system/CodeIgniter.php(832): App\Controllers\CertificadoController->sendCertificado()
#2 /var/www/ava/system/CodeIgniter.php(419): CodeIgniter\CodeIgniter->runController()
#3 /var/www/ava/system/CodeIgniter.php(326): CodeIgniter\CodeIgniter->handleRequest()
#4 /var/www/ava/public/index.php(37): CodeIgniter\CodeIgniter->run()
#5 {main}
CRITICAL - 2022-03-31 13:29:50 --> Undefined array key "id_user"
#0 /var/www/ava/app/Controllers/CertificadoController.php(72): CodeIgniter\Debug\Exceptions->errorHandler()
#1 /var/www/ava/system/CodeIgniter.php(832): App\Controllers\CertificadoController->sendCertificado()
#2 /var/www/ava/system/CodeIgniter.php(419): CodeIgniter\CodeIgniter->runController()
#3 /var/www/ava/system/CodeIgniter.php(326): CodeIgniter\CodeIgniter->handleRequest()
#4 /var/www/ava/public/index.php(37): CodeIgniter\CodeIgniter->run()
#5 {main}
CRITICAL - 2022-03-31 13:29:51 --> Undefined array key "id_user"
#0 /var/www/ava/app/Controllers/CertificadoController.php(72): CodeIgniter\Debug\Exceptions->errorHandler()
#1 /var/www/ava/system/CodeIgniter.php(832): App\Controllers\CertificadoController->sendCertificado()
#2 /var/www/ava/system/CodeIgniter.php(419): CodeIgniter\CodeIgniter->runController()
#3 /var/www/ava/system/CodeIgniter.php(326): CodeIgniter\CodeIgniter->handleRequest()
#4 /var/www/ava/public/index.php(37): CodeIgniter\CodeIgniter->run()
#5 {main}
CRITICAL - 2022-03-31 13:29:51 --> Undefined array key "id_user"
#0 /var/www/ava/app/Controllers/CertificadoController.php(72): CodeIgniter\Debug\Exceptions->errorHandler()
#1 /var/www/ava/system/CodeIgniter.php(832): App\Controllers\CertificadoController->sendCertificado()
#2 /var/www/ava/system/CodeIgniter.php(419): CodeIgniter\CodeIgniter->runController()
#3 /var/www/ava/system/CodeIgniter.php(326): CodeIgniter\CodeIgniter->handleRequest()
#4 /var/www/ava/public/index.php(37): CodeIgniter\CodeIgniter->run()
#5 {main}
CRITICAL - 2022-03-31 13:29:51 --> Undefined array key "id_user"
#0 /var/www/ava/app/Controllers/CertificadoController.php(72): CodeIgniter\Debug\Exceptions->errorHandler()
#1 /var/www/ava/system/CodeIgniter.php(832): App\Controllers\CertificadoController->sendCertificado()
#2 /var/www/ava/system/CodeIgniter.php(419): CodeIgniter\CodeIgniter->runController()
#3 /var/www/ava/system/CodeIgniter.php(326): CodeIgniter\CodeIgniter->handleRequest()
#4 /var/www/ava/public/index.php(37): CodeIgniter\CodeIgniter->run()
#5 {main}
CRITICAL - 2022-03-31 13:29:51 --> Undefined array key "id_user"
#0 /var/www/ava/app/Controllers/CertificadoController.php(72): CodeIgniter\Debug\Exceptions->errorHandler()
#1 /var/www/ava/system/CodeIgniter.php(832): App\Controllers\CertificadoController->sendCertificado()
#2 /var/www/ava/system/CodeIgniter.php(419): CodeIgniter\CodeIgniter->runController()
#3 /var/www/ava/system/CodeIgniter.php(326): CodeIgniter\CodeIgniter->handleRequest()
#4 /var/www/ava/public/index.php(37): CodeIgniter\CodeIgniter->run()
#5 {main}
CRITICAL - 2022-03-31 13:29:52 --> Undefined array key "id_user"
#0 /var/www/ava/app/Controllers/CertificadoController.php(72): CodeIgniter\Debug\Exceptions->errorHandler()
#1 /var/www/ava/system/CodeIgniter.php(832): App\Controllers\CertificadoController->sendCertificado()
#2 /var/www/ava/system/CodeIgniter.php(419): CodeIgniter\CodeIgniter->runController()
#3 /var/www/ava/system/CodeIgniter.php(326): CodeIgniter\CodeIgniter->handleRequest()
#4 /var/www/ava/public/index.php(37): CodeIgniter\CodeIgniter->run()
#5 {main}
CRITICAL - 2022-03-31 13:29:53 --> Undefined array key "id_user"
#0 /var/www/ava/app/Controllers/CertificadoController.php(72): CodeIgniter\Debug\Exceptions->errorHandler()
#1 /var/www/ava/system/CodeIgniter.php(832): App\Controllers\CertificadoController->sendCertificado()
#2 /var/www/ava/system/CodeIgniter.php(419): CodeIgniter\CodeIgniter->runController()
#3 /var/www/ava/system/CodeIgniter.php(326): CodeIgniter\CodeIgniter->handleRequest()
#4 /var/www/ava/public/index.php(37): CodeIgniter\CodeIgniter->run()
#5 {main}
CRITICAL - 2022-03-31 13:30:52 --> Attempt to read property "id_curso" on null
#0 /var/www/ava/app/Controllers/CertificadoController.php(194): CodeIgniter\Debug\Exceptions->errorHandler()
#1 /var/www/ava/app/Controllers/CertificadoController.php(75): App\Controllers\CertificadoController->select_certificado()
#2 /var/www/ava/system/CodeIgniter.php(832): App\Controllers\CertificadoController->sendCertificado()
#3 /var/www/ava/system/CodeIgniter.php(419): CodeIgniter\CodeIgniter->runController()
#4 /var/www/ava/system/CodeIgniter.php(326): CodeIgniter\CodeIgniter->handleRequest()
#5 /var/www/ava/public/index.php(37): CodeIgniter\CodeIgniter->run()
#6 {main}
CRITICAL - 2022-03-31 13:31:01 --> Undefined array key "email"
#0 /var/www/ava/app/Controllers/CertificadoController.php(81): CodeIgniter\Debug\Exceptions->errorHandler()
#1 /var/www/ava/system/CodeIgniter.php(832): App\Controllers\CertificadoController->sendCertificado()
#2 /var/www/ava/system/CodeIgniter.php(419): CodeIgniter\CodeIgniter->runController()
#3 /var/www/ava/system/CodeIgniter.php(326): CodeIgniter\CodeIgniter->handleRequest()
#4 /var/www/ava/public/index.php(37): CodeIgniter\CodeIgniter->run()
#5 {main}
CRITICAL - 2022-03-31 13:31:09 --> Undefined array key "email"
#0 /var/www/ava/app/Controllers/CertificadoController.php(81): CodeIgniter\Debug\Exceptions->errorHandler()
#1 /var/www/ava/system/CodeIgniter.php(832): App\Controllers\CertificadoController->sendCertificado()
#2 /var/www/ava/system/CodeIgniter.php(419): CodeIgniter\CodeIgniter->runController()
#3 /var/www/ava/system/CodeIgniter.php(326): CodeIgniter\CodeIgniter->handleRequest()
#4 /var/www/ava/public/index.php(37): CodeIgniter\CodeIgniter->run()
#5 {main}
CRITICAL - 2022-03-31 13:31:58 --> Undefined array key "email"
#0 /var/www/ava/app/Controllers/CertificadoController.php(81): CodeIgniter\Debug\Exceptions->errorHandler()
#1 /var/www/ava/system/CodeIgniter.php(832): App\Controllers\CertificadoController->sendCertificado()
#2 /var/www/ava/system/CodeIgniter.php(419): CodeIgniter\CodeIgniter->runController()
#3 /var/www/ava/system/CodeIgniter.php(326): CodeIgniter\CodeIgniter->handleRequest()
#4 /var/www/ava/public/index.php(37): CodeIgniter\CodeIgniter->run()
#5 {main}
CRITICAL - 2022-03-31 13:32:47 --> Undefined array key "email"
#0 /var/www/ava/app/Controllers/CertificadoController.php(81): CodeIgniter\Debug\Exceptions->errorHandler()
#1 /var/www/ava/system/CodeIgniter.php(832): App\Controllers\CertificadoController->sendCertificado()
#2 /var/www/ava/system/CodeIgniter.php(419): CodeIgniter\CodeIgniter->runController()
#3 /var/www/ava/system/CodeIgniter.php(326): CodeIgniter\CodeIgniter->handleRequest()
#4 /var/www/ava/public/index.php(37): CodeIgniter\CodeIgniter->run()
#5 {main}
CRITICAL - 2022-03-31 13:32:50 --> Undefined array key "email"
#0 /var/www/ava/app/Controllers/CertificadoController.php(81): CodeIgniter\Debug\Exceptions->errorHandler()
#1 /var/www/ava/system/CodeIgniter.php(832): App\Controllers\CertificadoController->sendCertificado()
#2 /var/www/ava/system/CodeIgniter.php(419): CodeIgniter\CodeIgniter->runController()
#3 /var/www/ava/system/CodeIgniter.php(326): CodeIgniter\CodeIgniter->handleRequest()
#4 /var/www/ava/public/index.php(37): CodeIgniter\CodeIgniter->run()
#5 {main}
CRITICAL - 2022-03-31 13:36:49 --> Undefined variable $fileName
#0 /var/www/ava/app/Controllers/CertificadoController.php(131): CodeIgniter\Debug\Exceptions->errorHandler()
#1 /var/www/ava/app/Controllers/CertificadoController.php(198): App\Controllers\CertificadoController->geraPDF()
#2 /var/www/ava/app/Controllers/CertificadoController.php(89): App\Controllers\CertificadoController->select_certificado()
#3 /var/www/ava/system/CodeIgniter.php(832): App\Controllers\CertificadoController->sendCertificado()
#4 /var/www/ava/system/CodeIgniter.php(419): CodeIgniter\CodeIgniter->runController()
#5 /var/www/ava/system/CodeIgniter.php(326): CodeIgniter\CodeIgniter->handleRequest()
#6 /var/www/ava/public/index.php(37): CodeIgniter\CodeIgniter->run()
#7 {main}
CRITICAL - 2022-03-31 13:42:02 --> fopen(certificados/certi.pdf): Failed to open stream: Permission denied
#0 [internal function]: CodeIgniter\Debug\Exceptions->errorHandler()
#1 /var/www/ava/vendor/mpdf/mpdf/src/Mpdf.php(9606): fopen()
#2 /var/www/ava/app/Controllers/CertificadoController.php(129): Mpdf\Mpdf->Output()
#3 /var/www/ava/app/Controllers/CertificadoController.php(198): App\Controllers\CertificadoController->geraPDF()
#4 /var/www/ava/app/Controllers/CertificadoController.php(89): App\Controllers\CertificadoController->select_certificado()
#5 /var/www/ava/system/CodeIgniter.php(832): App\Controllers\CertificadoController->sendCertificado()
#6 /var/www/ava/system/CodeIgniter.php(419): CodeIgniter\CodeIgniter->runController()
#7 /var/www/ava/system/CodeIgniter.php(326): CodeIgniter\CodeIgniter->handleRequest()
#8 /var/www/ava/public/index.php(37): CodeIgniter\CodeIgniter->run()
#9 {main}
CRITICAL - 2022-03-31 14:02:58 --> syntax error, unexpected single-quoted string "</b>", expecting "," or ";"
#0 /var/www/ava/system/View/View.php(213): CodeIgniter\View\View->CodeIgniter\View\{closure}()
#1 /var/www/ava/system/Common.php(1089): CodeIgniter\View\View->render()
#2 /var/www/ava/app/Controllers/CertificadoController.php(106): view()
#3 /var/www/ava/app/Controllers/CertificadoController.php(183): App\Controllers\CertificadoController->geraPDF()
#4 /var/www/ava/app/Controllers/CertificadoController.php(73): App\Controllers\CertificadoController->select_certificado()
#5 /var/www/ava/system/CodeIgniter.php(832): App\Controllers\CertificadoController->sendCertificado()
#6 /var/www/ava/system/CodeIgniter.php(419): CodeIgniter\CodeIgniter->runController()
#7 /var/www/ava/system/CodeIgniter.php(326): CodeIgniter\CodeIgniter->handleRequest()
#8 /var/www/ava/public/index.php(37): CodeIgniter\CodeIgniter->run()
#9 {main}
CRITICAL - 2022-03-31 14:05:07 --> syntax error, unexpected single-quoted string "</b>", expecting "," or ";"
#0 /var/www/ava/system/View/View.php(213): CodeIgniter\View\View->CodeIgniter\View\{closure}()
#1 /var/www/ava/system/Common.php(1089): CodeIgniter\View\View->render()
#2 /var/www/ava/app/Controllers/CertificadoController.php(106): view()
#3 /var/www/ava/app/Controllers/CertificadoController.php(184): App\Controllers\CertificadoController->geraPDF()
#4 /var/www/ava/app/Controllers/CertificadoController.php(73): App\Controllers\CertificadoController->select_certificado()
#5 /var/www/ava/system/CodeIgniter.php(832): App\Controllers\CertificadoController->sendCertificado()
#6 /var/www/ava/system/CodeIgniter.php(419): CodeIgniter\CodeIgniter->runController()
#7 /var/www/ava/system/CodeIgniter.php(326): CodeIgniter\CodeIgniter->handleRequest()
#8 /var/www/ava/public/index.php(37): CodeIgniter\CodeIgniter->run()
#9 {main}
