CRITICAL - 2022-03-13 04:31:28 --> Undefined array key "id_user"
#0 /var/www/ava/app/Views/dashboard.php(6): CodeIgniter\Debug\Exceptions->errorHandler()
#1 /var/www/ava/system/View/View.php(210): include('...')
#2 /var/www/ava/system/View/View.php(213): CodeIgniter\View\View->CodeIgniter\View\{closure}()
#3 /var/www/ava/system/Common.php(1089): CodeIgniter\View\View->render()
#4 /var/www/ava/app/Controllers/Home.php(32): view()
#5 /var/www/ava/system/CodeIgniter.php(832): App\Controllers\Home->logado()
#6 /var/www/ava/system/CodeIgniter.php(419): CodeIgniter\CodeIgniter->runController()
#7 /var/www/ava/system/CodeIgniter.php(326): CodeIgniter\CodeIgniter->handleRequest()
#8 /var/www/ava/public/index.php(37): CodeIgniter\CodeIgniter->run()
#9 {main}
ERROR - 2022-03-13 05:16:15 --> Unknown table 'ava.cursos'
CRITICAL - 2022-03-13 05:55:03 --> Undefined variable $title
#0 /var/www/ava/app/Views/profile.php(5): CodeIgniter\Debug\Exceptions->errorHandler()
#1 /var/www/ava/system/View/View.php(210): include('...')
#2 /var/www/ava/system/View/View.php(213): CodeIgniter\View\View->CodeIgniter\View\{closure}()
#3 /var/www/ava/system/Common.php(1089): CodeIgniter\View\View->render()
#4 /var/www/ava/app/Controllers/Auth.php(33): view()
#5 /var/www/ava/system/CodeIgniter.php(832): App\Controllers\Auth->index()
#6 /var/www/ava/system/CodeIgniter.php(419): CodeIgniter\CodeIgniter->runController()
#7 /var/www/ava/system/CodeIgniter.php(326): CodeIgniter\CodeIgniter->handleRequest()
#8 /var/www/ava/public/index.php(37): CodeIgniter\CodeIgniter->run()
#9 {main}
CRITICAL - 2022-03-13 05:56:07 --> Undefined variable $model
#0 /var/www/ava/app/Controllers/Auth.php(32): CodeIgniter\Debug\Exceptions->errorHandler()
#1 /var/www/ava/system/CodeIgniter.php(832): App\Controllers\Auth->index()
#2 /var/www/ava/system/CodeIgniter.php(419): CodeIgniter\CodeIgniter->runController()
#3 /var/www/ava/system/CodeIgniter.php(326): CodeIgniter\CodeIgniter->handleRequest()
#4 /var/www/ava/public/index.php(37): CodeIgniter\CodeIgniter->run()
#5 {main}
CRITICAL - 2022-03-13 05:56:25 --> Undefined variable $title
#0 /var/www/ava/app/Views/profile.php(5): CodeIgniter\Debug\Exceptions->errorHandler()
#1 /var/www/ava/system/View/View.php(210): include('...')
#2 /var/www/ava/system/View/View.php(213): CodeIgniter\View\View->CodeIgniter\View\{closure}()
#3 /var/www/ava/system/Common.php(1089): CodeIgniter\View\View->render()
#4 /var/www/ava/app/Controllers/Auth.php(34): view()
#5 /var/www/ava/system/CodeIgniter.php(832): App\Controllers\Auth->index()
#6 /var/www/ava/system/CodeIgniter.php(419): CodeIgniter\CodeIgniter->runController()
#7 /var/www/ava/system/CodeIgniter.php(326): CodeIgniter\CodeIgniter->handleRequest()
#8 /var/www/ava/public/index.php(37): CodeIgniter\CodeIgniter->run()
#9 {main}
CRITICAL - 2022-03-13 05:56:31 --> Undefined variable $title
#0 /var/www/ava/app/Views/profile.php(5): CodeIgniter\Debug\Exceptions->errorHandler()
#1 /var/www/ava/system/View/View.php(210): include('...')
#2 /var/www/ava/system/View/View.php(213): CodeIgniter\View\View->CodeIgniter\View\{closure}()
#3 /var/www/ava/system/Common.php(1089): CodeIgniter\View\View->render()
#4 /var/www/ava/app/Controllers/Auth.php(34): view()
#5 /var/www/ava/system/CodeIgniter.php(832): App\Controllers\Auth->index()
#6 /var/www/ava/system/CodeIgniter.php(419): CodeIgniter\CodeIgniter->runController()
#7 /var/www/ava/system/CodeIgniter.php(326): CodeIgniter\CodeIgniter->handleRequest()
#8 /var/www/ava/public/index.php(37): CodeIgniter\CodeIgniter->run()
#9 {main}
CRITICAL - 2022-03-13 06:45:11 --> syntax error, unexpected token "echo", expecting "]"
#0 /var/www/ava/system/Autoloader/Autoloader.php(241): CodeIgniter\Autoloader\Autoloader->includeFile()
#1 /var/www/ava/system/Autoloader/Autoloader.php(219): CodeIgniter\Autoloader\Autoloader->loadInNamespace()
#2 [internal function]: CodeIgniter\Autoloader\Autoloader->loadClass()
#3 /var/www/ava/system/CodeIgniter.php(797): class_exists()
#4 /var/www/ava/system/CodeIgniter.php(406): CodeIgniter\CodeIgniter->startController()
#5 /var/www/ava/system/CodeIgniter.php(326): CodeIgniter\CodeIgniter->handleRequest()
#6 /var/www/ava/public/index.php(37): CodeIgniter\CodeIgniter->run()
#7 {main}
CRITICAL - 2022-03-13 06:45:32 --> Undefined variable $userInfo
#0 /var/www/ava/app/Views/profile.php(9): CodeIgniter\Debug\Exceptions->errorHandler()
#1 /var/www/ava/system/View/View.php(210): include('...')
#2 /var/www/ava/system/View/View.php(213): CodeIgniter\View\View->CodeIgniter\View\{closure}()
#3 /var/www/ava/system/Common.php(1089): CodeIgniter\View\View->render()
#4 /var/www/ava/app/Controllers/Auth.php(34): view()
#5 /var/www/ava/system/CodeIgniter.php(832): App\Controllers\Auth->index()
#6 /var/www/ava/system/CodeIgniter.php(419): CodeIgniter\CodeIgniter->runController()
#7 /var/www/ava/system/CodeIgniter.php(326): CodeIgniter\CodeIgniter->handleRequest()
#8 /var/www/ava/public/index.php(37): CodeIgniter\CodeIgniter->run()
#9 {main}
CRITICAL - 2022-03-13 06:45:37 --> Undefined variable $userInfo
#0 /var/www/ava/app/Views/profile.php(9): CodeIgniter\Debug\Exceptions->errorHandler()
#1 /var/www/ava/system/View/View.php(210): include('...')
#2 /var/www/ava/system/View/View.php(213): CodeIgniter\View\View->CodeIgniter\View\{closure}()
#3 /var/www/ava/system/Common.php(1089): CodeIgniter\View\View->render()
#4 /var/www/ava/app/Controllers/Auth.php(34): view()
#5 /var/www/ava/system/CodeIgniter.php(832): App\Controllers\Auth->index()
#6 /var/www/ava/system/CodeIgniter.php(419): CodeIgniter\CodeIgniter->runController()
#7 /var/www/ava/system/CodeIgniter.php(326): CodeIgniter\CodeIgniter->handleRequest()
#8 /var/www/ava/public/index.php(37): CodeIgniter\CodeIgniter->run()
#9 {main}
CRITICAL - 2022-03-13 20:48:47 --> Undefined variable $data
#0 /var/www/ava/app/Controllers/Home.php(54): CodeIgniter\Debug\Exceptions->errorHandler()
#1 /var/www/ava/system/CodeIgniter.php(832): App\Controllers\Home->lista_alunos()
#2 /var/www/ava/system/CodeIgniter.php(419): CodeIgniter\CodeIgniter->runController()
#3 /var/www/ava/system/CodeIgniter.php(326): CodeIgniter\CodeIgniter->handleRequest()
#4 /var/www/ava/public/index.php(37): CodeIgniter\CodeIgniter->run()
#5 {main}
