CRITICAL - 2022-02-28 17:15:00 --> Call to undefined function set_value()
#0 /var/www/ava/system/View/View.php(210): include()
#1 /var/www/ava/system/View/View.php(213): CodeIgniter\View\View->CodeIgniter\View\{closure}()
#2 /var/www/ava/system/Common.php(1089): CodeIgniter\View\View->render()
#3 /var/www/ava/app/Controllers/Auth.php(9): view()
#4 /var/www/ava/system/CodeIgniter.php(832): App\Controllers\Auth->index()
#5 /var/www/ava/system/CodeIgniter.php(419): CodeIgniter\CodeIgniter->runController()
#6 /var/www/ava/system/CodeIgniter.php(326): CodeIgniter\CodeIgniter->handleRequest()
#7 /var/www/ava/public/index.php(37): CodeIgniter\CodeIgniter->run()
#8 {main}
CRITICAL - 2022-02-28 17:24:08 --> Call to undefined function set_value()
#0 /var/www/ava/system/View/View.php(210): include()
#1 /var/www/ava/system/View/View.php(213): CodeIgniter\View\View->CodeIgniter\View\{closure}()
#2 /var/www/ava/system/Common.php(1089): CodeIgniter\View\View->render()
#3 /var/www/ava/app/Controllers/Auth.php(14): view()
#4 /var/www/ava/system/CodeIgniter.php(832): App\Controllers\Auth->register()
#5 /var/www/ava/system/CodeIgniter.php(419): CodeIgniter\CodeIgniter->runController()
#6 /var/www/ava/system/CodeIgniter.php(326): CodeIgniter\CodeIgniter->handleRequest()
#7 /var/www/ava/public/index.php(37): CodeIgniter\CodeIgniter->run()
#8 {main}
CRITICAL - 2022-02-28 17:38:22 --> Call to undefined function csrf_fields()
#0 /var/www/ava/system/View/View.php(210): include()
#1 /var/www/ava/system/View/View.php(213): CodeIgniter\View\View->CodeIgniter\View\{closure}()
#2 /var/www/ava/system/Common.php(1089): CodeIgniter\View\View->render()
#3 /var/www/ava/app/Controllers/Auth.php(14): view()
#4 /var/www/ava/system/CodeIgniter.php(832): App\Controllers\Auth->register()
#5 /var/www/ava/system/CodeIgniter.php(419): CodeIgniter\CodeIgniter->runController()
#6 /var/www/ava/system/CodeIgniter.php(326): CodeIgniter\CodeIgniter->handleRequest()
#7 /var/www/ava/public/index.php(37): CodeIgniter\CodeIgniter->run()
#8 {main}
CRITICAL - 2022-02-28 18:11:24 --> strpos(): Argument #3 ($offset) must be contained in argument #1 ($haystack)
#0 /var/www/ava/system/Validation/Validation.php(724): strpos()
#1 /var/www/ava/system/Validation/Validation.php(138): CodeIgniter\Validation\Validation->splitRules()
#2 /var/www/ava/system/Controller.php(160): CodeIgniter\Validation\Validation->run()
#3 /var/www/ava/app/Controllers/Auth.php(23): CodeIgniter\Controller->validate()
#4 /var/www/ava/system/CodeIgniter.php(832): App\Controllers\Auth->save()
#5 /var/www/ava/system/CodeIgniter.php(419): CodeIgniter\CodeIgniter->runController()
#6 /var/www/ava/system/CodeIgniter.php(326): CodeIgniter\CodeIgniter->handleRequest()
#7 /var/www/ava/public/index.php(37): CodeIgniter\CodeIgniter->run()
#8 {main}
CRITICAL - 2022-02-28 18:14:04 --> Undefined variable $validation
#0 /var/www/ava/app/Views/auth/register.php(12): CodeIgniter\Debug\Exceptions->errorHandler()
#1 /var/www/ava/system/View/View.php(210): include('...')
#2 /var/www/ava/system/View/View.php(213): CodeIgniter\View\View->CodeIgniter\View\{closure}()
#3 /var/www/ava/system/Common.php(1089): CodeIgniter\View\View->render()
#4 /var/www/ava/app/Controllers/Auth.php(16): view()
#5 /var/www/ava/system/CodeIgniter.php(832): App\Controllers\Auth->register()
#6 /var/www/ava/system/CodeIgniter.php(419): CodeIgniter\CodeIgniter->runController()
#7 /var/www/ava/system/CodeIgniter.php(326): CodeIgniter\CodeIgniter->handleRequest()
#8 /var/www/ava/public/index.php(37): CodeIgniter\CodeIgniter->run()
#9 {main}
CRITICAL - 2022-02-28 18:14:09 --> Undefined variable $validation
#0 /var/www/ava/app/Views/auth/register.php(12): CodeIgniter\Debug\Exceptions->errorHandler()
#1 /var/www/ava/system/View/View.php(210): include('...')
#2 /var/www/ava/system/View/View.php(213): CodeIgniter\View\View->CodeIgniter\View\{closure}()
#3 /var/www/ava/system/Common.php(1089): CodeIgniter\View\View->render()
#4 /var/www/ava/app/Controllers/Auth.php(16): view()
#5 /var/www/ava/system/CodeIgniter.php(832): App\Controllers\Auth->register()
#6 /var/www/ava/system/CodeIgniter.php(419): CodeIgniter\CodeIgniter->runController()
#7 /var/www/ava/system/CodeIgniter.php(326): CodeIgniter\CodeIgniter->handleRequest()
#8 /var/www/ava/public/index.php(37): CodeIgniter\CodeIgniter->run()
#9 {main}
CRITICAL - 2022-02-28 18:14:56 --> syntax error, unexpected token ";"
#0 /var/www/ava/system/View/View.php(213): CodeIgniter\View\View->CodeIgniter\View\{closure}()
#1 /var/www/ava/system/Common.php(1089): CodeIgniter\View\View->render()
#2 /var/www/ava/app/Controllers/Auth.php(16): view()
#3 /var/www/ava/system/CodeIgniter.php(832): App\Controllers\Auth->register()
#4 /var/www/ava/system/CodeIgniter.php(419): CodeIgniter\CodeIgniter->runController()
#5 /var/www/ava/system/CodeIgniter.php(326): CodeIgniter\CodeIgniter->handleRequest()
#6 /var/www/ava/public/index.php(37): CodeIgniter\CodeIgniter->run()
#7 {main}
CRITICAL - 2022-02-28 18:15:13 --> strpos(): Argument #3 ($offset) must be contained in argument #1 ($haystack)
#0 /var/www/ava/system/Validation/Validation.php(724): strpos()
#1 /var/www/ava/system/Validation/Validation.php(138): CodeIgniter\Validation\Validation->splitRules()
#2 /var/www/ava/system/Controller.php(160): CodeIgniter\Validation\Validation->run()
#3 /var/www/ava/app/Controllers/Auth.php(23): CodeIgniter\Controller->validate()
#4 /var/www/ava/system/CodeIgniter.php(832): App\Controllers\Auth->save()
#5 /var/www/ava/system/CodeIgniter.php(419): CodeIgniter\CodeIgniter->runController()
#6 /var/www/ava/system/CodeIgniter.php(326): CodeIgniter\CodeIgniter->handleRequest()
#7 /var/www/ava/public/index.php(37): CodeIgniter\CodeIgniter->run()
#8 {main}
