CRITICAL - 2022-03-10 17:49:17 --> Undefined array key "password"
#0 /var/www/ava/app/Controllers/Auth.php(160): CodeIgniter\Debug\Exceptions->errorHandler()
#1 /var/www/ava/system/CodeIgniter.php(832): App\Controllers\Auth->check()
#2 /var/www/ava/system/CodeIgniter.php(419): CodeIgniter\CodeIgniter->runController()
#3 /var/www/ava/system/CodeIgniter.php(326): CodeIgniter\CodeIgniter->handleRequest()
#4 /var/www/ava/public/index.php(37): CodeIgniter\CodeIgniter->run()
#5 {main}
ERROR - 2022-03-10 18:07:22 --> Table 'users' already exists
CRITICAL - 2022-03-10 18:20:00 --> Trying to access array offset on value of type null
#0 /var/www/ava/app/Views/dashboard.php(6): CodeIgniter\Debug\Exceptions->errorHandler()
#1 /var/www/ava/system/View/View.php(210): include('...')
#2 /var/www/ava/system/View/View.php(213): CodeIgniter\View\View->CodeIgniter\View\{closure}()
#3 /var/www/ava/system/Common.php(1089): CodeIgniter\View\View->render()
#4 /var/www/ava/app/Controllers/Home.php(32): view()
#5 /var/www/ava/system/CodeIgniter.php(832): App\Controllers\Home->logado()
#6 /var/www/ava/system/CodeIgniter.php(419): CodeIgniter\CodeIgniter->runController()
#7 /var/www/ava/system/CodeIgniter.php(326): CodeIgniter\CodeIgniter->handleRequest()
#8 /var/www/ava/public/index.php(37): CodeIgniter\CodeIgniter->run()
#9 {main}
ERROR - 2022-03-10 18:23:49 --> You have an error in your SQL syntax; check the manual that corresponds to your MariaDB server version for the right syntax to use near ':1: '123456': '123456': '': 1: '0000-00-00 00:00:00': '0000-00-00 00:00:00')' at line 1
ERROR - 2022-03-10 18:24:08 --> You have an error in your SQL syntax; check the manual that corresponds to your MariaDB server version for the right syntax to use near ':1: '123456': '123456': '': 1: '0000-00-00 00:00:00': '0000-00-00 00:00:00')' at line 1
ERROR - 2022-03-10 18:33:15 --> Table 'users' already exists
